[1.069s] Invoking command in '/home/lin/drone/src/pythonpkg': PYTHONPATH=/home/lin/drone/src/build/pythonpkg/prefix_override:/home/lin/drone/src/install/pythonpkg/lib/python3.8/site-packages:${PYTHONPATH} /usr/bin/python3 setup.py egg_info --egg-base ../build/pythonpkg build --build-base /home/lin/drone/src/build/pythonpkg/build install --record /home/lin/drone/src/build/pythonpkg/install.log --install-scripts $base/lib/pythonpkg --single-version-externally-managed
[1.276s] running egg_info
[1.277s] creating ../build/pythonpkg/pythonpkg.egg-info
[1.277s] writing ../build/pythonpkg/pythonpkg.egg-info/PKG-INFO
[1.278s] writing dependency_links to ../build/pythonpkg/pythonpkg.egg-info/dependency_links.txt
[1.278s] writing entry points to ../build/pythonpkg/pythonpkg.egg-info/entry_points.txt
[1.278s] writing requirements to ../build/pythonpkg/pythonpkg.egg-info/requires.txt
[1.278s] writing top-level names to ../build/pythonpkg/pythonpkg.egg-info/top_level.txt
[1.279s] writing manifest file '../build/pythonpkg/pythonpkg.egg-info/SOURCES.txt'
[1.309s] reading manifest file '../build/pythonpkg/pythonpkg.egg-info/SOURCES.txt'
[1.309s] writing manifest file '../build/pythonpkg/pythonpkg.egg-info/SOURCES.txt'
[1.310s] running build
[1.310s] running build_py
[1.310s] creating /home/lin/drone/src/build/pythonpkg/build
[1.310s] creating /home/lin/drone/src/build/pythonpkg/build/lib
[1.310s] creating /home/lin/drone/src/build/pythonpkg/build/lib/pythonpkg
[1.310s] copying pythonpkg/__init__.py -> /home/lin/drone/src/build/pythonpkg/build/lib/pythonpkg
[1.310s] copying pythonpkg/flight_controller_node.py -> /home/lin/drone/src/build/pythonpkg/build/lib/pythonpkg
[1.310s] copying pythonpkg/camera_node.py -> /home/lin/drone/src/build/pythonpkg/build/lib/pythonpkg
[1.310s] copying pythonpkg/husky_imu_node.py -> /home/lin/drone/src/build/pythonpkg/build/lib/pythonpkg
[1.311s] copying pythonpkg/emergency_breake_node.py -> /home/lin/drone/src/build/pythonpkg/build/lib/pythonpkg
[1.311s] running install
[1.311s] running install_lib
[1.312s] creating /home/lin/drone/src/install/pythonpkg/lib/python3.8/site-packages/pythonpkg
[1.312s] copying /home/lin/drone/src/build/pythonpkg/build/lib/pythonpkg/__init__.py -> /home/lin/drone/src/install/pythonpkg/lib/python3.8/site-packages/pythonpkg
[1.312s] copying /home/lin/drone/src/build/pythonpkg/build/lib/pythonpkg/flight_controller_node.py -> /home/lin/drone/src/install/pythonpkg/lib/python3.8/site-packages/pythonpkg
[1.313s] copying /home/lin/drone/src/build/pythonpkg/build/lib/pythonpkg/camera_node.py -> /home/lin/drone/src/install/pythonpkg/lib/python3.8/site-packages/pythonpkg
[1.313s] copying /home/lin/drone/src/build/pythonpkg/build/lib/pythonpkg/husky_imu_node.py -> /home/lin/drone/src/install/pythonpkg/lib/python3.8/site-packages/pythonpkg
[1.313s] copying /home/lin/drone/src/build/pythonpkg/build/lib/pythonpkg/emergency_breake_node.py -> /home/lin/drone/src/install/pythonpkg/lib/python3.8/site-packages/pythonpkg
[1.313s] byte-compiling /home/lin/drone/src/install/pythonpkg/lib/python3.8/site-packages/pythonpkg/__init__.py to __init__.cpython-38.pyc
[1.314s] byte-compiling /home/lin/drone/src/install/pythonpkg/lib/python3.8/site-packages/pythonpkg/flight_controller_node.py to flight_controller_node.cpython-38.pyc
[1.315s] byte-compiling /home/lin/drone/src/install/pythonpkg/lib/python3.8/site-packages/pythonpkg/camera_node.py to camera_node.cpython-38.pyc
[1.315s] byte-compiling /home/lin/drone/src/install/pythonpkg/lib/python3.8/site-packages/pythonpkg/husky_imu_node.py to husky_imu_node.cpython-38.pyc
[1.315s] byte-compiling /home/lin/drone/src/install/pythonpkg/lib/python3.8/site-packages/pythonpkg/emergency_breake_node.py to emergency_breake_node.cpython-38.pyc
[1.315s] running install_data
[1.316s] creating /home/lin/drone/src/install/pythonpkg/share/ament_index
[1.316s] creating /home/lin/drone/src/install/pythonpkg/share/ament_index/resource_index
[1.316s] creating /home/lin/drone/src/install/pythonpkg/share/ament_index/resource_index/packages
[1.316s] copying resource/pythonpkg -> /home/lin/drone/src/install/pythonpkg/share/ament_index/resource_index/packages
[1.316s] copying package.xml -> /home/lin/drone/src/install/pythonpkg/share/pythonpkg
[1.316s] running install_egg_info
[1.318s] Copying ../build/pythonpkg/pythonpkg.egg-info to /home/lin/drone/src/install/pythonpkg/lib/python3.8/site-packages/pythonpkg-0.0.0-py3.8.egg-info
[1.319s] running install_scripts
[1.337s] Installing camera_node script to /home/lin/drone/src/install/pythonpkg/lib/pythonpkg
[1.337s] Installing flight_controller_node script to /home/lin/drone/src/install/pythonpkg/lib/pythonpkg
[1.337s] writing list of installed files to '/home/lin/drone/src/build/pythonpkg/install.log'
[1.368s] Invoked command in '/home/lin/drone/src/pythonpkg' returned '0': PYTHONPATH=/home/lin/drone/src/build/pythonpkg/prefix_override:/home/lin/drone/src/install/pythonpkg/lib/python3.8/site-packages:${PYTHONPATH} /usr/bin/python3 setup.py egg_info --egg-base ../build/pythonpkg build --build-base /home/lin/drone/src/build/pythonpkg/build install --record /home/lin/drone/src/build/pythonpkg/install.log --install-scripts $base/lib/pythonpkg --single-version-externally-managed
