[1.989s] DEBUG:colcon:Command line arguments: ['/usr/bin/colcon', 'build']
[1.989s] DEBUG:colcon:Parsed command line arguments: Namespace(allow_overriding=[], ament_cmake_args=None, base_paths=['.'], build_base='build', catkin_cmake_args=None, catkin_skip_building_tests=False, cmake_args=None, cmake_clean_cache=False, cmake_clean_first=False, cmake_force_configure=False, cmake_target=None, cmake_target_skip_unavailable=False, continue_on_error=False, event_handlers=None, executor='parallel', ignore_user_meta=False, install_base='install', log_base=None, log_level=None, main=<bound method BuildVerb.main of <colcon_core.verb.build.BuildVerb object at 0x7f8a02e4ac40>>, merge_install=False, metas=['./colcon.meta'], packages_above=None, packages_above_and_dependencies=None, packages_above_depth=None, packages_end=None, packages_ignore=None, packages_ignore_regex=None, packages_select=None, packages_select_build_failed=False, packages_select_by_dep=None, packages_select_regex=None, packages_select_test_failures=False, packages_skip=None, packages_skip_build_finished=False, packages_skip_by_dep=None, packages_skip_regex=None, packages_skip_test_passed=False, packages_skip_up_to=None, packages_start=None, packages_up_to=None, packages_up_to_regex=None, parallel_workers=4, paths=None, symlink_install=False, test_result_base=None, verb_extension=<colcon_core.verb.build.BuildVerb object at 0x7f8a02e4ac40>, verb_name='build', verb_parser=<colcon_defaults.argument_parser.defaults.DefaultArgumentsDecorator object at 0x7f8a02e573d0>)
[2.084s] Level 1:colcon.colcon_core.package_discovery:discover_packages(colcon_meta) check parameters
[2.084s] Level 1:colcon.colcon_core.package_discovery:discover_packages(recursive) check parameters
[2.084s] Level 1:colcon.colcon_core.package_discovery:discover_packages(ignore) check parameters
[2.084s] Level 1:colcon.colcon_core.package_discovery:discover_packages(path) check parameters
[2.084s] Level 1:colcon.colcon_core.package_discovery:discover_packages(colcon_meta) discover
[2.084s] Level 1:colcon.colcon_core.package_discovery:discover_packages(recursive) discover
[2.085s] INFO:colcon.colcon_core.package_discovery:Crawling recursively for packages in '/home/lin/drone/src'
[2.085s] Level 1:colcon.colcon_core.package_identification:_identify(.) by extensions ['ignore', 'ignore_ament_install']
[2.085s] Level 1:colcon.colcon_core.package_identification:_identify(.) by extension 'ignore'
[2.085s] Level 1:colcon.colcon_core.package_identification:_identify(.) by extension 'ignore_ament_install'
[2.085s] Level 1:colcon.colcon_core.package_identification:_identify(.) by extensions ['colcon_pkg']
[2.085s] Level 1:colcon.colcon_core.package_identification:_identify(.) by extension 'colcon_pkg'
[2.085s] Level 1:colcon.colcon_core.package_identification:_identify(.) by extensions ['colcon_meta']
[2.085s] Level 1:colcon.colcon_core.package_identification:_identify(.) by extension 'colcon_meta'
[2.085s] Level 1:colcon.colcon_core.package_identification:_identify(.) by extensions ['ros']
[2.085s] Level 1:colcon.colcon_core.package_identification:_identify(.) by extension 'ros'
[2.097s] Level 1:colcon.colcon_core.package_identification:_identify(.) by extensions ['cmake', 'python']
[2.097s] Level 1:colcon.colcon_core.package_identification:_identify(.) by extension 'cmake'
[2.097s] Level 1:colcon.colcon_core.package_identification:_identify(.) by extension 'python'
[2.097s] Level 1:colcon.colcon_core.package_identification:_identify(.) by extensions ['python_setup_py']
[2.097s] Level 1:colcon.colcon_core.package_identification:_identify(.) by extension 'python_setup_py'
[2.098s] Level 1:colcon.colcon_core.package_identification:_identify(build) by extensions ['ignore', 'ignore_ament_install']
[2.098s] Level 1:colcon.colcon_core.package_identification:_identify(build) by extension 'ignore'
[2.098s] Level 1:colcon.colcon_core.package_identification:_identify(build) ignored
[2.098s] Level 1:colcon.colcon_core.package_identification:_identify(cpppkg) by extensions ['ignore', 'ignore_ament_install']
[2.098s] Level 1:colcon.colcon_core.package_identification:_identify(cpppkg) by extension 'ignore'
[2.098s] Level 1:colcon.colcon_core.package_identification:_identify(cpppkg) by extension 'ignore_ament_install'
[2.098s] Level 1:colcon.colcon_core.package_identification:_identify(cpppkg) by extensions ['colcon_pkg']
[2.098s] Level 1:colcon.colcon_core.package_identification:_identify(cpppkg) by extension 'colcon_pkg'
[2.098s] Level 1:colcon.colcon_core.package_identification:_identify(cpppkg) by extensions ['colcon_meta']
[2.098s] Level 1:colcon.colcon_core.package_identification:_identify(cpppkg) by extension 'colcon_meta'
[2.098s] Level 1:colcon.colcon_core.package_identification:_identify(cpppkg) by extensions ['ros']
[2.098s] Level 1:colcon.colcon_core.package_identification:_identify(cpppkg) by extension 'ros'
[2.101s] DEBUG:colcon.colcon_core.package_identification:Package 'cpppkg' with type 'ros.ament_cmake' and name 'cpppkg'
[2.101s] Level 1:colcon.colcon_core.package_identification:_identify(install) by extensions ['ignore', 'ignore_ament_install']
[2.101s] Level 1:colcon.colcon_core.package_identification:_identify(install) by extension 'ignore'
[2.101s] Level 1:colcon.colcon_core.package_identification:_identify(install) ignored
[2.101s] Level 1:colcon.colcon_core.package_identification:_identify(log) by extensions ['ignore', 'ignore_ament_install']
[2.101s] Level 1:colcon.colcon_core.package_identification:_identify(log) by extension 'ignore'
[2.101s] Level 1:colcon.colcon_core.package_identification:_identify(log) ignored
[2.101s] Level 1:colcon.colcon_core.package_identification:_identify(pythonpkg) by extensions ['ignore', 'ignore_ament_install']
[2.101s] Level 1:colcon.colcon_core.package_identification:_identify(pythonpkg) by extension 'ignore'
[2.102s] Level 1:colcon.colcon_core.package_identification:_identify(pythonpkg) by extension 'ignore_ament_install'
[2.102s] Level 1:colcon.colcon_core.package_identification:_identify(pythonpkg) by extensions ['colcon_pkg']
[2.102s] Level 1:colcon.colcon_core.package_identification:_identify(pythonpkg) by extension 'colcon_pkg'
[2.102s] Level 1:colcon.colcon_core.package_identification:_identify(pythonpkg) by extensions ['colcon_meta']
[2.102s] Level 1:colcon.colcon_core.package_identification:_identify(pythonpkg) by extension 'colcon_meta'
[2.102s] Level 1:colcon.colcon_core.package_identification:_identify(pythonpkg) by extensions ['ros']
[2.102s] Level 1:colcon.colcon_core.package_identification:_identify(pythonpkg) by extension 'ros'
[2.102s] DEBUG:colcon.colcon_core.package_identification:Package 'pythonpkg' with type 'ros.ament_python' and name 'pythonpkg'
[2.102s] Level 1:colcon.colcon_core.package_discovery:discover_packages(recursive) using defaults
[2.102s] Level 1:colcon.colcon_core.package_discovery:discover_packages(ignore) discover
[2.102s] Level 1:colcon.colcon_core.package_discovery:discover_packages(ignore) using defaults
[2.102s] Level 1:colcon.colcon_core.package_discovery:discover_packages(path) discover
[2.103s] Level 1:colcon.colcon_core.package_discovery:discover_packages(path) using defaults
[2.283s] Level 1:colcon.colcon_core.package_discovery:discover_packages(prefix_path) check parameters
[2.283s] Level 1:colcon.colcon_core.package_discovery:discover_packages(prefix_path) discover
[2.350s] DEBUG:colcon.colcon_installed_package_information.package_discovery:Found 2 installed packages in /home/lin/drone/install
[2.391s] DEBUG:colcon.colcon_installed_package_information.package_discovery:Found 1 installed packages in /home/lin/ros/install
[2.426s] DEBUG:colcon.colcon_installed_package_information.package_discovery:Found 1 installed packages in /home/lin/ros/src/install
[2.459s] DEBUG:colcon.colcon_installed_package_information.package_discovery:Found 2 installed packages in /home/lin/drone/src/install
[2.493s] DEBUG:colcon.colcon_installed_package_information.package_discovery:Found 256 installed packages in /opt/ros/foxy
[2.494s] Level 1:colcon.colcon_core.package_discovery:discover_packages(prefix_path) using defaults
[2.656s] Level 5:colcon.colcon_core.verb:set package 'cpppkg' build argument 'cmake_args' from command line to 'None'
[2.656s] Level 5:colcon.colcon_core.verb:set package 'cpppkg' build argument 'cmake_target' from command line to 'None'
[2.657s] Level 5:colcon.colcon_core.verb:set package 'cpppkg' build argument 'cmake_target_skip_unavailable' from command line to 'False'
[2.657s] Level 5:colcon.colcon_core.verb:set package 'cpppkg' build argument 'cmake_clean_cache' from command line to 'False'
[2.657s] Level 5:colcon.colcon_core.verb:set package 'cpppkg' build argument 'cmake_clean_first' from command line to 'False'
[2.657s] Level 5:colcon.colcon_core.verb:set package 'cpppkg' build argument 'cmake_force_configure' from command line to 'False'
[2.657s] Level 5:colcon.colcon_core.verb:set package 'cpppkg' build argument 'ament_cmake_args' from command line to 'None'
[2.657s] Level 5:colcon.colcon_core.verb:set package 'cpppkg' build argument 'catkin_cmake_args' from command line to 'None'
[2.657s] Level 5:colcon.colcon_core.verb:set package 'cpppkg' build argument 'catkin_skip_building_tests' from command line to 'False'
[2.657s] DEBUG:colcon.colcon_core.verb:Building package 'cpppkg' with the following arguments: {'ament_cmake_args': None, 'build_base': '/home/lin/drone/src/build/cpppkg', 'catkin_cmake_args': None, 'catkin_skip_building_tests': False, 'cmake_args': None, 'cmake_clean_cache': False, 'cmake_clean_first': False, 'cmake_force_configure': False, 'cmake_target': None, 'cmake_target_skip_unavailable': False, 'install_base': '/home/lin/drone/src/install/cpppkg', 'merge_install': False, 'path': '/home/lin/drone/src/cpppkg', 'symlink_install': False, 'test_result_base': None}
[2.699s] Level 5:colcon.colcon_core.verb:set package 'pythonpkg' build argument 'cmake_args' from command line to 'None'
[2.699s] Level 5:colcon.colcon_core.verb:set package 'pythonpkg' build argument 'cmake_target' from command line to 'None'
[2.699s] Level 5:colcon.colcon_core.verb:set package 'pythonpkg' build argument 'cmake_target_skip_unavailable' from command line to 'False'
[2.699s] Level 5:colcon.colcon_core.verb:set package 'pythonpkg' build argument 'cmake_clean_cache' from command line to 'False'
[2.699s] Level 5:colcon.colcon_core.verb:set package 'pythonpkg' build argument 'cmake_clean_first' from command line to 'False'
[2.699s] Level 5:colcon.colcon_core.verb:set package 'pythonpkg' build argument 'cmake_force_configure' from command line to 'False'
[2.699s] Level 5:colcon.colcon_core.verb:set package 'pythonpkg' build argument 'ament_cmake_args' from command line to 'None'
[2.699s] Level 5:colcon.colcon_core.verb:set package 'pythonpkg' build argument 'catkin_cmake_args' from command line to 'None'
[2.699s] Level 5:colcon.colcon_core.verb:set package 'pythonpkg' build argument 'catkin_skip_building_tests' from command line to 'False'
[2.699s] DEBUG:colcon.colcon_core.verb:Building package 'pythonpkg' with the following arguments: {'ament_cmake_args': None, 'build_base': '/home/lin/drone/src/build/pythonpkg', 'catkin_cmake_args': None, 'catkin_skip_building_tests': False, 'cmake_args': None, 'cmake_clean_cache': False, 'cmake_clean_first': False, 'cmake_force_configure': False, 'cmake_target': None, 'cmake_target_skip_unavailable': False, 'install_base': '/home/lin/drone/src/install/pythonpkg', 'merge_install': False, 'path': '/home/lin/drone/src/pythonpkg', 'symlink_install': False, 'test_result_base': None}
[2.738s] INFO:colcon.colcon_core.executor:Executing jobs using 'parallel' executor
[2.775s] DEBUG:colcon.colcon_parallel_executor.executor.parallel:run_until_complete
[2.775s] INFO:colcon.colcon_ros.task.ament_cmake.build:Building ROS package in '/home/lin/drone/src/cpppkg' with build type 'ament_cmake'
[2.776s] INFO:colcon.colcon_cmake.task.cmake.build:Building CMake package in '/home/lin/drone/src/cpppkg'
[2.819s] INFO:colcon.colcon_core.plugin_system:Skipping extension 'colcon_core.shell.bat': Not used on non-Windows systems
[2.819s] INFO:colcon.colcon_core.shell:Skip shell extension 'powershell' for command environment: Not usable outside of PowerShell
[2.819s] DEBUG:colcon.colcon_core.shell:Skip shell extension 'dsv' for command environment
[3.072s] INFO:colcon.colcon_ros.task.ament_python.build:Building ROS package in '/home/lin/drone/src/pythonpkg' with build type 'ament_python'
[3.073s] Level 1:colcon.colcon_core.shell:create_environment_hook('pythonpkg', 'ament_prefix_path')
[3.136s] INFO:colcon.colcon_core.shell:Creating environment hook '/home/lin/drone/src/install/pythonpkg/share/pythonpkg/hook/ament_prefix_path.ps1'
[3.137s] INFO:colcon.colcon_core.shell:Creating environment descriptor '/home/lin/drone/src/install/pythonpkg/share/pythonpkg/hook/ament_prefix_path.dsv'
[3.138s] INFO:colcon.colcon_core.shell:Creating environment hook '/home/lin/drone/src/install/pythonpkg/share/pythonpkg/hook/ament_prefix_path.sh'
[3.174s] INFO:colcon.colcon_core.shell:Skip shell extension 'powershell' for command environment: Not usable outside of PowerShell
[3.174s] DEBUG:colcon.colcon_core.shell:Skip shell extension 'dsv' for command environment
[3.406s] DEBUG:colcon.colcon_core.event_handler.log_command:Invoking command in '/home/lin/drone/src/build/cpppkg': CMAKE_PREFIX_PATH=${CMAKE_PREFIX_PATH}:/home/lin/drone/src/install/pythonpkg:/home/lin/drone/install/pythonpkg:/home/lin/ros/install/pypkg:/home/lin/ros/src/install/pypkg:/opt/ros/foxy /usr/bin/cmake --build /home/lin/drone/src/build/cpppkg -- -j4 -l4
[3.655s] INFO:colcon.colcon_core.task.python.build:Building Python package in '/home/lin/drone/src/pythonpkg'
[3.693s] INFO:colcon.colcon_core.shell:Skip shell extension 'powershell' for command environment: Not usable outside of PowerShell
[3.693s] DEBUG:colcon.colcon_core.shell:Skip shell extension 'dsv' for command environment
[4.343s] DEBUG:colcon.colcon_core.event_handler.log_command:Invoking command in '/home/lin/drone/src/pythonpkg': PYTHONPATH=/home/lin/drone/src/build/pythonpkg/prefix_override:/home/lin/drone/src/install/pythonpkg/lib/python3.8/site-packages:${PYTHONPATH} /usr/bin/python3 setup.py egg_info --egg-base ../build/pythonpkg build --build-base /home/lin/drone/src/build/pythonpkg/build install --record /home/lin/drone/src/build/pythonpkg/install.log --install-scripts $base/lib/pythonpkg --single-version-externally-managed
[4.685s] DEBUG:colcon.colcon_core.event_handler.log_command:Invoked command in '/home/lin/drone/src/pythonpkg' returned '0': PYTHONPATH=/home/lin/drone/src/build/pythonpkg/prefix_override:/home/lin/drone/src/install/pythonpkg/lib/python3.8/site-packages:${PYTHONPATH} /usr/bin/python3 setup.py egg_info --egg-base ../build/pythonpkg build --build-base /home/lin/drone/src/build/pythonpkg/build install --record /home/lin/drone/src/build/pythonpkg/install.log --install-scripts $base/lib/pythonpkg --single-version-externally-managed
[4.723s] Level 1:colcon.colcon_core.environment:checking '/home/lin/drone/src/install/pythonpkg' for CMake module files
[4.723s] Level 1:colcon.colcon_core.environment:checking '/home/lin/drone/src/install/pythonpkg' for CMake config files
[4.724s] Level 1:colcon.colcon_core.environment:checking '/home/lin/drone/src/install/pythonpkg/lib'
[4.724s] Level 1:colcon.colcon_core.environment:checking '/home/lin/drone/src/install/pythonpkg/bin'
[4.724s] Level 1:colcon.colcon_core.environment:checking '/home/lin/drone/src/install/pythonpkg/lib/pkgconfig/pythonpkg.pc'
[4.725s] Level 1:colcon.colcon_core.environment:checking '/home/lin/drone/src/install/pythonpkg/lib/python3.8/site-packages'
[4.725s] Level 1:colcon.colcon_core.shell:create_environment_hook('pythonpkg', 'pythonpath')
[4.768s] INFO:colcon.colcon_core.shell:Creating environment hook '/home/lin/drone/src/install/pythonpkg/share/pythonpkg/hook/pythonpath.ps1'
[4.768s] INFO:colcon.colcon_core.shell:Creating environment descriptor '/home/lin/drone/src/install/pythonpkg/share/pythonpkg/hook/pythonpath.dsv'
[4.769s] INFO:colcon.colcon_core.shell:Creating environment hook '/home/lin/drone/src/install/pythonpkg/share/pythonpkg/hook/pythonpath.sh'
[4.769s] Level 1:colcon.colcon_core.environment:checking '/home/lin/drone/src/install/pythonpkg/bin'
[4.770s] Level 1:colcon.colcon_core.environment:create_environment_scripts_only(pythonpkg)
[4.812s] INFO:colcon.colcon_core.shell:Creating package script '/home/lin/drone/src/install/pythonpkg/share/pythonpkg/package.ps1'
[4.813s] INFO:colcon.colcon_core.shell:Creating package descriptor '/home/lin/drone/src/install/pythonpkg/share/pythonpkg/package.dsv'
[4.814s] INFO:colcon.colcon_core.shell:Creating package script '/home/lin/drone/src/install/pythonpkg/share/pythonpkg/package.sh'
[4.815s] INFO:colcon.colcon_core.shell:Creating package script '/home/lin/drone/src/install/pythonpkg/share/pythonpkg/package.bash'
[4.816s] INFO:colcon.colcon_core.shell:Creating package script '/home/lin/drone/src/install/pythonpkg/share/pythonpkg/package.zsh'
[4.817s] Level 1:colcon.colcon_core.environment:create_file_with_runtime_dependencies(/home/lin/drone/src/install/pythonpkg/share/colcon-core/packages/pythonpkg)
[8.418s] DEBUG:colcon.colcon_core.event_handler.log_command:Invoked command in '/home/lin/drone/src/build/cpppkg' returned '0': CMAKE_PREFIX_PATH=${CMAKE_PREFIX_PATH}:/home/lin/drone/src/install/pythonpkg:/home/lin/drone/install/pythonpkg:/home/lin/ros/install/pypkg:/home/lin/ros/src/install/pypkg:/opt/ros/foxy /usr/bin/cmake --build /home/lin/drone/src/build/cpppkg -- -j4 -l4
[8.462s] DEBUG:colcon.colcon_core.event_handler.log_command:Invoking command in '/home/lin/drone/src/build/cpppkg': CMAKE_PREFIX_PATH=${CMAKE_PREFIX_PATH}:/home/lin/drone/src/install/pythonpkg:/home/lin/drone/install/pythonpkg:/home/lin/ros/install/pypkg:/home/lin/ros/src/install/pypkg:/opt/ros/foxy /usr/bin/cmake --install /home/lin/drone/src/build/cpppkg
[8.476s] Level 1:colcon.colcon_core.environment:create_environment_scripts_only(cpppkg)
[8.477s] DEBUG:colcon.colcon_core.event_handler.log_command:Invoked command in '/home/lin/drone/src/build/cpppkg' returned '0': CMAKE_PREFIX_PATH=${CMAKE_PREFIX_PATH}:/home/lin/drone/src/install/pythonpkg:/home/lin/drone/install/pythonpkg:/home/lin/ros/install/pypkg:/home/lin/ros/src/install/pypkg:/opt/ros/foxy /usr/bin/cmake --install /home/lin/drone/src/build/cpppkg
[8.518s] Level 1:colcon.colcon_core.environment:checking '/home/lin/drone/src/install/cpppkg' for CMake module files
[8.518s] Level 1:colcon.colcon_core.environment:checking '/home/lin/drone/src/install/cpppkg' for CMake config files
[8.518s] Level 1:colcon.colcon_core.shell:create_environment_hook('cpppkg', 'cmake_prefix_path')
[8.555s] INFO:colcon.colcon_core.shell:Creating environment hook '/home/lin/drone/src/install/cpppkg/share/cpppkg/hook/cmake_prefix_path.ps1'
[8.556s] INFO:colcon.colcon_core.shell:Creating environment descriptor '/home/lin/drone/src/install/cpppkg/share/cpppkg/hook/cmake_prefix_path.dsv'
[8.556s] INFO:colcon.colcon_core.shell:Creating environment hook '/home/lin/drone/src/install/cpppkg/share/cpppkg/hook/cmake_prefix_path.sh'
[8.557s] Level 1:colcon.colcon_core.environment:checking '/home/lin/drone/src/install/cpppkg/lib'
[8.557s] Level 1:colcon.colcon_core.environment:checking '/home/lin/drone/src/install/cpppkg/bin'
[8.557s] Level 1:colcon.colcon_core.environment:checking '/home/lin/drone/src/install/cpppkg/lib/pkgconfig/cpppkg.pc'
[8.557s] Level 1:colcon.colcon_core.environment:checking '/home/lin/drone/src/install/cpppkg/lib/python3.8/site-packages'
[8.557s] Level 1:colcon.colcon_core.environment:checking '/home/lin/drone/src/install/cpppkg/bin'
[8.598s] INFO:colcon.colcon_core.shell:Creating package script '/home/lin/drone/src/install/cpppkg/share/cpppkg/package.ps1'
[8.599s] INFO:colcon.colcon_core.shell:Creating package descriptor '/home/lin/drone/src/install/cpppkg/share/cpppkg/package.dsv'
[8.599s] INFO:colcon.colcon_core.shell:Creating package script '/home/lin/drone/src/install/cpppkg/share/cpppkg/package.sh'
[8.600s] INFO:colcon.colcon_core.shell:Creating package script '/home/lin/drone/src/install/cpppkg/share/cpppkg/package.bash'
[8.600s] INFO:colcon.colcon_core.shell:Creating package script '/home/lin/drone/src/install/cpppkg/share/cpppkg/package.zsh'
[8.601s] Level 1:colcon.colcon_core.environment:create_file_with_runtime_dependencies(/home/lin/drone/src/install/cpppkg/share/colcon-core/packages/cpppkg)
[8.665s] Level 1:colcon.colcon_core.environment:create_environment_scripts_only(cpppkg)
[8.705s] Level 1:colcon.colcon_core.environment:checking '/home/lin/drone/src/install/cpppkg' for CMake module files
[8.706s] Level 1:colcon.colcon_core.environment:checking '/home/lin/drone/src/install/cpppkg' for CMake config files
[8.706s] Level 1:colcon.colcon_core.shell:create_environment_hook('cpppkg', 'cmake_prefix_path')
[8.740s] INFO:colcon.colcon_core.shell:Creating environment hook '/home/lin/drone/src/install/cpppkg/share/cpppkg/hook/cmake_prefix_path.ps1'
[8.741s] INFO:colcon.colcon_core.shell:Creating environment descriptor '/home/lin/drone/src/install/cpppkg/share/cpppkg/hook/cmake_prefix_path.dsv'
[8.741s] INFO:colcon.colcon_core.shell:Creating environment hook '/home/lin/drone/src/install/cpppkg/share/cpppkg/hook/cmake_prefix_path.sh'
[8.742s] Level 1:colcon.colcon_core.environment:checking '/home/lin/drone/src/install/cpppkg/lib'
[8.742s] Level 1:colcon.colcon_core.environment:checking '/home/lin/drone/src/install/cpppkg/bin'
[8.742s] Level 1:colcon.colcon_core.environment:checking '/home/lin/drone/src/install/cpppkg/lib/pkgconfig/cpppkg.pc'
[8.742s] Level 1:colcon.colcon_core.environment:checking '/home/lin/drone/src/install/cpppkg/lib/python3.8/site-packages'
[8.743s] Level 1:colcon.colcon_core.environment:checking '/home/lin/drone/src/install/cpppkg/bin'
[8.777s] INFO:colcon.colcon_core.shell:Creating package script '/home/lin/drone/src/install/cpppkg/share/cpppkg/package.ps1'
[8.778s] INFO:colcon.colcon_core.shell:Creating package descriptor '/home/lin/drone/src/install/cpppkg/share/cpppkg/package.dsv'
[8.779s] INFO:colcon.colcon_core.shell:Creating package script '/home/lin/drone/src/install/cpppkg/share/cpppkg/package.sh'
[8.779s] INFO:colcon.colcon_core.shell:Creating package script '/home/lin/drone/src/install/cpppkg/share/cpppkg/package.bash'
[8.780s] INFO:colcon.colcon_core.shell:Creating package script '/home/lin/drone/src/install/cpppkg/share/cpppkg/package.zsh'
[8.780s] Level 1:colcon.colcon_core.environment:create_file_with_runtime_dependencies(/home/lin/drone/src/install/cpppkg/share/colcon-core/packages/cpppkg)
[8.781s] DEBUG:colcon.colcon_parallel_executor.executor.parallel:closing loop
[8.781s] DEBUG:colcon.colcon_parallel_executor.executor.parallel:loop closed
[8.781s] DEBUG:colcon.colcon_parallel_executor.executor.parallel:run_until_complete finished with '0'
[8.781s] DEBUG:colcon.colcon_core.event_reactor:joining thread
[8.847s] INFO:colcon.colcon_core.plugin_system:Skipping extension 'colcon_notification.desktop_notification.terminal_notifier': Not used on non-Darwin systems
[8.847s] INFO:colcon.colcon_core.plugin_system:Skipping extension 'colcon_notification.desktop_notification.win32': Not used on non-Windows systems
[8.847s] INFO:colcon.colcon_notification.desktop_notification:Sending desktop notification using 'notify2'
[8.871s] DEBUG:colcon.colcon_core.event_reactor:joined thread
[8.935s] INFO:colcon.colcon_core.shell:Creating prefix script '/home/lin/drone/src/install/local_setup.ps1'
[8.939s] INFO:colcon.colcon_core.shell:Creating prefix util module '/home/lin/drone/src/install/_local_setup_util_ps1.py'
[8.941s] INFO:colcon.colcon_core.shell:Creating prefix chain script '/home/lin/drone/src/install/setup.ps1'
[9.012s] INFO:colcon.colcon_core.shell:Creating prefix script '/home/lin/drone/src/install/local_setup.sh'
[9.012s] INFO:colcon.colcon_core.shell:Creating prefix util module '/home/lin/drone/src/install/_local_setup_util_sh.py'
[9.013s] INFO:colcon.colcon_core.shell:Creating prefix chain script '/home/lin/drone/src/install/setup.sh'
[9.082s] INFO:colcon.colcon_core.shell:Creating prefix script '/home/lin/drone/src/install/local_setup.bash'
[9.082s] INFO:colcon.colcon_core.shell:Creating prefix chain script '/home/lin/drone/src/install/setup.bash'
[9.124s] INFO:colcon.colcon_core.shell:Creating prefix script '/home/lin/drone/src/install/local_setup.zsh'
[9.128s] INFO:colcon.colcon_core.shell:Creating prefix chain script '/home/lin/drone/src/install/setup.zsh'
