[1.268s] Invoking command in '/home/lin/drone/src/pythonpkg': PYTHONPATH=/home/lin/drone/build/pythonpkg/prefix_override:/home/lin/drone/install/pythonpkg/lib/python3.8/site-packages:${PYTHONPATH} /usr/bin/python3 setup.py egg_info --egg-base ../../build/pythonpkg build --build-base /home/lin/drone/build/pythonpkg/build install --record /home/lin/drone/build/pythonpkg/install.log --install-scripts $base/lib/pythonpkg --single-version-externally-managed
[1.496s] running egg_info
[1.496s] writing ../../build/pythonpkg/pythonpkg.egg-info/PKG-INFO
[1.497s] writing dependency_links to ../../build/pythonpkg/pythonpkg.egg-info/dependency_links.txt
[1.497s] writing entry points to ../../build/pythonpkg/pythonpkg.egg-info/entry_points.txt
[1.498s] writing requirements to ../../build/pythonpkg/pythonpkg.egg-info/requires.txt
[1.498s] writing top-level names to ../../build/pythonpkg/pythonpkg.egg-info/top_level.txt
[1.531s] reading manifest file '../../build/pythonpkg/pythonpkg.egg-info/SOURCES.txt'
[1.532s] writing manifest file '../../build/pythonpkg/pythonpkg.egg-info/SOURCES.txt'
[1.532s] running build
[1.532s] running build_py
[1.532s] copying pythonpkg/flight_controller_node.py -> /home/lin/drone/build/pythonpkg/build/lib/pythonpkg
[1.533s] copying pythonpkg/camera_node.py -> /home/lin/drone/build/pythonpkg/build/lib/pythonpkg
[1.533s] copying pythonpkg/husky_imu_node.py -> /home/lin/drone/build/pythonpkg/build/lib/pythonpkg
[1.533s] running install
[1.534s] running install_lib
[1.535s] copying /home/lin/drone/build/pythonpkg/build/lib/pythonpkg/flight_controller_node.py -> /home/lin/drone/install/pythonpkg/lib/python3.8/site-packages/pythonpkg
[1.535s] copying /home/lin/drone/build/pythonpkg/build/lib/pythonpkg/camera_node.py -> /home/lin/drone/install/pythonpkg/lib/python3.8/site-packages/pythonpkg
[1.535s] copying /home/lin/drone/build/pythonpkg/build/lib/pythonpkg/husky_imu_node.py -> /home/lin/drone/install/pythonpkg/lib/python3.8/site-packages/pythonpkg
[1.536s] byte-compiling /home/lin/drone/install/pythonpkg/lib/python3.8/site-packages/pythonpkg/flight_controller_node.py to flight_controller_node.cpython-38.pyc
[1.537s] byte-compiling /home/lin/drone/install/pythonpkg/lib/python3.8/site-packages/pythonpkg/camera_node.py to camera_node.cpython-38.pyc
[1.538s] byte-compiling /home/lin/drone/install/pythonpkg/lib/python3.8/site-packages/pythonpkg/husky_imu_node.py to husky_imu_node.cpython-38.pyc
[1.538s] running install_data
[1.539s] copying package.xml -> /home/lin/drone/install/pythonpkg/share/pythonpkg
[1.539s] running install_egg_info
[1.540s] removing '/home/lin/drone/install/pythonpkg/lib/python3.8/site-packages/pythonpkg-0.0.0-py3.8.egg-info' (and everything under it)
[1.541s] Copying ../../build/pythonpkg/pythonpkg.egg-info to /home/lin/drone/install/pythonpkg/lib/python3.8/site-packages/pythonpkg-0.0.0-py3.8.egg-info
[1.542s] running install_scripts
[1.558s] Installing camera_node script to /home/lin/drone/install/pythonpkg/lib/pythonpkg
[1.558s] Installing flight_controller_node script to /home/lin/drone/install/pythonpkg/lib/pythonpkg
[1.559s] writing list of installed files to '/home/lin/drone/build/pythonpkg/install.log'
[1.585s] Invoked command in '/home/lin/drone/src/pythonpkg' returned '0': PYTHONPATH=/home/lin/drone/build/pythonpkg/prefix_override:/home/lin/drone/install/pythonpkg/lib/python3.8/site-packages:${PYTHONPATH} /usr/bin/python3 setup.py egg_info --egg-base ../../build/pythonpkg build --build-base /home/lin/drone/build/pythonpkg/build install --record /home/lin/drone/build/pythonpkg/install.log --install-scripts $base/lib/pythonpkg --single-version-externally-managed
