[1.239s] Invoking command in '/home/lin/drone/src/pythonpkg': PYTHONPATH=/home/lin/drone/build/pythonpkg/prefix_override:/home/lin/drone/install/pythonpkg/lib/python3.8/site-packages:${PYTHONPATH} /usr/bin/python3 setup.py egg_info --egg-base ../../build/pythonpkg build --build-base /home/lin/drone/build/pythonpkg/build install --record /home/lin/drone/build/pythonpkg/install.log --install-scripts $base/lib/pythonpkg --single-version-externally-managed
[1.488s] running egg_info
[1.488s] writing ../../build/pythonpkg/pythonpkg.egg-info/PKG-INFO
[1.488s] writing dependency_links to ../../build/pythonpkg/pythonpkg.egg-info/dependency_links.txt
[1.489s] writing entry points to ../../build/pythonpkg/pythonpkg.egg-info/entry_points.txt
[1.489s] writing requirements to ../../build/pythonpkg/pythonpkg.egg-info/requires.txt
[1.489s] writing top-level names to ../../build/pythonpkg/pythonpkg.egg-info/top_level.txt
[1.521s] reading manifest file '../../build/pythonpkg/pythonpkg.egg-info/SOURCES.txt'
[1.522s] writing manifest file '../../build/pythonpkg/pythonpkg.egg-info/SOURCES.txt'
[1.522s] running build
[1.522s] running build_py
[1.522s] running install
[1.523s] running install_lib
[1.524s] running install_data
[1.525s] running install_egg_info
[1.526s] removing '/home/lin/drone/install/pythonpkg/lib/python3.8/site-packages/pythonpkg-0.0.0-py3.8.egg-info' (and everything under it)
[1.526s] Copying ../../build/pythonpkg/pythonpkg.egg-info to /home/lin/drone/install/pythonpkg/lib/python3.8/site-packages/pythonpkg-0.0.0-py3.8.egg-info
[1.527s] running install_scripts
[1.543s] Installing camera_node script to /home/lin/drone/install/pythonpkg/lib/pythonpkg
[1.543s] Installing flight_controller_node script to /home/lin/drone/install/pythonpkg/lib/pythonpkg
[1.543s] writing list of installed files to '/home/lin/drone/build/pythonpkg/install.log'
[1.564s] Invoked command in '/home/lin/drone/src/pythonpkg' returned '0': PYTHONPATH=/home/lin/drone/build/pythonpkg/prefix_override:/home/lin/drone/install/pythonpkg/lib/python3.8/site-packages:${PYTHONPATH} /usr/bin/python3 setup.py egg_info --egg-base ../../build/pythonpkg build --build-base /home/lin/drone/build/pythonpkg/build install --record /home/lin/drone/build/pythonpkg/install.log --install-scripts $base/lib/pythonpkg --single-version-externally-managed
