[1.233s] Invoking command in '/home/lin/drone/src/pythonpkg': PYTHONPATH=/home/lin/drone/build/pythonpkg/prefix_override:/home/lin/drone/install/pythonpkg/lib/python3.8/site-packages:${PYTHONPATH} /usr/bin/python3 setup.py egg_info --egg-base ../../build/pythonpkg build --build-base /home/lin/drone/build/pythonpkg/build install --record /home/lin/drone/build/pythonpkg/install.log --install-scripts $base/lib/pythonpkg --single-version-externally-managed
[1.470s] running egg_info
[1.471s] writing ../../build/pythonpkg/pythonpkg.egg-info/PKG-INFO
[1.472s] writing dependency_links to ../../build/pythonpkg/pythonpkg.egg-info/dependency_links.txt
[1.472s] writing entry points to ../../build/pythonpkg/pythonpkg.egg-info/entry_points.txt
[1.473s] writing requirements to ../../build/pythonpkg/pythonpkg.egg-info/requires.txt
[1.473s] writing top-level names to ../../build/pythonpkg/pythonpkg.egg-info/top_level.txt
[1.508s] reading manifest file '../../build/pythonpkg/pythonpkg.egg-info/SOURCES.txt'
[1.509s] writing manifest file '../../build/pythonpkg/pythonpkg.egg-info/SOURCES.txt'
[1.510s] running build
[1.510s] running build_py
[1.510s] copying pythonpkg/flight_controller_node.py -> /home/lin/drone/build/pythonpkg/build/lib/pythonpkg
[1.511s] copying pythonpkg/camera_node.py -> /home/lin/drone/build/pythonpkg/build/lib/pythonpkg
[1.511s] copying pythonpkg/husky_imu_node.py -> /home/lin/drone/build/pythonpkg/build/lib/pythonpkg
[1.512s] running install
[1.512s] running install_lib
[1.513s] copying /home/lin/drone/build/pythonpkg/build/lib/pythonpkg/flight_controller_node.py -> /home/lin/drone/install/pythonpkg/lib/python3.8/site-packages/pythonpkg
[1.513s] copying /home/lin/drone/build/pythonpkg/build/lib/pythonpkg/camera_node.py -> /home/lin/drone/install/pythonpkg/lib/python3.8/site-packages/pythonpkg
[1.513s] copying /home/lin/drone/build/pythonpkg/build/lib/pythonpkg/husky_imu_node.py -> /home/lin/drone/install/pythonpkg/lib/python3.8/site-packages/pythonpkg
[1.514s] byte-compiling /home/lin/drone/install/pythonpkg/lib/python3.8/site-packages/pythonpkg/flight_controller_node.py to flight_controller_node.cpython-38.pyc
[1.514s] byte-compiling /home/lin/drone/install/pythonpkg/lib/python3.8/site-packages/pythonpkg/camera_node.py to camera_node.cpython-38.pyc
[1.515s] byte-compiling /home/lin/drone/install/pythonpkg/lib/python3.8/site-packages/pythonpkg/husky_imu_node.py to husky_imu_node.cpython-38.pyc
[1.515s] running install_data
[1.516s] copying package.xml -> /home/lin/drone/install/pythonpkg/share/pythonpkg
[1.516s] running install_egg_info
[1.517s] removing '/home/lin/drone/install/pythonpkg/lib/python3.8/site-packages/pythonpkg-0.0.0-py3.8.egg-info' (and everything under it)
[1.517s] Copying ../../build/pythonpkg/pythonpkg.egg-info to /home/lin/drone/install/pythonpkg/lib/python3.8/site-packages/pythonpkg-0.0.0-py3.8.egg-info
[1.518s] running install_scripts
[1.533s] Installing camera_node script to /home/lin/drone/install/pythonpkg/lib/pythonpkg
[1.534s] Installing flight_controller_node script to /home/lin/drone/install/pythonpkg/lib/pythonpkg
[1.534s] writing list of installed files to '/home/lin/drone/build/pythonpkg/install.log'
[1.553s] Invoked command in '/home/lin/drone/src/pythonpkg' returned '0': PYTHONPATH=/home/lin/drone/build/pythonpkg/prefix_override:/home/lin/drone/install/pythonpkg/lib/python3.8/site-packages:${PYTHONPATH} /usr/bin/python3 setup.py egg_info --egg-base ../../build/pythonpkg build --build-base /home/lin/drone/build/pythonpkg/build install --record /home/lin/drone/build/pythonpkg/install.log --install-scripts $base/lib/pythonpkg --single-version-externally-managed
