[1.049s] Invoking command in '/home/lin/drone/src/pythonpkg': PYTHONPATH=/home/lin/drone/build/pythonpkg/prefix_override:/home/lin/drone/install/pythonpkg/lib/python3.8/site-packages:${PYTHONPATH} /usr/bin/python3 setup.py egg_info --egg-base ../../build/pythonpkg build --build-base /home/lin/drone/build/pythonpkg/build install --record /home/lin/drone/build/pythonpkg/install.log --install-scripts $base/lib/pythonpkg --single-version-externally-managed
[1.267s] running egg_info
[1.267s] creating ../../build/pythonpkg/pythonpkg.egg-info
[1.268s] writing ../../build/pythonpkg/pythonpkg.egg-info/PKG-INFO
[1.268s] writing dependency_links to ../../build/pythonpkg/pythonpkg.egg-info/dependency_links.txt
[1.269s] writing entry points to ../../build/pythonpkg/pythonpkg.egg-info/entry_points.txt
[1.269s] writing requirements to ../../build/pythonpkg/pythonpkg.egg-info/requires.txt
[1.269s] writing top-level names to ../../build/pythonpkg/pythonpkg.egg-info/top_level.txt
[1.269s] writing manifest file '../../build/pythonpkg/pythonpkg.egg-info/SOURCES.txt'
[1.299s] reading manifest file '../../build/pythonpkg/pythonpkg.egg-info/SOURCES.txt'
[1.299s] writing manifest file '../../build/pythonpkg/pythonpkg.egg-info/SOURCES.txt'
[1.300s] running build
[1.300s] running build_py
[1.300s] creating /home/lin/drone/build/pythonpkg/build
[1.300s] creating /home/lin/drone/build/pythonpkg/build/lib
[1.300s] creating /home/lin/drone/build/pythonpkg/build/lib/pythonpkg
[1.300s] copying pythonpkg/__init__.py -> /home/lin/drone/build/pythonpkg/build/lib/pythonpkg
[1.300s] running install
[1.301s] running install_lib
[1.302s] creating /home/lin/drone/install/pythonpkg/lib/python3.8/site-packages/pythonpkg
[1.302s] copying /home/lin/drone/build/pythonpkg/build/lib/pythonpkg/__init__.py -> /home/lin/drone/install/pythonpkg/lib/python3.8/site-packages/pythonpkg
[1.302s] byte-compiling /home/lin/drone/install/pythonpkg/lib/python3.8/site-packages/pythonpkg/__init__.py to __init__.cpython-38.pyc
[1.303s] running install_data
[1.304s] creating /home/lin/drone/install/pythonpkg/share/ament_index
[1.304s] creating /home/lin/drone/install/pythonpkg/share/ament_index/resource_index
[1.304s] creating /home/lin/drone/install/pythonpkg/share/ament_index/resource_index/packages
[1.304s] copying resource/pythonpkg -> /home/lin/drone/install/pythonpkg/share/ament_index/resource_index/packages
[1.304s] copying package.xml -> /home/lin/drone/install/pythonpkg/share/pythonpkg
[1.304s] running install_egg_info
[1.305s] Copying ../../build/pythonpkg/pythonpkg.egg-info to /home/lin/drone/install/pythonpkg/lib/python3.8/site-packages/pythonpkg-0.0.0-py3.8.egg-info
[1.306s] running install_scripts
[1.322s] writing list of installed files to '/home/lin/drone/build/pythonpkg/install.log'
[1.350s] Invoked command in '/home/lin/drone/src/pythonpkg' returned '0': PYTHONPATH=/home/lin/drone/build/pythonpkg/prefix_override:/home/lin/drone/install/pythonpkg/lib/python3.8/site-packages:${PYTHONPATH} /usr/bin/python3 setup.py egg_info --egg-base ../../build/pythonpkg build --build-base /home/lin/drone/build/pythonpkg/build install --record /home/lin/drone/build/pythonpkg/install.log --install-scripts $base/lib/pythonpkg --single-version-externally-managed
