[1.226s] Invoking command in '/home/lin/drone/src/pythonpkg': PYTHONPATH=/home/lin/drone/build/pythonpkg/prefix_override:/home/lin/drone/install/pythonpkg/lib/python3.8/site-packages:${PYTHONPATH} /usr/bin/python3 setup.py egg_info --egg-base ../../build/pythonpkg build --build-base /home/lin/drone/build/pythonpkg/build install --record /home/lin/drone/build/pythonpkg/install.log --install-scripts $base/lib/pythonpkg --single-version-externally-managed
[1.457s] running egg_info
[1.458s] writing ../../build/pythonpkg/pythonpkg.egg-info/PKG-INFO
[1.458s] writing dependency_links to ../../build/pythonpkg/pythonpkg.egg-info/dependency_links.txt
[1.459s] writing entry points to ../../build/pythonpkg/pythonpkg.egg-info/entry_points.txt
[1.459s] writing requirements to ../../build/pythonpkg/pythonpkg.egg-info/requires.txt
[1.459s] writing top-level names to ../../build/pythonpkg/pythonpkg.egg-info/top_level.txt
[1.494s] reading manifest file '../../build/pythonpkg/pythonpkg.egg-info/SOURCES.txt'
[1.495s] writing manifest file '../../build/pythonpkg/pythonpkg.egg-info/SOURCES.txt'
[1.495s] running build
[1.495s] running build_py
[1.496s] copying pythonpkg/flight_controller_node.py -> /home/lin/drone/build/pythonpkg/build/lib/pythonpkg
[1.496s] running install
[1.496s] running install_lib
[1.497s] copying /home/lin/drone/build/pythonpkg/build/lib/pythonpkg/flight_controller_node.py -> /home/lin/drone/install/pythonpkg/lib/python3.8/site-packages/pythonpkg
[1.498s] byte-compiling /home/lin/drone/install/pythonpkg/lib/python3.8/site-packages/pythonpkg/flight_controller_node.py to flight_controller_node.cpython-38.pyc
[1.500s] running install_data
[1.501s] running install_egg_info
[1.502s] removing '/home/lin/drone/install/pythonpkg/lib/python3.8/site-packages/pythonpkg-0.0.0-py3.8.egg-info' (and everything under it)
[1.503s] Copying ../../build/pythonpkg/pythonpkg.egg-info to /home/lin/drone/install/pythonpkg/lib/python3.8/site-packages/pythonpkg-0.0.0-py3.8.egg-info
[1.504s] running install_scripts
[1.520s] Installing camera_node script to /home/lin/drone/install/pythonpkg/lib/pythonpkg
[1.520s] Installing flight_controller_node script to /home/lin/drone/install/pythonpkg/lib/pythonpkg
[1.520s] writing list of installed files to '/home/lin/drone/build/pythonpkg/install.log'
[1.539s] Invoked command in '/home/lin/drone/src/pythonpkg' returned '0': PYTHONPATH=/home/lin/drone/build/pythonpkg/prefix_override:/home/lin/drone/install/pythonpkg/lib/python3.8/site-packages:${PYTHONPATH} /usr/bin/python3 setup.py egg_info --egg-base ../../build/pythonpkg build --build-base /home/lin/drone/build/pythonpkg/build install --record /home/lin/drone/build/pythonpkg/install.log --install-scripts $base/lib/pythonpkg --single-version-externally-managed
