[0.578s] Invoking command in '/home/lin/drone/src/build/cpppkg': CMAKE_PREFIX_PATH=/home/lin/ros/src/install/pypkg:/home/lin/ros/install/pypkg:/opt/ros/foxy /usr/bin/cmake --build /home/lin/drone/src/build/cpppkg -- -j4 -l4
[1.076s] Invoked command in '/home/lin/drone/src/build/cpppkg' returned '0': CMAKE_PREFIX_PATH=/home/lin/ros/src/install/pypkg:/home/lin/ros/install/pypkg:/opt/ros/foxy /usr/bin/cmake --build /home/lin/drone/src/build/cpppkg -- -j4 -l4
[1.132s] Invoking command in '/home/lin/drone/src/build/cpppkg': CMAKE_PREFIX_PATH=/home/lin/ros/src/install/pypkg:/home/lin/ros/install/pypkg:/opt/ros/foxy /usr/bin/cmake --install /home/lin/drone/src/build/cpppkg
[1.142s] -- Install configuration: ""
[1.142s] -- Up-to-date: /home/lin/drone/src/install/cpppkg/share/ament_index/resource_index/package_run_dependencies/cpppkg
[1.143s] -- Up-to-date: /home/lin/drone/src/install/cpppkg/share/ament_index/resource_index/parent_prefix_path/cpppkg
[1.144s] -- Up-to-date: /home/lin/drone/src/install/cpppkg/share/cpppkg/environment/ament_prefix_path.sh
[1.144s] -- Up-to-date: /home/lin/drone/src/install/cpppkg/share/cpppkg/environment/ament_prefix_path.dsv
[1.145s] -- Up-to-date: /home/lin/drone/src/install/cpppkg/share/cpppkg/environment/path.sh
[1.146s] -- Up-to-date: /home/lin/drone/src/install/cpppkg/share/cpppkg/environment/path.dsv
[1.147s] -- Up-to-date: /home/lin/drone/src/install/cpppkg/share/cpppkg/local_setup.bash
[1.151s] -- Up-to-date: /home/lin/drone/src/install/cpppkg/share/cpppkg/local_setup.sh
[1.160s] -- Up-to-date: /home/lin/drone/src/install/cpppkg/share/cpppkg/local_setup.zsh
[1.164s] -- Up-to-date: /home/lin/drone/src/install/cpppkg/share/cpppkg/local_setup.dsv
[1.169s] -- Up-to-date: /home/lin/drone/src/install/cpppkg/share/cpppkg/package.dsv
[1.171s] -- Up-to-date: /home/lin/drone/src/install/cpppkg/share/ament_index/resource_index/packages/cpppkg
[1.176s] -- Up-to-date: /home/lin/drone/src/install/cpppkg/share/cpppkg/cmake/cpppkgConfig.cmake
[1.180s] -- Up-to-date: /home/lin/drone/src/install/cpppkg/share/cpppkg/cmake/cpppkgConfig-version.cmake
[1.181s] -- Up-to-date: /home/lin/drone/src/install/cpppkg/share/cpppkg/package.xml
[1.184s] Invoked command in '/home/lin/drone/src/build/cpppkg' returned '0': CMAKE_PREFIX_PATH=/home/lin/ros/src/install/pypkg:/home/lin/ros/install/pypkg:/opt/ros/foxy /usr/bin/cmake --install /home/lin/drone/src/build/cpppkg
