[1.059s] Invoking command in '/home/lin/drone/src/pythonpkg': PYTHONPATH=/home/lin/drone/build/pythonpkg/prefix_override:/home/lin/drone/install/pythonpkg/lib/python3.8/site-packages:${PYTHONPATH} /usr/bin/python3 setup.py egg_info --egg-base ../../build/pythonpkg build --build-base /home/lin/drone/build/pythonpkg/build install --record /home/lin/drone/build/pythonpkg/install.log --install-scripts $base/lib/pythonpkg --single-version-externally-managed
[1.304s] running egg_info
[1.305s] writing ../../build/pythonpkg/pythonpkg.egg-info/PKG-INFO
[1.306s] writing dependency_links to ../../build/pythonpkg/pythonpkg.egg-info/dependency_links.txt
[1.306s] writing entry points to ../../build/pythonpkg/pythonpkg.egg-info/entry_points.txt
[1.306s] writing requirements to ../../build/pythonpkg/pythonpkg.egg-info/requires.txt
[1.306s] writing top-level names to ../../build/pythonpkg/pythonpkg.egg-info/top_level.txt
[1.335s] reading manifest file '../../build/pythonpkg/pythonpkg.egg-info/SOURCES.txt'
[1.337s] writing manifest file '../../build/pythonpkg/pythonpkg.egg-info/SOURCES.txt'
[1.337s] running build
[1.337s] running build_py
[1.338s] running install
[1.338s] running install_lib
[1.340s] running install_data
[1.341s] running install_egg_info
[1.342s] removing '/home/lin/drone/install/pythonpkg/lib/python3.8/site-packages/pythonpkg-0.0.0-py3.8.egg-info' (and everything under it)
[1.342s] Copying ../../build/pythonpkg/pythonpkg.egg-info to /home/lin/drone/install/pythonpkg/lib/python3.8/site-packages/pythonpkg-0.0.0-py3.8.egg-info
[1.343s] running install_scripts
[1.363s] Installing camera_node script to /home/lin/drone/install/pythonpkg/lib/pythonpkg
[1.363s] Installing flight_controller_node script to /home/lin/drone/install/pythonpkg/lib/pythonpkg
[1.363s] writing list of installed files to '/home/lin/drone/build/pythonpkg/install.log'
[1.382s] Invoked command in '/home/lin/drone/src/pythonpkg' returned '0': PYTHONPATH=/home/lin/drone/build/pythonpkg/prefix_override:/home/lin/drone/install/pythonpkg/lib/python3.8/site-packages:${PYTHONPATH} /usr/bin/python3 setup.py egg_info --egg-base ../../build/pythonpkg build --build-base /home/lin/drone/build/pythonpkg/build install --record /home/lin/drone/build/pythonpkg/install.log --install-scripts $base/lib/pythonpkg --single-version-externally-managed
