[0.462s] Invoking command in '/home/lin/drone/build/cpppkg': CMAKE_PREFIX_PATH=/home/lin/ros/src/install/pypkg:/home/lin/ros/install/pypkg:/opt/ros/foxy /usr/bin/cmake /home/lin/drone/src/cpppkg -DCMAKE_INSTALL_PREFIX=/home/lin/drone/install/cpppkg
[0.521s] -- The C compiler identification is GNU 9.4.0
[0.583s] -- The CXX compiler identification is GNU 9.4.0
[0.588s] -- Check for working C compiler: /usr/bin/cc
[0.661s] -- Check for working C compiler: /usr/bin/cc -- works
[0.661s] -- Detecting C compiler ABI info
[0.742s] -- Detecting C compiler ABI info - done
[0.752s] -- Detecting C compile features
[0.753s] -- Detecting C compile features - done
[0.754s] -- Check for working CXX compiler: /usr/bin/c++
[0.850s] -- Check for working CXX compiler: /usr/bin/c++ -- works
[0.850s] -- Detecting CXX compiler ABI info
[0.940s] -- Detecting CXX compiler ABI info - done
[0.952s] -- Detecting CXX compile features
[0.952s] -- Detecting CXX compile features - done
[0.955s] -- Found ament_cmake: 0.9.12 (/opt/ros/foxy/share/ament_cmake/cmake)
[0.989s] -- Found PythonInterp: /usr/bin/python3 (found suitable version "3.8.10", minimum required is "3") 
[0.990s] -- Using PYTHON_EXECUTABLE: /usr/bin/python3
[1.186s] -- Found rclcpp: 2.4.3 (/opt/ros/foxy/share/rclcpp/cmake)
[1.227s] -- Using all available rosidl_typesupport_c: rosidl_typesupport_fastrtps_c;rosidl_typesupport_introspection_c
[1.233s] -- Found rosidl_adapter: 1.3.1 (/opt/ros/foxy/share/rosidl_adapter/cmake)
[1.325s] -- Found OpenSSL: /usr/lib/x86_64-linux-gnu/libcrypto.so (found version "1.1.1f")  
[1.353s] -- Found FastRTPS: /opt/ros/foxy/include  
[1.441s] -- Using all available rosidl_typesupport_cpp: rosidl_typesupport_fastrtps_cpp;rosidl_typesupport_introspection_cpp
[1.501s] -- Found rmw_implementation_cmake: 1.0.4 (/opt/ros/foxy/share/rmw_implementation_cmake/cmake)
[1.502s] -- Using RMW implementation 'rmw_fastrtps_cpp' as default
[1.504s] -- Looking for pthread.h
[1.589s] -- Looking for pthread.h - found
[1.589s] -- Performing Test CMAKE_HAVE_LIBC_PTHREAD
[1.679s] -- Performing Test CMAKE_HAVE_LIBC_PTHREAD - Failed
[1.679s] -- Looking for pthread_create in pthreads
[1.753s] -- Looking for pthread_create in pthreads - not found
[1.753s] -- Looking for pthread_create in pthread
[1.850s] -- Looking for pthread_create in pthread - found
[1.851s] -- Found Threads: TRUE  
[2.024s] -- Found ament_lint_auto: 0.9.8 (/opt/ros/foxy/share/ament_lint_auto/cmake)
[2.102s] -- Added test 'copyright' to check source files copyright and LICENSE
[2.103s] -- Added test 'lint_cmake' to check CMake code style
[2.105s] -- Added test 'xmllint' to check XML markup files
[2.108s] -- Configuring done
[2.110s] -- Generating done
[2.111s] -- Build files have been written to: /home/lin/drone/build/cpppkg
[2.118s] Invoked command in '/home/lin/drone/build/cpppkg' returned '0': CMAKE_PREFIX_PATH=/home/lin/ros/src/install/pypkg:/home/lin/ros/install/pypkg:/opt/ros/foxy /usr/bin/cmake /home/lin/drone/src/cpppkg -DCMAKE_INSTALL_PREFIX=/home/lin/drone/install/cpppkg
[2.122s] Invoking command in '/home/lin/drone/build/cpppkg': CMAKE_PREFIX_PATH=/home/lin/ros/src/install/pypkg:/home/lin/ros/install/pypkg:/opt/ros/foxy /usr/bin/cmake --build /home/lin/drone/build/cpppkg -- -j4 -l4
[2.164s] Invoked command in '/home/lin/drone/build/cpppkg' returned '0': CMAKE_PREFIX_PATH=/home/lin/ros/src/install/pypkg:/home/lin/ros/install/pypkg:/opt/ros/foxy /usr/bin/cmake --build /home/lin/drone/build/cpppkg -- -j4 -l4
[2.205s] Invoking command in '/home/lin/drone/build/cpppkg': CMAKE_PREFIX_PATH=/home/lin/ros/src/install/pypkg:/home/lin/ros/install/pypkg:/opt/ros/foxy /usr/bin/cmake --install /home/lin/drone/build/cpppkg
[2.213s] -- Install configuration: ""
[2.213s] -- Installing: /home/lin/drone/install/cpppkg/share/ament_index/resource_index/package_run_dependencies/cpppkg
[2.213s] -- Installing: /home/lin/drone/install/cpppkg/share/ament_index/resource_index/parent_prefix_path/cpppkg
[2.214s] -- Installing: /home/lin/drone/install/cpppkg/share/cpppkg/environment/ament_prefix_path.sh
[2.214s] -- Installing: /home/lin/drone/install/cpppkg/share/cpppkg/environment/ament_prefix_path.dsv
[2.214s] -- Installing: /home/lin/drone/install/cpppkg/share/cpppkg/environment/path.sh
[2.214s] -- Installing: /home/lin/drone/install/cpppkg/share/cpppkg/environment/path.dsv
[2.215s] -- Installing: /home/lin/drone/install/cpppkg/share/cpppkg/local_setup.bash
[2.215s] -- Installing: /home/lin/drone/install/cpppkg/share/cpppkg/local_setup.sh
[2.215s] -- Installing: /home/lin/drone/install/cpppkg/share/cpppkg/local_setup.zsh
[2.215s] -- Installing: /home/lin/drone/install/cpppkg/share/cpppkg/local_setup.dsv
[2.215s] -- Installing: /home/lin/drone/install/cpppkg/share/cpppkg/package.dsv
[2.216s] -- Installing: /home/lin/drone/install/cpppkg/share/ament_index/resource_index/packages/cpppkg
[2.216s] -- Installing: /home/lin/drone/install/cpppkg/share/cpppkg/cmake/cpppkgConfig.cmake
[2.216s] -- Installing: /home/lin/drone/install/cpppkg/share/cpppkg/cmake/cpppkgConfig-version.cmake
[2.216s] -- Installing: /home/lin/drone/install/cpppkg/share/cpppkg/package.xml
[2.218s] Invoked command in '/home/lin/drone/build/cpppkg' returned '0': CMAKE_PREFIX_PATH=/home/lin/ros/src/install/pypkg:/home/lin/ros/install/pypkg:/opt/ros/foxy /usr/bin/cmake --install /home/lin/drone/build/cpppkg
