[2.127s] DEBUG:colcon:Command line arguments: ['/usr/bin/colcon', 'build']
[2.127s] DEBUG:colcon:Parsed command line arguments: Namespace(allow_overriding=[], ament_cmake_args=None, base_paths=['.'], build_base='build', catkin_cmake_args=None, catkin_skip_building_tests=False, cmake_args=None, cmake_clean_cache=False, cmake_clean_first=False, cmake_force_configure=False, cmake_target=None, cmake_target_skip_unavailable=False, continue_on_error=False, event_handlers=None, executor='parallel', ignore_user_meta=False, install_base='install', log_base=None, log_level=None, main=<bound method BuildVerb.main of <colcon_core.verb.build.BuildVerb object at 0x7f73f6a31c40>>, merge_install=False, metas=['./colcon.meta'], packages_above=None, packages_above_and_dependencies=None, packages_above_depth=None, packages_end=None, packages_ignore=None, packages_ignore_regex=None, packages_select=None, packages_select_build_failed=False, packages_select_by_dep=None, packages_select_regex=None, packages_select_test_failures=False, packages_skip=None, packages_skip_build_finished=False, packages_skip_by_dep=None, packages_skip_regex=None, packages_skip_test_passed=False, packages_skip_up_to=None, packages_start=None, packages_up_to=None, packages_up_to_regex=None, parallel_workers=4, paths=None, symlink_install=False, test_result_base=None, verb_extension=<colcon_core.verb.build.BuildVerb object at 0x7f73f6a31c40>, verb_name='build', verb_parser=<colcon_defaults.argument_parser.defaults.DefaultArgumentsDecorator object at 0x7f73f6a3e3d0>)
[2.227s] Level 1:colcon.colcon_core.package_discovery:discover_packages(colcon_meta) check parameters
[2.227s] Level 1:colcon.colcon_core.package_discovery:discover_packages(recursive) check parameters
[2.227s] Level 1:colcon.colcon_core.package_discovery:discover_packages(ignore) check parameters
[2.227s] Level 1:colcon.colcon_core.package_discovery:discover_packages(path) check parameters
[2.227s] Level 1:colcon.colcon_core.package_discovery:discover_packages(colcon_meta) discover
[2.227s] Level 1:colcon.colcon_core.package_discovery:discover_packages(recursive) discover
[2.227s] INFO:colcon.colcon_core.package_discovery:Crawling recursively for packages in '/home/lin/drone'
[2.227s] Level 1:colcon.colcon_core.package_identification:_identify(.) by extensions ['ignore', 'ignore_ament_install']
[2.227s] Level 1:colcon.colcon_core.package_identification:_identify(.) by extension 'ignore'
[2.228s] Level 1:colcon.colcon_core.package_identification:_identify(.) by extension 'ignore_ament_install'
[2.228s] Level 1:colcon.colcon_core.package_identification:_identify(.) by extensions ['colcon_pkg']
[2.228s] Level 1:colcon.colcon_core.package_identification:_identify(.) by extension 'colcon_pkg'
[2.228s] Level 1:colcon.colcon_core.package_identification:_identify(.) by extensions ['colcon_meta']
[2.228s] Level 1:colcon.colcon_core.package_identification:_identify(.) by extension 'colcon_meta'
[2.228s] Level 1:colcon.colcon_core.package_identification:_identify(.) by extensions ['ros']
[2.228s] Level 1:colcon.colcon_core.package_identification:_identify(.) by extension 'ros'
[2.238s] Level 1:colcon.colcon_core.package_identification:_identify(.) by extensions ['cmake', 'python']
[2.238s] Level 1:colcon.colcon_core.package_identification:_identify(.) by extension 'cmake'
[2.238s] Level 1:colcon.colcon_core.package_identification:_identify(.) by extension 'python'
[2.238s] Level 1:colcon.colcon_core.package_identification:_identify(.) by extensions ['python_setup_py']
[2.238s] Level 1:colcon.colcon_core.package_identification:_identify(.) by extension 'python_setup_py'
[2.239s] Level 1:colcon.colcon_core.package_identification:_identify(build) by extensions ['ignore', 'ignore_ament_install']
[2.239s] Level 1:colcon.colcon_core.package_identification:_identify(build) by extension 'ignore'
[2.239s] Level 1:colcon.colcon_core.package_identification:_identify(build) ignored
[2.239s] Level 1:colcon.colcon_core.package_identification:_identify(install) by extensions ['ignore', 'ignore_ament_install']
[2.239s] Level 1:colcon.colcon_core.package_identification:_identify(install) by extension 'ignore'
[2.239s] Level 1:colcon.colcon_core.package_identification:_identify(install) ignored
[2.239s] Level 1:colcon.colcon_core.package_identification:_identify(log) by extensions ['ignore', 'ignore_ament_install']
[2.239s] Level 1:colcon.colcon_core.package_identification:_identify(log) by extension 'ignore'
[2.239s] Level 1:colcon.colcon_core.package_identification:_identify(log) ignored
[2.239s] Level 1:colcon.colcon_core.package_identification:_identify(src) by extensions ['ignore', 'ignore_ament_install']
[2.239s] Level 1:colcon.colcon_core.package_identification:_identify(src) by extension 'ignore'
[2.240s] Level 1:colcon.colcon_core.package_identification:_identify(src) by extension 'ignore_ament_install'
[2.240s] Level 1:colcon.colcon_core.package_identification:_identify(src) by extensions ['colcon_pkg']
[2.240s] Level 1:colcon.colcon_core.package_identification:_identify(src) by extension 'colcon_pkg'
[2.240s] Level 1:colcon.colcon_core.package_identification:_identify(src) by extensions ['colcon_meta']
[2.240s] Level 1:colcon.colcon_core.package_identification:_identify(src) by extension 'colcon_meta'
[2.240s] Level 1:colcon.colcon_core.package_identification:_identify(src) by extensions ['ros']
[2.240s] Level 1:colcon.colcon_core.package_identification:_identify(src) by extension 'ros'
[2.240s] Level 1:colcon.colcon_core.package_identification:_identify(src) by extensions ['cmake', 'python']
[2.240s] Level 1:colcon.colcon_core.package_identification:_identify(src) by extension 'cmake'
[2.240s] Level 1:colcon.colcon_core.package_identification:_identify(src) by extension 'python'
[2.240s] Level 1:colcon.colcon_core.package_identification:_identify(src) by extensions ['python_setup_py']
[2.240s] Level 1:colcon.colcon_core.package_identification:_identify(src) by extension 'python_setup_py'
[2.240s] Level 1:colcon.colcon_core.package_identification:_identify(src/build) by extensions ['ignore', 'ignore_ament_install']
[2.240s] Level 1:colcon.colcon_core.package_identification:_identify(src/build) by extension 'ignore'
[2.240s] Level 1:colcon.colcon_core.package_identification:_identify(src/build) ignored
[2.240s] Level 1:colcon.colcon_core.package_identification:_identify(src/cpppkg) by extensions ['ignore', 'ignore_ament_install']
[2.241s] Level 1:colcon.colcon_core.package_identification:_identify(src/cpppkg) by extension 'ignore'
[2.241s] Level 1:colcon.colcon_core.package_identification:_identify(src/cpppkg) by extension 'ignore_ament_install'
[2.241s] Level 1:colcon.colcon_core.package_identification:_identify(src/cpppkg) by extensions ['colcon_pkg']
[2.241s] Level 1:colcon.colcon_core.package_identification:_identify(src/cpppkg) by extension 'colcon_pkg'
[2.241s] Level 1:colcon.colcon_core.package_identification:_identify(src/cpppkg) by extensions ['colcon_meta']
[2.241s] Level 1:colcon.colcon_core.package_identification:_identify(src/cpppkg) by extension 'colcon_meta'
[2.241s] Level 1:colcon.colcon_core.package_identification:_identify(src/cpppkg) by extensions ['ros']
[2.241s] Level 1:colcon.colcon_core.package_identification:_identify(src/cpppkg) by extension 'ros'
[2.243s] DEBUG:colcon.colcon_core.package_identification:Package 'src/cpppkg' with type 'ros.ament_cmake' and name 'cpppkg'
[2.244s] Level 1:colcon.colcon_core.package_identification:_identify(src/install) by extensions ['ignore', 'ignore_ament_install']
[2.244s] Level 1:colcon.colcon_core.package_identification:_identify(src/install) by extension 'ignore'
[2.244s] Level 1:colcon.colcon_core.package_identification:_identify(src/install) ignored
[2.244s] Level 1:colcon.colcon_core.package_identification:_identify(src/log) by extensions ['ignore', 'ignore_ament_install']
[2.245s] Level 1:colcon.colcon_core.package_identification:_identify(src/log) by extension 'ignore'
[2.245s] Level 1:colcon.colcon_core.package_identification:_identify(src/log) ignored
[2.245s] Level 1:colcon.colcon_core.package_identification:_identify(src/pythonpkg) by extensions ['ignore', 'ignore_ament_install']
[2.245s] Level 1:colcon.colcon_core.package_identification:_identify(src/pythonpkg) by extension 'ignore'
[2.246s] Level 1:colcon.colcon_core.package_identification:_identify(src/pythonpkg) by extension 'ignore_ament_install'
[2.246s] Level 1:colcon.colcon_core.package_identification:_identify(src/pythonpkg) by extensions ['colcon_pkg']
[2.246s] Level 1:colcon.colcon_core.package_identification:_identify(src/pythonpkg) by extension 'colcon_pkg'
[2.246s] Level 1:colcon.colcon_core.package_identification:_identify(src/pythonpkg) by extensions ['colcon_meta']
[2.246s] Level 1:colcon.colcon_core.package_identification:_identify(src/pythonpkg) by extension 'colcon_meta'
[2.246s] Level 1:colcon.colcon_core.package_identification:_identify(src/pythonpkg) by extensions ['ros']
[2.246s] Level 1:colcon.colcon_core.package_identification:_identify(src/pythonpkg) by extension 'ros'
[2.248s] DEBUG:colcon.colcon_core.package_identification:Package 'src/pythonpkg' with type 'ros.ament_python' and name 'pythonpkg'
[2.248s] Level 1:colcon.colcon_core.package_discovery:discover_packages(recursive) using defaults
[2.248s] Level 1:colcon.colcon_core.package_discovery:discover_packages(ignore) discover
[2.248s] Level 1:colcon.colcon_core.package_discovery:discover_packages(ignore) using defaults
[2.248s] Level 1:colcon.colcon_core.package_discovery:discover_packages(path) discover
[2.248s] Level 1:colcon.colcon_core.package_discovery:discover_packages(path) using defaults
[2.442s] Level 1:colcon.colcon_core.package_discovery:discover_packages(prefix_path) check parameters
[2.442s] Level 1:colcon.colcon_core.package_discovery:discover_packages(prefix_path) discover
[2.516s] DEBUG:colcon.colcon_installed_package_information.package_discovery:Found 2 installed packages in /home/lin/drone/install
[2.551s] DEBUG:colcon.colcon_installed_package_information.package_discovery:Found 1 installed packages in /home/lin/ros/install
[2.586s] DEBUG:colcon.colcon_installed_package_information.package_discovery:Found 1 installed packages in /home/lin/ros/src/install
[2.621s] DEBUG:colcon.colcon_installed_package_information.package_discovery:Found 2 installed packages in /home/lin/drone/src/install
[2.657s] DEBUG:colcon.colcon_installed_package_information.package_discovery:Found 256 installed packages in /opt/ros/foxy
[2.658s] Level 1:colcon.colcon_core.package_discovery:discover_packages(prefix_path) using defaults
[2.844s] Level 5:colcon.colcon_core.verb:set package 'cpppkg' build argument 'cmake_args' from command line to 'None'
[2.846s] Level 5:colcon.colcon_core.verb:set package 'cpppkg' build argument 'cmake_target' from command line to 'None'
[2.848s] Level 5:colcon.colcon_core.verb:set package 'cpppkg' build argument 'cmake_target_skip_unavailable' from command line to 'False'
[2.849s] Level 5:colcon.colcon_core.verb:set package 'cpppkg' build argument 'cmake_clean_cache' from command line to 'False'
[2.850s] Level 5:colcon.colcon_core.verb:set package 'cpppkg' build argument 'cmake_clean_first' from command line to 'False'
[2.850s] Level 5:colcon.colcon_core.verb:set package 'cpppkg' build argument 'cmake_force_configure' from command line to 'False'
[2.850s] Level 5:colcon.colcon_core.verb:set package 'cpppkg' build argument 'ament_cmake_args' from command line to 'None'
[2.850s] Level 5:colcon.colcon_core.verb:set package 'cpppkg' build argument 'catkin_cmake_args' from command line to 'None'
[2.851s] Level 5:colcon.colcon_core.verb:set package 'cpppkg' build argument 'catkin_skip_building_tests' from command line to 'False'
[2.851s] DEBUG:colcon.colcon_core.verb:Building package 'cpppkg' with the following arguments: {'ament_cmake_args': None, 'build_base': '/home/lin/drone/build/cpppkg', 'catkin_cmake_args': None, 'catkin_skip_building_tests': False, 'cmake_args': None, 'cmake_clean_cache': False, 'cmake_clean_first': False, 'cmake_force_configure': False, 'cmake_target': None, 'cmake_target_skip_unavailable': False, 'install_base': '/home/lin/drone/install/cpppkg', 'merge_install': False, 'path': '/home/lin/drone/src/cpppkg', 'symlink_install': False, 'test_result_base': None}
[2.895s] Level 5:colcon.colcon_core.verb:set package 'pythonpkg' build argument 'cmake_args' from command line to 'None'
[2.895s] Level 5:colcon.colcon_core.verb:set package 'pythonpkg' build argument 'cmake_target' from command line to 'None'
[2.895s] Level 5:colcon.colcon_core.verb:set package 'pythonpkg' build argument 'cmake_target_skip_unavailable' from command line to 'False'
[2.895s] Level 5:colcon.colcon_core.verb:set package 'pythonpkg' build argument 'cmake_clean_cache' from command line to 'False'
[2.895s] Level 5:colcon.colcon_core.verb:set package 'pythonpkg' build argument 'cmake_clean_first' from command line to 'False'
[2.895s] Level 5:colcon.colcon_core.verb:set package 'pythonpkg' build argument 'cmake_force_configure' from command line to 'False'
[2.895s] Level 5:colcon.colcon_core.verb:set package 'pythonpkg' build argument 'ament_cmake_args' from command line to 'None'
[2.895s] Level 5:colcon.colcon_core.verb:set package 'pythonpkg' build argument 'catkin_cmake_args' from command line to 'None'
[2.895s] Level 5:colcon.colcon_core.verb:set package 'pythonpkg' build argument 'catkin_skip_building_tests' from command line to 'False'
[2.895s] DEBUG:colcon.colcon_core.verb:Building package 'pythonpkg' with the following arguments: {'ament_cmake_args': None, 'build_base': '/home/lin/drone/build/pythonpkg', 'catkin_cmake_args': None, 'catkin_skip_building_tests': False, 'cmake_args': None, 'cmake_clean_cache': False, 'cmake_clean_first': False, 'cmake_force_configure': False, 'cmake_target': None, 'cmake_target_skip_unavailable': False, 'install_base': '/home/lin/drone/install/pythonpkg', 'merge_install': False, 'path': '/home/lin/drone/src/pythonpkg', 'symlink_install': False, 'test_result_base': None}
[2.931s] INFO:colcon.colcon_core.executor:Executing jobs using 'parallel' executor
[2.972s] DEBUG:colcon.colcon_parallel_executor.executor.parallel:run_until_complete
[2.973s] INFO:colcon.colcon_ros.task.ament_cmake.build:Building ROS package in '/home/lin/drone/src/cpppkg' with build type 'ament_cmake'
[2.973s] INFO:colcon.colcon_cmake.task.cmake.build:Building CMake package in '/home/lin/drone/src/cpppkg'
[3.026s] INFO:colcon.colcon_core.plugin_system:Skipping extension 'colcon_core.shell.bat': Not used on non-Windows systems
[3.026s] INFO:colcon.colcon_core.shell:Skip shell extension 'powershell' for command environment: Not usable outside of PowerShell
[3.027s] DEBUG:colcon.colcon_core.shell:Skip shell extension 'dsv' for command environment
[3.305s] INFO:colcon.colcon_ros.task.ament_python.build:Building ROS package in '/home/lin/drone/src/pythonpkg' with build type 'ament_python'
[3.306s] Level 1:colcon.colcon_core.shell:create_environment_hook('pythonpkg', 'ament_prefix_path')
[3.364s] INFO:colcon.colcon_core.shell:Creating environment hook '/home/lin/drone/install/pythonpkg/share/pythonpkg/hook/ament_prefix_path.ps1'
[3.365s] INFO:colcon.colcon_core.shell:Creating environment descriptor '/home/lin/drone/install/pythonpkg/share/pythonpkg/hook/ament_prefix_path.dsv'
[3.365s] INFO:colcon.colcon_core.shell:Creating environment hook '/home/lin/drone/install/pythonpkg/share/pythonpkg/hook/ament_prefix_path.sh'
[3.403s] INFO:colcon.colcon_core.shell:Skip shell extension 'powershell' for command environment: Not usable outside of PowerShell
[3.404s] DEBUG:colcon.colcon_core.shell:Skip shell extension 'dsv' for command environment
[3.684s] DEBUG:colcon.colcon_core.event_handler.log_command:Invoking command in '/home/lin/drone/build/cpppkg': CMAKE_PREFIX_PATH=${CMAKE_PREFIX_PATH}:/home/lin/drone/install/pythonpkg:/home/lin/drone/src/install/pythonpkg:/home/lin/ros/src/install/pypkg:/home/lin/ros/install/pypkg:/opt/ros/foxy /usr/bin/cmake --build /home/lin/drone/build/cpppkg -- -j4 -l4
[3.960s] INFO:colcon.colcon_core.task.python.build:Building Python package in '/home/lin/drone/src/pythonpkg'
[3.997s] INFO:colcon.colcon_core.shell:Skip shell extension 'powershell' for command environment: Not usable outside of PowerShell
[3.998s] DEBUG:colcon.colcon_core.shell:Skip shell extension 'dsv' for command environment
[4.259s] DEBUG:colcon.colcon_core.event_handler.log_command:Invoked command in '/home/lin/drone/build/cpppkg' returned '0': CMAKE_PREFIX_PATH=${CMAKE_PREFIX_PATH}:/home/lin/drone/install/pythonpkg:/home/lin/drone/src/install/pythonpkg:/home/lin/ros/src/install/pypkg:/home/lin/ros/install/pypkg:/opt/ros/foxy /usr/bin/cmake --build /home/lin/drone/build/cpppkg -- -j4 -l4
[4.305s] DEBUG:colcon.colcon_core.event_handler.log_command:Invoking command in '/home/lin/drone/build/cpppkg': CMAKE_PREFIX_PATH=${CMAKE_PREFIX_PATH}:/home/lin/drone/install/pythonpkg:/home/lin/drone/src/install/pythonpkg:/home/lin/ros/src/install/pypkg:/home/lin/ros/install/pypkg:/opt/ros/foxy /usr/bin/cmake --install /home/lin/drone/build/cpppkg
[4.320s] Level 1:colcon.colcon_core.environment:create_environment_scripts_only(cpppkg)
[4.324s] DEBUG:colcon.colcon_core.event_handler.log_command:Invoked command in '/home/lin/drone/build/cpppkg' returned '0': CMAKE_PREFIX_PATH=${CMAKE_PREFIX_PATH}:/home/lin/drone/install/pythonpkg:/home/lin/drone/src/install/pythonpkg:/home/lin/ros/src/install/pypkg:/home/lin/ros/install/pypkg:/opt/ros/foxy /usr/bin/cmake --install /home/lin/drone/build/cpppkg
[4.369s] Level 1:colcon.colcon_core.environment:checking '/home/lin/drone/install/cpppkg' for CMake module files
[4.370s] Level 1:colcon.colcon_core.environment:checking '/home/lin/drone/install/cpppkg' for CMake config files
[4.370s] Level 1:colcon.colcon_core.shell:create_environment_hook('cpppkg', 'cmake_prefix_path')
[4.408s] INFO:colcon.colcon_core.shell:Creating environment hook '/home/lin/drone/install/cpppkg/share/cpppkg/hook/cmake_prefix_path.ps1'
[4.409s] INFO:colcon.colcon_core.shell:Creating environment descriptor '/home/lin/drone/install/cpppkg/share/cpppkg/hook/cmake_prefix_path.dsv'
[4.409s] INFO:colcon.colcon_core.shell:Creating environment hook '/home/lin/drone/install/cpppkg/share/cpppkg/hook/cmake_prefix_path.sh'
[4.411s] Level 1:colcon.colcon_core.environment:checking '/home/lin/drone/install/cpppkg/bin'
[4.411s] Level 1:colcon.colcon_core.environment:checking '/home/lin/drone/install/cpppkg/lib/pkgconfig/cpppkg.pc'
[4.412s] Level 1:colcon.colcon_core.environment:checking '/home/lin/drone/install/cpppkg/lib/python3.8/site-packages'
[4.413s] Level 1:colcon.colcon_core.environment:checking '/home/lin/drone/install/cpppkg/bin'
[4.453s] INFO:colcon.colcon_core.shell:Creating package script '/home/lin/drone/install/cpppkg/share/cpppkg/package.ps1'
[4.454s] INFO:colcon.colcon_core.shell:Creating package descriptor '/home/lin/drone/install/cpppkg/share/cpppkg/package.dsv'
[4.454s] INFO:colcon.colcon_core.shell:Creating package script '/home/lin/drone/install/cpppkg/share/cpppkg/package.sh'
[4.455s] INFO:colcon.colcon_core.shell:Creating package script '/home/lin/drone/install/cpppkg/share/cpppkg/package.bash'
[4.456s] INFO:colcon.colcon_core.shell:Creating package script '/home/lin/drone/install/cpppkg/share/cpppkg/package.zsh'
[4.457s] Level 1:colcon.colcon_core.environment:create_file_with_runtime_dependencies(/home/lin/drone/install/cpppkg/share/colcon-core/packages/cpppkg)
[4.533s] Level 1:colcon.colcon_core.environment:create_environment_scripts_only(cpppkg)
[4.597s] Level 1:colcon.colcon_core.environment:checking '/home/lin/drone/install/cpppkg' for CMake module files
[4.598s] Level 1:colcon.colcon_core.environment:checking '/home/lin/drone/install/cpppkg' for CMake config files
[4.598s] Level 1:colcon.colcon_core.shell:create_environment_hook('cpppkg', 'cmake_prefix_path')
[4.635s] INFO:colcon.colcon_core.shell:Creating environment hook '/home/lin/drone/install/cpppkg/share/cpppkg/hook/cmake_prefix_path.ps1'
[4.635s] INFO:colcon.colcon_core.shell:Creating environment descriptor '/home/lin/drone/install/cpppkg/share/cpppkg/hook/cmake_prefix_path.dsv'
[4.636s] INFO:colcon.colcon_core.shell:Creating environment hook '/home/lin/drone/install/cpppkg/share/cpppkg/hook/cmake_prefix_path.sh'
[4.636s] Level 1:colcon.colcon_core.environment:checking '/home/lin/drone/install/cpppkg/bin'
[4.636s] Level 1:colcon.colcon_core.environment:checking '/home/lin/drone/install/cpppkg/lib/pkgconfig/cpppkg.pc'
[4.637s] Level 1:colcon.colcon_core.environment:checking '/home/lin/drone/install/cpppkg/lib/python3.8/site-packages'
[4.637s] Level 1:colcon.colcon_core.environment:checking '/home/lin/drone/install/cpppkg/bin'
[4.687s] INFO:colcon.colcon_core.shell:Creating package script '/home/lin/drone/install/cpppkg/share/cpppkg/package.ps1'
[4.687s] INFO:colcon.colcon_core.shell:Creating package descriptor '/home/lin/drone/install/cpppkg/share/cpppkg/package.dsv'
[4.688s] INFO:colcon.colcon_core.shell:Creating package script '/home/lin/drone/install/cpppkg/share/cpppkg/package.sh'
[4.689s] INFO:colcon.colcon_core.shell:Creating package script '/home/lin/drone/install/cpppkg/share/cpppkg/package.bash'
[4.689s] INFO:colcon.colcon_core.shell:Creating package script '/home/lin/drone/install/cpppkg/share/cpppkg/package.zsh'
[4.690s] Level 1:colcon.colcon_core.environment:create_file_with_runtime_dependencies(/home/lin/drone/install/cpppkg/share/colcon-core/packages/cpppkg)
[4.714s] DEBUG:colcon.colcon_core.event_handler.log_command:Invoking command in '/home/lin/drone/src/pythonpkg': PYTHONPATH=/home/lin/drone/build/pythonpkg/prefix_override:/home/lin/drone/install/pythonpkg/lib/python3.8/site-packages:${PYTHONPATH} /usr/bin/python3 setup.py egg_info --egg-base ../../build/pythonpkg build --build-base /home/lin/drone/build/pythonpkg/build install --record /home/lin/drone/build/pythonpkg/install.log --install-scripts $base/lib/pythonpkg --single-version-externally-managed
[5.115s] DEBUG:colcon.colcon_core.event_handler.log_command:Invoked command in '/home/lin/drone/src/pythonpkg' returned '0': PYTHONPATH=/home/lin/drone/build/pythonpkg/prefix_override:/home/lin/drone/install/pythonpkg/lib/python3.8/site-packages:${PYTHONPATH} /usr/bin/python3 setup.py egg_info --egg-base ../../build/pythonpkg build --build-base /home/lin/drone/build/pythonpkg/build install --record /home/lin/drone/build/pythonpkg/install.log --install-scripts $base/lib/pythonpkg --single-version-externally-managed
[5.155s] Level 1:colcon.colcon_core.environment:checking '/home/lin/drone/install/pythonpkg' for CMake module files
[5.155s] Level 1:colcon.colcon_core.environment:checking '/home/lin/drone/install/pythonpkg' for CMake config files
[5.156s] Level 1:colcon.colcon_core.environment:checking '/home/lin/drone/install/pythonpkg/lib'
[5.156s] Level 1:colcon.colcon_core.environment:checking '/home/lin/drone/install/pythonpkg/bin'
[5.156s] Level 1:colcon.colcon_core.environment:checking '/home/lin/drone/install/pythonpkg/lib/pkgconfig/pythonpkg.pc'
[5.157s] Level 1:colcon.colcon_core.environment:checking '/home/lin/drone/install/pythonpkg/lib/python3.8/site-packages'
[5.157s] Level 1:colcon.colcon_core.shell:create_environment_hook('pythonpkg', 'pythonpath')
[5.200s] INFO:colcon.colcon_core.shell:Creating environment hook '/home/lin/drone/install/pythonpkg/share/pythonpkg/hook/pythonpath.ps1'
[5.201s] INFO:colcon.colcon_core.shell:Creating environment descriptor '/home/lin/drone/install/pythonpkg/share/pythonpkg/hook/pythonpath.dsv'
[5.201s] INFO:colcon.colcon_core.shell:Creating environment hook '/home/lin/drone/install/pythonpkg/share/pythonpkg/hook/pythonpath.sh'
[5.202s] Level 1:colcon.colcon_core.environment:checking '/home/lin/drone/install/pythonpkg/bin'
[5.202s] Level 1:colcon.colcon_core.environment:create_environment_scripts_only(pythonpkg)
[5.238s] INFO:colcon.colcon_core.shell:Creating package script '/home/lin/drone/install/pythonpkg/share/pythonpkg/package.ps1'
[5.239s] INFO:colcon.colcon_core.shell:Creating package descriptor '/home/lin/drone/install/pythonpkg/share/pythonpkg/package.dsv'
[5.240s] INFO:colcon.colcon_core.shell:Creating package script '/home/lin/drone/install/pythonpkg/share/pythonpkg/package.sh'
[5.240s] INFO:colcon.colcon_core.shell:Creating package script '/home/lin/drone/install/pythonpkg/share/pythonpkg/package.bash'
[5.240s] INFO:colcon.colcon_core.shell:Creating package script '/home/lin/drone/install/pythonpkg/share/pythonpkg/package.zsh'
[5.241s] Level 1:colcon.colcon_core.environment:create_file_with_runtime_dependencies(/home/lin/drone/install/pythonpkg/share/colcon-core/packages/pythonpkg)
[5.241s] DEBUG:colcon.colcon_parallel_executor.executor.parallel:closing loop
[5.242s] DEBUG:colcon.colcon_parallel_executor.executor.parallel:loop closed
[5.242s] DEBUG:colcon.colcon_parallel_executor.executor.parallel:run_until_complete finished with '0'
[5.242s] DEBUG:colcon.colcon_core.event_reactor:joining thread
[5.304s] INFO:colcon.colcon_core.plugin_system:Skipping extension 'colcon_notification.desktop_notification.terminal_notifier': Not used on non-Darwin systems
[5.304s] INFO:colcon.colcon_core.plugin_system:Skipping extension 'colcon_notification.desktop_notification.win32': Not used on non-Windows systems
[5.304s] INFO:colcon.colcon_notification.desktop_notification:Sending desktop notification using 'notify2'
[5.336s] DEBUG:colcon.colcon_core.event_reactor:joined thread
[5.415s] INFO:colcon.colcon_core.shell:Creating prefix script '/home/lin/drone/install/local_setup.ps1'
[5.417s] INFO:colcon.colcon_core.shell:Creating prefix util module '/home/lin/drone/install/_local_setup_util_ps1.py'
[5.418s] INFO:colcon.colcon_core.shell:Creating prefix chain script '/home/lin/drone/install/setup.ps1'
[5.466s] INFO:colcon.colcon_core.shell:Creating prefix script '/home/lin/drone/install/local_setup.sh'
[5.467s] INFO:colcon.colcon_core.shell:Creating prefix util module '/home/lin/drone/install/_local_setup_util_sh.py'
[5.471s] INFO:colcon.colcon_core.shell:Creating prefix chain script '/home/lin/drone/install/setup.sh'
[5.523s] INFO:colcon.colcon_core.shell:Creating prefix script '/home/lin/drone/install/local_setup.bash'
[5.524s] INFO:colcon.colcon_core.shell:Creating prefix chain script '/home/lin/drone/install/setup.bash'
[5.569s] INFO:colcon.colcon_core.shell:Creating prefix script '/home/lin/drone/install/local_setup.zsh'
[5.569s] INFO:colcon.colcon_core.shell:Creating prefix chain script '/home/lin/drone/install/setup.zsh'
