[0.629s] Invoking command in '/home/lin/drone/src/build/cpppkg': CMAKE_PREFIX_PATH=${CMAKE_PREFIX_PATH}:/home/lin/drone/install/pythonpkg:/home/lin/drone/src/install/pythonpkg:/home/lin/ros/src/install/pypkg:/home/lin/ros/install/pypkg:/opt/ros/foxy /usr/bin/cmake --build /home/lin/drone/src/build/cpppkg -- -j4 -l4
[1.127s] Invoked command in '/home/lin/drone/src/build/cpppkg' returned '0': CMAKE_PREFIX_PATH=${CMAKE_PREFIX_PATH}:/home/lin/drone/install/pythonpkg:/home/lin/drone/src/install/pythonpkg:/home/lin/ros/src/install/pypkg:/home/lin/ros/install/pypkg:/opt/ros/foxy /usr/bin/cmake --build /home/lin/drone/src/build/cpppkg -- -j4 -l4
[1.163s] Invoking command in '/home/lin/drone/src/build/cpppkg': CMAKE_PREFIX_PATH=${CMAKE_PREFIX_PATH}:/home/lin/drone/install/pythonpkg:/home/lin/drone/src/install/pythonpkg:/home/lin/ros/src/install/pypkg:/home/lin/ros/install/pypkg:/opt/ros/foxy /usr/bin/cmake --install /home/lin/drone/src/build/cpppkg
[1.176s] -- Install configuration: ""
[1.177s] -- Up-to-date: /home/lin/drone/src/install/cpppkg/share/ament_index/resource_index/package_run_dependencies/cpppkg
[1.178s] -- Up-to-date: /home/lin/drone/src/install/cpppkg/share/ament_index/resource_index/parent_prefix_path/cpppkg
[1.178s] -- Up-to-date: /home/lin/drone/src/install/cpppkg/share/cpppkg/environment/ament_prefix_path.sh
[1.179s] -- Up-to-date: /home/lin/drone/src/install/cpppkg/share/cpppkg/environment/ament_prefix_path.dsv
[1.179s] -- Up-to-date: /home/lin/drone/src/install/cpppkg/share/cpppkg/environment/path.sh
[1.180s] -- Up-to-date: /home/lin/drone/src/install/cpppkg/share/cpppkg/environment/path.dsv
[1.180s] -- Up-to-date: /home/lin/drone/src/install/cpppkg/share/cpppkg/local_setup.bash
[1.180s] -- Up-to-date: /home/lin/drone/src/install/cpppkg/share/cpppkg/local_setup.sh
[1.181s] -- Up-to-date: /home/lin/drone/src/install/cpppkg/share/cpppkg/local_setup.zsh
[1.181s] -- Up-to-date: /home/lin/drone/src/install/cpppkg/share/cpppkg/local_setup.dsv
[1.182s] -- Installing: /home/lin/drone/src/install/cpppkg/share/cpppkg/package.dsv
[1.182s] -- Up-to-date: /home/lin/drone/src/install/cpppkg/share/ament_index/resource_index/packages/cpppkg
[1.182s] -- Up-to-date: /home/lin/drone/src/install/cpppkg/share/cpppkg/cmake/cpppkgConfig.cmake
[1.183s] -- Up-to-date: /home/lin/drone/src/install/cpppkg/share/cpppkg/cmake/cpppkgConfig-version.cmake
[1.184s] -- Up-to-date: /home/lin/drone/src/install/cpppkg/share/cpppkg/package.xml
[1.185s] Invoked command in '/home/lin/drone/src/build/cpppkg' returned '0': CMAKE_PREFIX_PATH=${CMAKE_PREFIX_PATH}:/home/lin/drone/install/pythonpkg:/home/lin/drone/src/install/pythonpkg:/home/lin/ros/src/install/pypkg:/home/lin/ros/install/pypkg:/opt/ros/foxy /usr/bin/cmake --install /home/lin/drone/src/build/cpppkg
