/home/lin/drone/install/pythonpkg/lib/python3.8/site-packages/pythonpkg/__init__.py
/home/lin/drone/install/pythonpkg/lib/python3.8/site-packages/pythonpkg/flight_controller_node.py
/home/lin/drone/install/pythonpkg/lib/python3.8/site-packages/pythonpkg/camera_node.py
/home/lin/drone/install/pythonpkg/lib/python3.8/site-packages/pythonpkg/husky_imu_node.py
/home/lin/drone/install/pythonpkg/lib/python3.8/site-packages/pythonpkg/emergency_breake_node.py
/home/lin/drone/install/pythonpkg/lib/python3.8/site-packages/pythonpkg/__pycache__/__init__.cpython-38.pyc
/home/lin/drone/install/pythonpkg/lib/python3.8/site-packages/pythonpkg/__pycache__/flight_controller_node.cpython-38.pyc
/home/lin/drone/install/pythonpkg/lib/python3.8/site-packages/pythonpkg/__pycache__/camera_node.cpython-38.pyc
/home/lin/drone/install/pythonpkg/lib/python3.8/site-packages/pythonpkg/__pycache__/husky_imu_node.cpython-38.pyc
/home/lin/drone/install/pythonpkg/lib/python3.8/site-packages/pythonpkg/__pycache__/emergency_breake_node.cpython-38.pyc
/home/lin/drone/install/pythonpkg/share/ament_index/resource_index/packages/pythonpkg
/home/lin/drone/install/pythonpkg/share/pythonpkg/package.xml
/home/lin/drone/install/pythonpkg/lib/python3.8/site-packages/pythonpkg-0.0.0-py3.8.egg-info/dependency_links.txt
/home/lin/drone/install/pythonpkg/lib/python3.8/site-packages/pythonpkg-0.0.0-py3.8.egg-info/PKG-INFO
/home/lin/drone/install/pythonpkg/lib/python3.8/site-packages/pythonpkg-0.0.0-py3.8.egg-info/requires.txt
/home/lin/drone/install/pythonpkg/lib/python3.8/site-packages/pythonpkg-0.0.0-py3.8.egg-info/entry_points.txt
/home/lin/drone/install/pythonpkg/lib/python3.8/site-packages/pythonpkg-0.0.0-py3.8.egg-info/zip-safe
/home/lin/drone/install/pythonpkg/lib/python3.8/site-packages/pythonpkg-0.0.0-py3.8.egg-info/SOURCES.txt
/home/lin/drone/install/pythonpkg/lib/python3.8/site-packages/pythonpkg-0.0.0-py3.8.egg-info/top_level.txt
/home/lin/drone/install/pythonpkg/lib/pythonpkg/camera_node
/home/lin/drone/install/pythonpkg/lib/pythonpkg/flight_controller_node
