[0.710s] Invoking command in '/home/lin/drone/build/cpppkg': CMAKE_PREFIX_PATH=${CMAKE_PREFIX_PATH}:/home/lin/drone/install/pythonpkg:/home/lin/drone/src/install/pythonpkg:/home/lin/ros/src/install/pypkg:/home/lin/ros/install/pypkg:/opt/ros/foxy /usr/bin/cmake --build /home/lin/drone/build/cpppkg -- -j4 -l4
[1.285s] Invoked command in '/home/lin/drone/build/cpppkg' returned '0': CMAKE_PREFIX_PATH=${CMAKE_PREFIX_PATH}:/home/lin/drone/install/pythonpkg:/home/lin/drone/src/install/pythonpkg:/home/lin/ros/src/install/pypkg:/home/lin/ros/install/pypkg:/opt/ros/foxy /usr/bin/cmake --build /home/lin/drone/build/cpppkg -- -j4 -l4
[1.332s] Invoking command in '/home/lin/drone/build/cpppkg': CMAKE_PREFIX_PATH=${CMAKE_PREFIX_PATH}:/home/lin/drone/install/pythonpkg:/home/lin/drone/src/install/pythonpkg:/home/lin/ros/src/install/pypkg:/home/lin/ros/install/pypkg:/opt/ros/foxy /usr/bin/cmake --install /home/lin/drone/build/cpppkg
[1.345s] -- Install configuration: ""
[1.345s] -- Up-to-date: /home/lin/drone/install/cpppkg/share/ament_index/resource_index/package_run_dependencies/cpppkg
[1.346s] -- Up-to-date: /home/lin/drone/install/cpppkg/share/ament_index/resource_index/parent_prefix_path/cpppkg
[1.346s] -- Up-to-date: /home/lin/drone/install/cpppkg/share/cpppkg/environment/ament_prefix_path.sh
[1.347s] -- Up-to-date: /home/lin/drone/install/cpppkg/share/cpppkg/environment/ament_prefix_path.dsv
[1.350s] -- Up-to-date: /home/lin/drone/install/cpppkg/share/cpppkg/environment/path.sh
[1.350s] -- Up-to-date: /home/lin/drone/install/cpppkg/share/cpppkg/environment/path.dsv
[1.351s] -- Up-to-date: /home/lin/drone/install/cpppkg/share/cpppkg/local_setup.bash
[1.351s] -- Up-to-date: /home/lin/drone/install/cpppkg/share/cpppkg/local_setup.sh
[1.351s] -- Up-to-date: /home/lin/drone/install/cpppkg/share/cpppkg/local_setup.zsh
[1.351s] -- Up-to-date: /home/lin/drone/install/cpppkg/share/cpppkg/local_setup.dsv
[1.351s] -- Installing: /home/lin/drone/install/cpppkg/share/cpppkg/package.dsv
[1.351s] -- Up-to-date: /home/lin/drone/install/cpppkg/share/ament_index/resource_index/packages/cpppkg
[1.351s] -- Up-to-date: /home/lin/drone/install/cpppkg/share/cpppkg/cmake/cpppkgConfig.cmake
[1.351s] -- Up-to-date: /home/lin/drone/install/cpppkg/share/cpppkg/cmake/cpppkgConfig-version.cmake
[1.351s] -- Up-to-date: /home/lin/drone/install/cpppkg/share/cpppkg/package.xml
[1.351s] Invoked command in '/home/lin/drone/build/cpppkg' returned '0': CMAKE_PREFIX_PATH=${CMAKE_PREFIX_PATH}:/home/lin/drone/install/pythonpkg:/home/lin/drone/src/install/pythonpkg:/home/lin/ros/src/install/pypkg:/home/lin/ros/install/pypkg:/opt/ros/foxy /usr/bin/cmake --install /home/lin/drone/build/cpppkg
