[1.971s] DEBUG:colcon:Command line arguments: ['/usr/bin/colcon', 'build']
[1.971s] DEBUG:colcon:Parsed command line arguments: Namespace(allow_overriding=[], ament_cmake_args=None, base_paths=['.'], build_base='build', catkin_cmake_args=None, catkin_skip_building_tests=False, cmake_args=None, cmake_clean_cache=False, cmake_clean_first=False, cmake_force_configure=False, cmake_target=None, cmake_target_skip_unavailable=False, continue_on_error=False, event_handlers=None, executor='parallel', ignore_user_meta=False, install_base='install', log_base=None, log_level=None, main=<bound method BuildVerb.main of <colcon_core.verb.build.BuildVerb object at 0x7f0d3314cc70>>, merge_install=False, metas=['./colcon.meta'], packages_above=None, packages_above_and_dependencies=None, packages_above_depth=None, packages_end=None, packages_ignore=None, packages_ignore_regex=None, packages_select=None, packages_select_build_failed=False, packages_select_by_dep=None, packages_select_regex=None, packages_select_test_failures=False, packages_skip=None, packages_skip_build_finished=False, packages_skip_by_dep=None, packages_skip_regex=None, packages_skip_test_passed=False, packages_skip_up_to=None, packages_start=None, packages_up_to=None, packages_up_to_regex=None, parallel_workers=4, paths=None, symlink_install=False, test_result_base=None, verb_extension=<colcon_core.verb.build.BuildVerb object at 0x7f0d3314cc70>, verb_name='build', verb_parser=<colcon_defaults.argument_parser.defaults.DefaultArgumentsDecorator object at 0x7f0d33158400>)
[2.057s] Level 1:colcon.colcon_core.package_discovery:discover_packages(colcon_meta) check parameters
[2.057s] Level 1:colcon.colcon_core.package_discovery:discover_packages(recursive) check parameters
[2.057s] Level 1:colcon.colcon_core.package_discovery:discover_packages(ignore) check parameters
[2.057s] Level 1:colcon.colcon_core.package_discovery:discover_packages(path) check parameters
[2.057s] Level 1:colcon.colcon_core.package_discovery:discover_packages(colcon_meta) discover
[2.057s] Level 1:colcon.colcon_core.package_discovery:discover_packages(recursive) discover
[2.057s] INFO:colcon.colcon_core.package_discovery:Crawling recursively for packages in '/home/lin/drone/src'
[2.057s] Level 1:colcon.colcon_core.package_identification:_identify(.) by extensions ['ignore', 'ignore_ament_install']
[2.057s] Level 1:colcon.colcon_core.package_identification:_identify(.) by extension 'ignore'
[2.058s] Level 1:colcon.colcon_core.package_identification:_identify(.) by extension 'ignore_ament_install'
[2.058s] Level 1:colcon.colcon_core.package_identification:_identify(.) by extensions ['colcon_pkg']
[2.058s] Level 1:colcon.colcon_core.package_identification:_identify(.) by extension 'colcon_pkg'
[2.058s] Level 1:colcon.colcon_core.package_identification:_identify(.) by extensions ['colcon_meta']
[2.058s] Level 1:colcon.colcon_core.package_identification:_identify(.) by extension 'colcon_meta'
[2.058s] Level 1:colcon.colcon_core.package_identification:_identify(.) by extensions ['ros']
[2.058s] Level 1:colcon.colcon_core.package_identification:_identify(.) by extension 'ros'
[2.068s] Level 1:colcon.colcon_core.package_identification:_identify(.) by extensions ['cmake', 'python']
[2.068s] Level 1:colcon.colcon_core.package_identification:_identify(.) by extension 'cmake'
[2.068s] Level 1:colcon.colcon_core.package_identification:_identify(.) by extension 'python'
[2.068s] Level 1:colcon.colcon_core.package_identification:_identify(.) by extensions ['python_setup_py']
[2.068s] Level 1:colcon.colcon_core.package_identification:_identify(.) by extension 'python_setup_py'
[2.068s] Level 1:colcon.colcon_core.package_identification:_identify(build) by extensions ['ignore', 'ignore_ament_install']
[2.069s] Level 1:colcon.colcon_core.package_identification:_identify(build) by extension 'ignore'
[2.069s] Level 1:colcon.colcon_core.package_identification:_identify(build) ignored
[2.069s] Level 1:colcon.colcon_core.package_identification:_identify(cpppkg) by extensions ['ignore', 'ignore_ament_install']
[2.069s] Level 1:colcon.colcon_core.package_identification:_identify(cpppkg) by extension 'ignore'
[2.069s] Level 1:colcon.colcon_core.package_identification:_identify(cpppkg) by extension 'ignore_ament_install'
[2.069s] Level 1:colcon.colcon_core.package_identification:_identify(cpppkg) by extensions ['colcon_pkg']
[2.069s] Level 1:colcon.colcon_core.package_identification:_identify(cpppkg) by extension 'colcon_pkg'
[2.069s] Level 1:colcon.colcon_core.package_identification:_identify(cpppkg) by extensions ['colcon_meta']
[2.069s] Level 1:colcon.colcon_core.package_identification:_identify(cpppkg) by extension 'colcon_meta'
[2.069s] Level 1:colcon.colcon_core.package_identification:_identify(cpppkg) by extensions ['ros']
[2.069s] Level 1:colcon.colcon_core.package_identification:_identify(cpppkg) by extension 'ros'
[2.071s] DEBUG:colcon.colcon_core.package_identification:Package 'cpppkg' with type 'ros.ament_cmake' and name 'cpppkg'
[2.072s] Level 1:colcon.colcon_core.package_identification:_identify(install) by extensions ['ignore', 'ignore_ament_install']
[2.072s] Level 1:colcon.colcon_core.package_identification:_identify(install) by extension 'ignore'
[2.072s] Level 1:colcon.colcon_core.package_identification:_identify(install) ignored
[2.072s] Level 1:colcon.colcon_core.package_identification:_identify(log) by extensions ['ignore', 'ignore_ament_install']
[2.072s] Level 1:colcon.colcon_core.package_identification:_identify(log) by extension 'ignore'
[2.072s] Level 1:colcon.colcon_core.package_identification:_identify(log) ignored
[2.072s] Level 1:colcon.colcon_core.package_identification:_identify(pythonpkg) by extensions ['ignore', 'ignore_ament_install']
[2.072s] Level 1:colcon.colcon_core.package_identification:_identify(pythonpkg) by extension 'ignore'
[2.072s] Level 1:colcon.colcon_core.package_identification:_identify(pythonpkg) by extension 'ignore_ament_install'
[2.072s] Level 1:colcon.colcon_core.package_identification:_identify(pythonpkg) by extensions ['colcon_pkg']
[2.072s] Level 1:colcon.colcon_core.package_identification:_identify(pythonpkg) by extension 'colcon_pkg'
[2.072s] Level 1:colcon.colcon_core.package_identification:_identify(pythonpkg) by extensions ['colcon_meta']
[2.072s] Level 1:colcon.colcon_core.package_identification:_identify(pythonpkg) by extension 'colcon_meta'
[2.072s] Level 1:colcon.colcon_core.package_identification:_identify(pythonpkg) by extensions ['ros']
[2.073s] Level 1:colcon.colcon_core.package_identification:_identify(pythonpkg) by extension 'ros'
[2.073s] DEBUG:colcon.colcon_core.package_identification:Package 'pythonpkg' with type 'ros.ament_python' and name 'pythonpkg'
[2.073s] Level 1:colcon.colcon_core.package_discovery:discover_packages(recursive) using defaults
[2.073s] Level 1:colcon.colcon_core.package_discovery:discover_packages(ignore) discover
[2.073s] Level 1:colcon.colcon_core.package_discovery:discover_packages(ignore) using defaults
[2.073s] Level 1:colcon.colcon_core.package_discovery:discover_packages(path) discover
[2.073s] Level 1:colcon.colcon_core.package_discovery:discover_packages(path) using defaults
[2.251s] Level 1:colcon.colcon_core.package_discovery:discover_packages(prefix_path) check parameters
[2.251s] Level 1:colcon.colcon_core.package_discovery:discover_packages(prefix_path) discover
[2.317s] DEBUG:colcon.colcon_installed_package_information.package_discovery:Found 1 installed packages in /home/lin/ros/install
[2.350s] DEBUG:colcon.colcon_installed_package_information.package_discovery:Found 1 installed packages in /home/lin/ros/src/install
[2.389s] DEBUG:colcon.colcon_installed_package_information.package_discovery:Found 256 installed packages in /opt/ros/foxy
[2.391s] Level 1:colcon.colcon_core.package_discovery:discover_packages(prefix_path) using defaults
[2.533s] Level 5:colcon.colcon_core.verb:set package 'cpppkg' build argument 'cmake_args' from command line to 'None'
[2.533s] Level 5:colcon.colcon_core.verb:set package 'cpppkg' build argument 'cmake_target' from command line to 'None'
[2.533s] Level 5:colcon.colcon_core.verb:set package 'cpppkg' build argument 'cmake_target_skip_unavailable' from command line to 'False'
[2.533s] Level 5:colcon.colcon_core.verb:set package 'cpppkg' build argument 'cmake_clean_cache' from command line to 'False'
[2.533s] Level 5:colcon.colcon_core.verb:set package 'cpppkg' build argument 'cmake_clean_first' from command line to 'False'
[2.533s] Level 5:colcon.colcon_core.verb:set package 'cpppkg' build argument 'cmake_force_configure' from command line to 'False'
[2.533s] Level 5:colcon.colcon_core.verb:set package 'cpppkg' build argument 'ament_cmake_args' from command line to 'None'
[2.533s] Level 5:colcon.colcon_core.verb:set package 'cpppkg' build argument 'catkin_cmake_args' from command line to 'None'
[2.533s] Level 5:colcon.colcon_core.verb:set package 'cpppkg' build argument 'catkin_skip_building_tests' from command line to 'False'
[2.533s] DEBUG:colcon.colcon_core.verb:Building package 'cpppkg' with the following arguments: {'ament_cmake_args': None, 'build_base': '/home/lin/drone/src/build/cpppkg', 'catkin_cmake_args': None, 'catkin_skip_building_tests': False, 'cmake_args': None, 'cmake_clean_cache': False, 'cmake_clean_first': False, 'cmake_force_configure': False, 'cmake_target': None, 'cmake_target_skip_unavailable': False, 'install_base': '/home/lin/drone/src/install/cpppkg', 'merge_install': False, 'path': '/home/lin/drone/src/cpppkg', 'symlink_install': False, 'test_result_base': None}
[2.567s] Level 5:colcon.colcon_core.verb:set package 'pythonpkg' build argument 'cmake_args' from command line to 'None'
[2.567s] Level 5:colcon.colcon_core.verb:set package 'pythonpkg' build argument 'cmake_target' from command line to 'None'
[2.567s] Level 5:colcon.colcon_core.verb:set package 'pythonpkg' build argument 'cmake_target_skip_unavailable' from command line to 'False'
[2.567s] Level 5:colcon.colcon_core.verb:set package 'pythonpkg' build argument 'cmake_clean_cache' from command line to 'False'
[2.567s] Level 5:colcon.colcon_core.verb:set package 'pythonpkg' build argument 'cmake_clean_first' from command line to 'False'
[2.567s] Level 5:colcon.colcon_core.verb:set package 'pythonpkg' build argument 'cmake_force_configure' from command line to 'False'
[2.567s] Level 5:colcon.colcon_core.verb:set package 'pythonpkg' build argument 'ament_cmake_args' from command line to 'None'
[2.567s] Level 5:colcon.colcon_core.verb:set package 'pythonpkg' build argument 'catkin_cmake_args' from command line to 'None'
[2.567s] Level 5:colcon.colcon_core.verb:set package 'pythonpkg' build argument 'catkin_skip_building_tests' from command line to 'False'
[2.567s] DEBUG:colcon.colcon_core.verb:Building package 'pythonpkg' with the following arguments: {'ament_cmake_args': None, 'build_base': '/home/lin/drone/src/build/pythonpkg', 'catkin_cmake_args': None, 'catkin_skip_building_tests': False, 'cmake_args': None, 'cmake_clean_cache': False, 'cmake_clean_first': False, 'cmake_force_configure': False, 'cmake_target': None, 'cmake_target_skip_unavailable': False, 'install_base': '/home/lin/drone/src/install/pythonpkg', 'merge_install': False, 'path': '/home/lin/drone/src/pythonpkg', 'symlink_install': False, 'test_result_base': None}
[2.606s] INFO:colcon.colcon_core.executor:Executing jobs using 'parallel' executor
[2.645s] DEBUG:colcon.colcon_parallel_executor.executor.parallel:run_until_complete
[2.646s] INFO:colcon.colcon_ros.task.ament_cmake.build:Building ROS package in '/home/lin/drone/src/cpppkg' with build type 'ament_cmake'
[2.646s] INFO:colcon.colcon_cmake.task.cmake.build:Building CMake package in '/home/lin/drone/src/cpppkg'
[2.697s] INFO:colcon.colcon_core.plugin_system:Skipping extension 'colcon_core.shell.bat': Not used on non-Windows systems
[2.698s] INFO:colcon.colcon_core.shell:Skip shell extension 'powershell' for command environment: Not usable outside of PowerShell
[2.698s] DEBUG:colcon.colcon_core.shell:Skip shell extension 'dsv' for command environment
[2.890s] INFO:colcon.colcon_ros.task.ament_python.build:Building ROS package in '/home/lin/drone/src/pythonpkg' with build type 'ament_python'
[2.891s] Level 1:colcon.colcon_core.shell:create_environment_hook('pythonpkg', 'ament_prefix_path')
[2.940s] INFO:colcon.colcon_core.shell:Creating environment hook '/home/lin/drone/src/install/pythonpkg/share/pythonpkg/hook/ament_prefix_path.ps1'
[2.941s] INFO:colcon.colcon_core.shell:Creating environment descriptor '/home/lin/drone/src/install/pythonpkg/share/pythonpkg/hook/ament_prefix_path.dsv'
[2.942s] INFO:colcon.colcon_core.shell:Creating environment hook '/home/lin/drone/src/install/pythonpkg/share/pythonpkg/hook/ament_prefix_path.sh'
[3.009s] INFO:colcon.colcon_core.shell:Skip shell extension 'powershell' for command environment: Not usable outside of PowerShell
[3.009s] DEBUG:colcon.colcon_core.shell:Skip shell extension 'dsv' for command environment
[3.224s] DEBUG:colcon.colcon_core.event_handler.log_command:Invoking command in '/home/lin/drone/src/build/cpppkg': CMAKE_PREFIX_PATH=/home/lin/ros/src/install/pypkg:/home/lin/ros/install/pypkg:/opt/ros/foxy /usr/bin/cmake --build /home/lin/drone/src/build/cpppkg -- -j4 -l4
[3.478s] INFO:colcon.colcon_core.task.python.build:Building Python package in '/home/lin/drone/src/pythonpkg'
[3.520s] INFO:colcon.colcon_core.shell:Skip shell extension 'powershell' for command environment: Not usable outside of PowerShell
[3.520s] DEBUG:colcon.colcon_core.shell:Skip shell extension 'dsv' for command environment
[3.723s] DEBUG:colcon.colcon_core.event_handler.log_command:Invoked command in '/home/lin/drone/src/build/cpppkg' returned '0': CMAKE_PREFIX_PATH=/home/lin/ros/src/install/pypkg:/home/lin/ros/install/pypkg:/opt/ros/foxy /usr/bin/cmake --build /home/lin/drone/src/build/cpppkg -- -j4 -l4
[3.779s] DEBUG:colcon.colcon_core.event_handler.log_command:Invoking command in '/home/lin/drone/src/build/cpppkg': CMAKE_PREFIX_PATH=/home/lin/ros/src/install/pypkg:/home/lin/ros/install/pypkg:/opt/ros/foxy /usr/bin/cmake --install /home/lin/drone/src/build/cpppkg
[3.792s] Level 1:colcon.colcon_core.environment:create_environment_scripts_only(cpppkg)
[3.832s] DEBUG:colcon.colcon_core.event_handler.log_command:Invoked command in '/home/lin/drone/src/build/cpppkg' returned '0': CMAKE_PREFIX_PATH=/home/lin/ros/src/install/pypkg:/home/lin/ros/install/pypkg:/opt/ros/foxy /usr/bin/cmake --install /home/lin/drone/src/build/cpppkg
[3.855s] Level 1:colcon.colcon_core.environment:checking '/home/lin/drone/src/install/cpppkg' for CMake module files
[3.856s] Level 1:colcon.colcon_core.environment:checking '/home/lin/drone/src/install/cpppkg' for CMake config files
[3.856s] Level 1:colcon.colcon_core.shell:create_environment_hook('cpppkg', 'cmake_prefix_path')
[3.930s] INFO:colcon.colcon_core.shell:Creating environment hook '/home/lin/drone/src/install/cpppkg/share/cpppkg/hook/cmake_prefix_path.ps1'
[3.931s] INFO:colcon.colcon_core.shell:Creating environment descriptor '/home/lin/drone/src/install/cpppkg/share/cpppkg/hook/cmake_prefix_path.dsv'
[3.932s] INFO:colcon.colcon_core.shell:Creating environment hook '/home/lin/drone/src/install/cpppkg/share/cpppkg/hook/cmake_prefix_path.sh'
[3.934s] Level 1:colcon.colcon_core.environment:checking '/home/lin/drone/src/install/cpppkg/bin'
[3.934s] Level 1:colcon.colcon_core.environment:checking '/home/lin/drone/src/install/cpppkg/lib/pkgconfig/cpppkg.pc'
[3.934s] Level 1:colcon.colcon_core.environment:checking '/home/lin/drone/src/install/cpppkg/lib/python3.8/site-packages'
[3.935s] Level 1:colcon.colcon_core.environment:checking '/home/lin/drone/src/install/cpppkg/bin'
[4.052s] INFO:colcon.colcon_core.shell:Creating package script '/home/lin/drone/src/install/cpppkg/share/cpppkg/package.ps1'
[4.055s] INFO:colcon.colcon_core.shell:Creating package descriptor '/home/lin/drone/src/install/cpppkg/share/cpppkg/package.dsv'
[4.056s] INFO:colcon.colcon_core.shell:Creating package script '/home/lin/drone/src/install/cpppkg/share/cpppkg/package.sh'
[4.058s] INFO:colcon.colcon_core.shell:Creating package script '/home/lin/drone/src/install/cpppkg/share/cpppkg/package.bash'
[4.059s] INFO:colcon.colcon_core.shell:Creating package script '/home/lin/drone/src/install/cpppkg/share/cpppkg/package.zsh'
[4.061s] Level 1:colcon.colcon_core.environment:create_file_with_runtime_dependencies(/home/lin/drone/src/install/cpppkg/share/colcon-core/packages/cpppkg)
[4.292s] Level 1:colcon.colcon_core.environment:create_environment_scripts_only(cpppkg)
[4.420s] Level 1:colcon.colcon_core.environment:checking '/home/lin/drone/src/install/cpppkg' for CMake module files
[4.421s] Level 1:colcon.colcon_core.environment:checking '/home/lin/drone/src/install/cpppkg' for CMake config files
[4.421s] Level 1:colcon.colcon_core.shell:create_environment_hook('cpppkg', 'cmake_prefix_path')
[4.494s] INFO:colcon.colcon_core.shell:Creating environment hook '/home/lin/drone/src/install/cpppkg/share/cpppkg/hook/cmake_prefix_path.ps1'
[4.495s] INFO:colcon.colcon_core.shell:Creating environment descriptor '/home/lin/drone/src/install/cpppkg/share/cpppkg/hook/cmake_prefix_path.dsv'
[4.496s] INFO:colcon.colcon_core.shell:Creating environment hook '/home/lin/drone/src/install/cpppkg/share/cpppkg/hook/cmake_prefix_path.sh'
[4.497s] Level 1:colcon.colcon_core.environment:checking '/home/lin/drone/src/install/cpppkg/bin'
[4.497s] Level 1:colcon.colcon_core.environment:checking '/home/lin/drone/src/install/cpppkg/lib/pkgconfig/cpppkg.pc'
[4.497s] Level 1:colcon.colcon_core.environment:checking '/home/lin/drone/src/install/cpppkg/lib/python3.8/site-packages'
[4.497s] Level 1:colcon.colcon_core.environment:checking '/home/lin/drone/src/install/cpppkg/bin'
[4.535s] INFO:colcon.colcon_core.shell:Creating package script '/home/lin/drone/src/install/cpppkg/share/cpppkg/package.ps1'
[4.539s] INFO:colcon.colcon_core.shell:Creating package descriptor '/home/lin/drone/src/install/cpppkg/share/cpppkg/package.dsv'
[4.543s] INFO:colcon.colcon_core.shell:Creating package script '/home/lin/drone/src/install/cpppkg/share/cpppkg/package.sh'
[4.544s] INFO:colcon.colcon_core.shell:Creating package script '/home/lin/drone/src/install/cpppkg/share/cpppkg/package.bash'
[4.544s] INFO:colcon.colcon_core.shell:Creating package script '/home/lin/drone/src/install/cpppkg/share/cpppkg/package.zsh'
[4.545s] Level 1:colcon.colcon_core.environment:create_file_with_runtime_dependencies(/home/lin/drone/src/install/cpppkg/share/colcon-core/packages/cpppkg)
[4.547s] DEBUG:colcon.colcon_core.event_handler.log_command:Invoking command in '/home/lin/drone/src/pythonpkg': PYTHONPATH=/home/lin/drone/src/build/pythonpkg/prefix_override:/home/lin/drone/src/install/pythonpkg/lib/python3.8/site-packages:${PYTHONPATH} /usr/bin/python3 setup.py egg_info --egg-base ../build/pythonpkg build --build-base /home/lin/drone/src/build/pythonpkg/build install --record /home/lin/drone/src/build/pythonpkg/install.log --install-scripts $base/lib/pythonpkg --single-version-externally-managed
[4.927s] DEBUG:colcon.colcon_core.event_handler.log_command:Invoked command in '/home/lin/drone/src/pythonpkg' returned '0': PYTHONPATH=/home/lin/drone/src/build/pythonpkg/prefix_override:/home/lin/drone/src/install/pythonpkg/lib/python3.8/site-packages:${PYTHONPATH} /usr/bin/python3 setup.py egg_info --egg-base ../build/pythonpkg build --build-base /home/lin/drone/src/build/pythonpkg/build install --record /home/lin/drone/src/build/pythonpkg/install.log --install-scripts $base/lib/pythonpkg --single-version-externally-managed
[4.985s] Level 1:colcon.colcon_core.environment:checking '/home/lin/drone/src/install/pythonpkg' for CMake module files
[4.985s] Level 1:colcon.colcon_core.environment:checking '/home/lin/drone/src/install/pythonpkg' for CMake config files
[4.986s] Level 1:colcon.colcon_core.environment:checking '/home/lin/drone/src/install/pythonpkg/lib'
[4.988s] Level 1:colcon.colcon_core.environment:checking '/home/lin/drone/src/install/pythonpkg/bin'
[4.988s] Level 1:colcon.colcon_core.environment:checking '/home/lin/drone/src/install/pythonpkg/lib/pkgconfig/pythonpkg.pc'
[4.988s] Level 1:colcon.colcon_core.environment:checking '/home/lin/drone/src/install/pythonpkg/lib/python3.8/site-packages'
[4.988s] Level 1:colcon.colcon_core.shell:create_environment_hook('pythonpkg', 'pythonpath')
[5.031s] INFO:colcon.colcon_core.shell:Creating environment hook '/home/lin/drone/src/install/pythonpkg/share/pythonpkg/hook/pythonpath.ps1'
[5.032s] INFO:colcon.colcon_core.shell:Creating environment descriptor '/home/lin/drone/src/install/pythonpkg/share/pythonpkg/hook/pythonpath.dsv'
[5.032s] INFO:colcon.colcon_core.shell:Creating environment hook '/home/lin/drone/src/install/pythonpkg/share/pythonpkg/hook/pythonpath.sh'
[5.033s] Level 1:colcon.colcon_core.environment:checking '/home/lin/drone/src/install/pythonpkg/bin'
[5.033s] Level 1:colcon.colcon_core.environment:create_environment_scripts_only(pythonpkg)
[5.084s] INFO:colcon.colcon_core.shell:Creating package script '/home/lin/drone/src/install/pythonpkg/share/pythonpkg/package.ps1'
[5.085s] INFO:colcon.colcon_core.shell:Creating package descriptor '/home/lin/drone/src/install/pythonpkg/share/pythonpkg/package.dsv'
[5.085s] INFO:colcon.colcon_core.shell:Creating package script '/home/lin/drone/src/install/pythonpkg/share/pythonpkg/package.sh'
[5.086s] INFO:colcon.colcon_core.shell:Creating package script '/home/lin/drone/src/install/pythonpkg/share/pythonpkg/package.bash'
[5.086s] INFO:colcon.colcon_core.shell:Creating package script '/home/lin/drone/src/install/pythonpkg/share/pythonpkg/package.zsh'
[5.087s] Level 1:colcon.colcon_core.environment:create_file_with_runtime_dependencies(/home/lin/drone/src/install/pythonpkg/share/colcon-core/packages/pythonpkg)
[5.087s] DEBUG:colcon.colcon_parallel_executor.executor.parallel:closing loop
[5.088s] DEBUG:colcon.colcon_parallel_executor.executor.parallel:loop closed
[5.088s] DEBUG:colcon.colcon_parallel_executor.executor.parallel:run_until_complete finished with '0'
[5.089s] DEBUG:colcon.colcon_core.event_reactor:joining thread
[5.195s] INFO:colcon.colcon_core.plugin_system:Skipping extension 'colcon_notification.desktop_notification.terminal_notifier': Not used on non-Darwin systems
[5.198s] INFO:colcon.colcon_core.plugin_system:Skipping extension 'colcon_notification.desktop_notification.win32': Not used on non-Windows systems
[5.199s] INFO:colcon.colcon_notification.desktop_notification:Sending desktop notification using 'notify2'
[5.220s] DEBUG:colcon.colcon_core.event_reactor:joined thread
[5.286s] INFO:colcon.colcon_core.shell:Creating prefix script '/home/lin/drone/src/install/local_setup.ps1'
[5.288s] INFO:colcon.colcon_core.shell:Creating prefix util module '/home/lin/drone/src/install/_local_setup_util_ps1.py'
[5.292s] INFO:colcon.colcon_core.shell:Creating prefix chain script '/home/lin/drone/src/install/setup.ps1'
[5.347s] INFO:colcon.colcon_core.shell:Creating prefix script '/home/lin/drone/src/install/local_setup.sh'
[5.348s] INFO:colcon.colcon_core.shell:Creating prefix util module '/home/lin/drone/src/install/_local_setup_util_sh.py'
[5.348s] INFO:colcon.colcon_core.shell:Creating prefix chain script '/home/lin/drone/src/install/setup.sh'
[5.398s] INFO:colcon.colcon_core.shell:Creating prefix script '/home/lin/drone/src/install/local_setup.bash'
[5.399s] INFO:colcon.colcon_core.shell:Creating prefix chain script '/home/lin/drone/src/install/setup.bash'
[5.443s] INFO:colcon.colcon_core.shell:Creating prefix script '/home/lin/drone/src/install/local_setup.zsh'
[5.444s] INFO:colcon.colcon_core.shell:Creating prefix chain script '/home/lin/drone/src/install/setup.zsh'
