[0.487s] Invoking command in '/home/lin/drone/src/build/cpppkg': CMAKE_PREFIX_PATH=/home/lin/ros/src/install/pypkg:/home/lin/ros/install/pypkg:/opt/ros/foxy /usr/bin/cmake --build /home/lin/drone/src/build/cpppkg -- -j4 -l4
[0.907s] Invoked command in '/home/lin/drone/src/build/cpppkg' returned '0': CMAKE_PREFIX_PATH=/home/lin/ros/src/install/pypkg:/home/lin/ros/install/pypkg:/opt/ros/foxy /usr/bin/cmake --build /home/lin/drone/src/build/cpppkg -- -j4 -l4
[0.947s] Invoking command in '/home/lin/drone/src/build/cpppkg': CMAKE_PREFIX_PATH=/home/lin/ros/src/install/pypkg:/home/lin/ros/install/pypkg:/opt/ros/foxy /usr/bin/cmake --install /home/lin/drone/src/build/cpppkg
[0.956s] -- Install configuration: ""
[0.956s] -- Up-to-date: /home/lin/drone/src/install/cpppkg/share/ament_index/resource_index/package_run_dependencies/cpppkg
[0.956s] -- Up-to-date: /home/lin/drone/src/install/cpppkg/share/ament_index/resource_index/parent_prefix_path/cpppkg
[0.956s] -- Up-to-date: /home/lin/drone/src/install/cpppkg/share/cpppkg/environment/ament_prefix_path.sh
[0.957s] -- Up-to-date: /home/lin/drone/src/install/cpppkg/share/cpppkg/environment/ament_prefix_path.dsv
[0.957s] -- Up-to-date: /home/lin/drone/src/install/cpppkg/share/cpppkg/environment/path.sh
[0.957s] -- Up-to-date: /home/lin/drone/src/install/cpppkg/share/cpppkg/environment/path.dsv
[0.957s] -- Up-to-date: /home/lin/drone/src/install/cpppkg/share/cpppkg/local_setup.bash
[0.958s] -- Up-to-date: /home/lin/drone/src/install/cpppkg/share/cpppkg/local_setup.sh
[0.958s] -- Up-to-date: /home/lin/drone/src/install/cpppkg/share/cpppkg/local_setup.zsh
[0.958s] -- Up-to-date: /home/lin/drone/src/install/cpppkg/share/cpppkg/local_setup.dsv
[0.958s] -- Installing: /home/lin/drone/src/install/cpppkg/share/cpppkg/package.dsv
[0.960s] -- Up-to-date: /home/lin/drone/src/install/cpppkg/share/ament_index/resource_index/packages/cpppkg
[0.964s] -- Up-to-date: /home/lin/drone/src/install/cpppkg/share/cpppkg/cmake/cpppkgConfig.cmake
[0.966s] -- Up-to-date: /home/lin/drone/src/install/cpppkg/share/cpppkg/cmake/cpppkgConfig-version.cmake
[0.966s] -- Up-to-date: /home/lin/drone/src/install/cpppkg/share/cpppkg/package.xml
[0.967s] Invoked command in '/home/lin/drone/src/build/cpppkg' returned '0': CMAKE_PREFIX_PATH=/home/lin/ros/src/install/pypkg:/home/lin/ros/install/pypkg:/opt/ros/foxy /usr/bin/cmake --install /home/lin/drone/src/build/cpppkg
