[1.251s] Invoking command in '/home/lin/drone/src/pythonpkg': PYTHONPATH=/home/lin/drone/src/build/pythonpkg/prefix_override:/home/lin/drone/src/install/pythonpkg/lib/python3.8/site-packages:${PYTHONPATH} /usr/bin/python3 setup.py egg_info --egg-base ../build/pythonpkg build --build-base /home/lin/drone/src/build/pythonpkg/build install --record /home/lin/drone/src/build/pythonpkg/install.log --install-scripts $base/lib/pythonpkg --single-version-externally-managed
[1.475s] running egg_info
[1.476s] writing ../build/pythonpkg/pythonpkg.egg-info/PKG-INFO
[1.476s] writing dependency_links to ../build/pythonpkg/pythonpkg.egg-info/dependency_links.txt
[1.477s] writing entry points to ../build/pythonpkg/pythonpkg.egg-info/entry_points.txt
[1.477s] writing requirements to ../build/pythonpkg/pythonpkg.egg-info/requires.txt
[1.477s] writing top-level names to ../build/pythonpkg/pythonpkg.egg-info/top_level.txt
[1.506s] reading manifest file '../build/pythonpkg/pythonpkg.egg-info/SOURCES.txt'
[1.507s] writing manifest file '../build/pythonpkg/pythonpkg.egg-info/SOURCES.txt'
[1.507s] running build
[1.508s] running build_py
[1.508s] copying pythonpkg/flight_controller_node.py -> /home/lin/drone/src/build/pythonpkg/build/lib/pythonpkg
[1.508s] running install
[1.509s] running install_lib
[1.509s] copying /home/lin/drone/src/build/pythonpkg/build/lib/pythonpkg/flight_controller_node.py -> /home/lin/drone/src/install/pythonpkg/lib/python3.8/site-packages/pythonpkg
[1.510s] byte-compiling /home/lin/drone/src/install/pythonpkg/lib/python3.8/site-packages/pythonpkg/flight_controller_node.py to flight_controller_node.cpython-38.pyc
[1.511s] running install_data
[1.511s] running install_egg_info
[1.513s] removing '/home/lin/drone/src/install/pythonpkg/lib/python3.8/site-packages/pythonpkg-0.0.0-py3.8.egg-info' (and everything under it)
[1.513s] Copying ../build/pythonpkg/pythonpkg.egg-info to /home/lin/drone/src/install/pythonpkg/lib/python3.8/site-packages/pythonpkg-0.0.0-py3.8.egg-info
[1.514s] running install_scripts
[1.530s] Installing camera_node script to /home/lin/drone/src/install/pythonpkg/lib/pythonpkg
[1.531s] Installing flight_controller_node script to /home/lin/drone/src/install/pythonpkg/lib/pythonpkg
[1.531s] writing list of installed files to '/home/lin/drone/src/build/pythonpkg/install.log'
[1.552s] Invoked command in '/home/lin/drone/src/pythonpkg' returned '0': PYTHONPATH=/home/lin/drone/src/build/pythonpkg/prefix_override:/home/lin/drone/src/install/pythonpkg/lib/python3.8/site-packages:${PYTHONPATH} /usr/bin/python3 setup.py egg_info --egg-base ../build/pythonpkg build --build-base /home/lin/drone/src/build/pythonpkg/build install --record /home/lin/drone/src/build/pythonpkg/install.log --install-scripts $base/lib/pythonpkg --single-version-externally-managed
