[1.986s] DEBUG:colcon:Command line arguments: ['/usr/bin/colcon', 'build']
[1.986s] DEBUG:colcon:Parsed command line arguments: Namespace(allow_overriding=[], ament_cmake_args=None, base_paths=['.'], build_base='build', catkin_cmake_args=None, catkin_skip_building_tests=False, cmake_args=None, cmake_clean_cache=False, cmake_clean_first=False, cmake_force_configure=False, cmake_target=None, cmake_target_skip_unavailable=False, continue_on_error=False, event_handlers=None, executor='parallel', ignore_user_meta=False, install_base='install', log_base=None, log_level=None, main=<bound method BuildVerb.main of <colcon_core.verb.build.BuildVerb object at 0x7fea6c1febb0>>, merge_install=False, metas=['./colcon.meta'], packages_above=None, packages_above_and_dependencies=None, packages_above_depth=None, packages_end=None, packages_ignore=None, packages_ignore_regex=None, packages_select=None, packages_select_build_failed=False, packages_select_by_dep=None, packages_select_regex=None, packages_select_test_failures=False, packages_skip=None, packages_skip_build_finished=False, packages_skip_by_dep=None, packages_skip_regex=None, packages_skip_test_passed=False, packages_skip_up_to=None, packages_start=None, packages_up_to=None, packages_up_to_regex=None, parallel_workers=4, paths=None, symlink_install=False, test_result_base=None, verb_extension=<colcon_core.verb.build.BuildVerb object at 0x7fea6c1febb0>, verb_name='build', verb_parser=<colcon_defaults.argument_parser.defaults.DefaultArgumentsDecorator object at 0x7fea6c20a340>)
[2.079s] Level 1:colcon.colcon_core.package_discovery:discover_packages(colcon_meta) check parameters
[2.079s] Level 1:colcon.colcon_core.package_discovery:discover_packages(recursive) check parameters
[2.079s] Level 1:colcon.colcon_core.package_discovery:discover_packages(ignore) check parameters
[2.079s] Level 1:colcon.colcon_core.package_discovery:discover_packages(path) check parameters
[2.079s] Level 1:colcon.colcon_core.package_discovery:discover_packages(colcon_meta) discover
[2.079s] Level 1:colcon.colcon_core.package_discovery:discover_packages(recursive) discover
[2.079s] INFO:colcon.colcon_core.package_discovery:Crawling recursively for packages in '/home/lin/drone'
[2.079s] Level 1:colcon.colcon_core.package_identification:_identify(.) by extensions ['ignore', 'ignore_ament_install']
[2.079s] Level 1:colcon.colcon_core.package_identification:_identify(.) by extension 'ignore'
[2.079s] Level 1:colcon.colcon_core.package_identification:_identify(.) by extension 'ignore_ament_install'
[2.080s] Level 1:colcon.colcon_core.package_identification:_identify(.) by extensions ['colcon_pkg']
[2.080s] Level 1:colcon.colcon_core.package_identification:_identify(.) by extension 'colcon_pkg'
[2.080s] Level 1:colcon.colcon_core.package_identification:_identify(.) by extensions ['colcon_meta']
[2.080s] Level 1:colcon.colcon_core.package_identification:_identify(.) by extension 'colcon_meta'
[2.080s] Level 1:colcon.colcon_core.package_identification:_identify(.) by extensions ['ros']
[2.080s] Level 1:colcon.colcon_core.package_identification:_identify(.) by extension 'ros'
[2.090s] Level 1:colcon.colcon_core.package_identification:_identify(.) by extensions ['cmake', 'python']
[2.090s] Level 1:colcon.colcon_core.package_identification:_identify(.) by extension 'cmake'
[2.090s] Level 1:colcon.colcon_core.package_identification:_identify(.) by extension 'python'
[2.090s] Level 1:colcon.colcon_core.package_identification:_identify(.) by extensions ['python_setup_py']
[2.090s] Level 1:colcon.colcon_core.package_identification:_identify(.) by extension 'python_setup_py'
[2.090s] Level 1:colcon.colcon_core.package_identification:_identify(build) by extensions ['ignore', 'ignore_ament_install']
[2.090s] Level 1:colcon.colcon_core.package_identification:_identify(build) by extension 'ignore'
[2.091s] Level 1:colcon.colcon_core.package_identification:_identify(build) ignored
[2.091s] Level 1:colcon.colcon_core.package_identification:_identify(install) by extensions ['ignore', 'ignore_ament_install']
[2.091s] Level 1:colcon.colcon_core.package_identification:_identify(install) by extension 'ignore'
[2.091s] Level 1:colcon.colcon_core.package_identification:_identify(install) ignored
[2.091s] Level 1:colcon.colcon_core.package_identification:_identify(log) by extensions ['ignore', 'ignore_ament_install']
[2.091s] Level 1:colcon.colcon_core.package_identification:_identify(log) by extension 'ignore'
[2.091s] Level 1:colcon.colcon_core.package_identification:_identify(log) ignored
[2.091s] Level 1:colcon.colcon_core.package_identification:_identify(src) by extensions ['ignore', 'ignore_ament_install']
[2.091s] Level 1:colcon.colcon_core.package_identification:_identify(src) by extension 'ignore'
[2.091s] Level 1:colcon.colcon_core.package_identification:_identify(src) by extension 'ignore_ament_install'
[2.091s] Level 1:colcon.colcon_core.package_identification:_identify(src) by extensions ['colcon_pkg']
[2.091s] Level 1:colcon.colcon_core.package_identification:_identify(src) by extension 'colcon_pkg'
[2.091s] Level 1:colcon.colcon_core.package_identification:_identify(src) by extensions ['colcon_meta']
[2.092s] Level 1:colcon.colcon_core.package_identification:_identify(src) by extension 'colcon_meta'
[2.092s] Level 1:colcon.colcon_core.package_identification:_identify(src) by extensions ['ros']
[2.092s] Level 1:colcon.colcon_core.package_identification:_identify(src) by extension 'ros'
[2.092s] Level 1:colcon.colcon_core.package_identification:_identify(src) by extensions ['cmake', 'python']
[2.092s] Level 1:colcon.colcon_core.package_identification:_identify(src) by extension 'cmake'
[2.092s] Level 1:colcon.colcon_core.package_identification:_identify(src) by extension 'python'
[2.092s] Level 1:colcon.colcon_core.package_identification:_identify(src) by extensions ['python_setup_py']
[2.092s] Level 1:colcon.colcon_core.package_identification:_identify(src) by extension 'python_setup_py'
[2.092s] Level 1:colcon.colcon_core.package_identification:_identify(src/build) by extensions ['ignore', 'ignore_ament_install']
[2.092s] Level 1:colcon.colcon_core.package_identification:_identify(src/build) by extension 'ignore'
[2.092s] Level 1:colcon.colcon_core.package_identification:_identify(src/build) ignored
[2.092s] Level 1:colcon.colcon_core.package_identification:_identify(src/cpppkg) by extensions ['ignore', 'ignore_ament_install']
[2.092s] Level 1:colcon.colcon_core.package_identification:_identify(src/cpppkg) by extension 'ignore'
[2.092s] Level 1:colcon.colcon_core.package_identification:_identify(src/cpppkg) by extension 'ignore_ament_install'
[2.092s] Level 1:colcon.colcon_core.package_identification:_identify(src/cpppkg) by extensions ['colcon_pkg']
[2.093s] Level 1:colcon.colcon_core.package_identification:_identify(src/cpppkg) by extension 'colcon_pkg'
[2.093s] Level 1:colcon.colcon_core.package_identification:_identify(src/cpppkg) by extensions ['colcon_meta']
[2.093s] Level 1:colcon.colcon_core.package_identification:_identify(src/cpppkg) by extension 'colcon_meta'
[2.093s] Level 1:colcon.colcon_core.package_identification:_identify(src/cpppkg) by extensions ['ros']
[2.093s] Level 1:colcon.colcon_core.package_identification:_identify(src/cpppkg) by extension 'ros'
[2.095s] DEBUG:colcon.colcon_core.package_identification:Package 'src/cpppkg' with type 'ros.ament_cmake' and name 'cpppkg'
[2.095s] Level 1:colcon.colcon_core.package_identification:_identify(src/install) by extensions ['ignore', 'ignore_ament_install']
[2.095s] Level 1:colcon.colcon_core.package_identification:_identify(src/install) by extension 'ignore'
[2.095s] Level 1:colcon.colcon_core.package_identification:_identify(src/install) ignored
[2.095s] Level 1:colcon.colcon_core.package_identification:_identify(src/log) by extensions ['ignore', 'ignore_ament_install']
[2.095s] Level 1:colcon.colcon_core.package_identification:_identify(src/log) by extension 'ignore'
[2.095s] Level 1:colcon.colcon_core.package_identification:_identify(src/log) ignored
[2.096s] Level 1:colcon.colcon_core.package_identification:_identify(src/pythonpkg) by extensions ['ignore', 'ignore_ament_install']
[2.096s] Level 1:colcon.colcon_core.package_identification:_identify(src/pythonpkg) by extension 'ignore'
[2.096s] Level 1:colcon.colcon_core.package_identification:_identify(src/pythonpkg) by extension 'ignore_ament_install'
[2.096s] Level 1:colcon.colcon_core.package_identification:_identify(src/pythonpkg) by extensions ['colcon_pkg']
[2.096s] Level 1:colcon.colcon_core.package_identification:_identify(src/pythonpkg) by extension 'colcon_pkg'
[2.096s] Level 1:colcon.colcon_core.package_identification:_identify(src/pythonpkg) by extensions ['colcon_meta']
[2.096s] Level 1:colcon.colcon_core.package_identification:_identify(src/pythonpkg) by extension 'colcon_meta'
[2.096s] Level 1:colcon.colcon_core.package_identification:_identify(src/pythonpkg) by extensions ['ros']
[2.096s] Level 1:colcon.colcon_core.package_identification:_identify(src/pythonpkg) by extension 'ros'
[2.096s] DEBUG:colcon.colcon_core.package_identification:Package 'src/pythonpkg' with type 'ros.ament_python' and name 'pythonpkg'
[2.097s] Level 1:colcon.colcon_core.package_discovery:discover_packages(recursive) using defaults
[2.097s] Level 1:colcon.colcon_core.package_discovery:discover_packages(ignore) discover
[2.097s] Level 1:colcon.colcon_core.package_discovery:discover_packages(ignore) using defaults
[2.097s] Level 1:colcon.colcon_core.package_discovery:discover_packages(path) discover
[2.097s] Level 1:colcon.colcon_core.package_discovery:discover_packages(path) using defaults
[2.278s] Level 1:colcon.colcon_core.package_discovery:discover_packages(prefix_path) check parameters
[2.278s] Level 1:colcon.colcon_core.package_discovery:discover_packages(prefix_path) discover
[2.346s] DEBUG:colcon.colcon_installed_package_information.package_discovery:Found 2 installed packages in /home/lin/drone/install
[2.384s] DEBUG:colcon.colcon_installed_package_information.package_discovery:Found 1 installed packages in /home/lin/ros/install
[2.418s] DEBUG:colcon.colcon_installed_package_information.package_discovery:Found 1 installed packages in /home/lin/ros/src/install
[2.452s] DEBUG:colcon.colcon_installed_package_information.package_discovery:Found 2 installed packages in /home/lin/drone/src/install
[2.486s] DEBUG:colcon.colcon_installed_package_information.package_discovery:Found 256 installed packages in /opt/ros/foxy
[2.488s] Level 1:colcon.colcon_core.package_discovery:discover_packages(prefix_path) using defaults
[2.637s] Level 5:colcon.colcon_core.verb:set package 'cpppkg' build argument 'cmake_args' from command line to 'None'
[2.637s] Level 5:colcon.colcon_core.verb:set package 'cpppkg' build argument 'cmake_target' from command line to 'None'
[2.637s] Level 5:colcon.colcon_core.verb:set package 'cpppkg' build argument 'cmake_target_skip_unavailable' from command line to 'False'
[2.637s] Level 5:colcon.colcon_core.verb:set package 'cpppkg' build argument 'cmake_clean_cache' from command line to 'False'
[2.637s] Level 5:colcon.colcon_core.verb:set package 'cpppkg' build argument 'cmake_clean_first' from command line to 'False'
[2.637s] Level 5:colcon.colcon_core.verb:set package 'cpppkg' build argument 'cmake_force_configure' from command line to 'False'
[2.637s] Level 5:colcon.colcon_core.verb:set package 'cpppkg' build argument 'ament_cmake_args' from command line to 'None'
[2.637s] Level 5:colcon.colcon_core.verb:set package 'cpppkg' build argument 'catkin_cmake_args' from command line to 'None'
[2.637s] Level 5:colcon.colcon_core.verb:set package 'cpppkg' build argument 'catkin_skip_building_tests' from command line to 'False'
[2.637s] DEBUG:colcon.colcon_core.verb:Building package 'cpppkg' with the following arguments: {'ament_cmake_args': None, 'build_base': '/home/lin/drone/build/cpppkg', 'catkin_cmake_args': None, 'catkin_skip_building_tests': False, 'cmake_args': None, 'cmake_clean_cache': False, 'cmake_clean_first': False, 'cmake_force_configure': False, 'cmake_target': None, 'cmake_target_skip_unavailable': False, 'install_base': '/home/lin/drone/install/cpppkg', 'merge_install': False, 'path': '/home/lin/drone/src/cpppkg', 'symlink_install': False, 'test_result_base': None}
[2.670s] Level 5:colcon.colcon_core.verb:set package 'pythonpkg' build argument 'cmake_args' from command line to 'None'
[2.671s] Level 5:colcon.colcon_core.verb:set package 'pythonpkg' build argument 'cmake_target' from command line to 'None'
[2.671s] Level 5:colcon.colcon_core.verb:set package 'pythonpkg' build argument 'cmake_target_skip_unavailable' from command line to 'False'
[2.671s] Level 5:colcon.colcon_core.verb:set package 'pythonpkg' build argument 'cmake_clean_cache' from command line to 'False'
[2.671s] Level 5:colcon.colcon_core.verb:set package 'pythonpkg' build argument 'cmake_clean_first' from command line to 'False'
[2.671s] Level 5:colcon.colcon_core.verb:set package 'pythonpkg' build argument 'cmake_force_configure' from command line to 'False'
[2.671s] Level 5:colcon.colcon_core.verb:set package 'pythonpkg' build argument 'ament_cmake_args' from command line to 'None'
[2.671s] Level 5:colcon.colcon_core.verb:set package 'pythonpkg' build argument 'catkin_cmake_args' from command line to 'None'
[2.671s] Level 5:colcon.colcon_core.verb:set package 'pythonpkg' build argument 'catkin_skip_building_tests' from command line to 'False'
[2.671s] DEBUG:colcon.colcon_core.verb:Building package 'pythonpkg' with the following arguments: {'ament_cmake_args': None, 'build_base': '/home/lin/drone/build/pythonpkg', 'catkin_cmake_args': None, 'catkin_skip_building_tests': False, 'cmake_args': None, 'cmake_clean_cache': False, 'cmake_clean_first': False, 'cmake_force_configure': False, 'cmake_target': None, 'cmake_target_skip_unavailable': False, 'install_base': '/home/lin/drone/install/pythonpkg', 'merge_install': False, 'path': '/home/lin/drone/src/pythonpkg', 'symlink_install': False, 'test_result_base': None}
[2.703s] INFO:colcon.colcon_core.executor:Executing jobs using 'parallel' executor
[2.736s] DEBUG:colcon.colcon_parallel_executor.executor.parallel:run_until_complete
[2.737s] INFO:colcon.colcon_ros.task.ament_cmake.build:Building ROS package in '/home/lin/drone/src/cpppkg' with build type 'ament_cmake'
[2.737s] INFO:colcon.colcon_cmake.task.cmake.build:Building CMake package in '/home/lin/drone/src/cpppkg'
[2.780s] INFO:colcon.colcon_core.plugin_system:Skipping extension 'colcon_core.shell.bat': Not used on non-Windows systems
[2.781s] INFO:colcon.colcon_core.shell:Skip shell extension 'powershell' for command environment: Not usable outside of PowerShell
[2.781s] DEBUG:colcon.colcon_core.shell:Skip shell extension 'dsv' for command environment
[3.036s] INFO:colcon.colcon_ros.task.ament_python.build:Building ROS package in '/home/lin/drone/src/pythonpkg' with build type 'ament_python'
[3.036s] Level 1:colcon.colcon_core.shell:create_environment_hook('pythonpkg', 'ament_prefix_path')
[3.081s] INFO:colcon.colcon_core.shell:Creating environment hook '/home/lin/drone/install/pythonpkg/share/pythonpkg/hook/ament_prefix_path.ps1'
[3.083s] INFO:colcon.colcon_core.shell:Creating environment descriptor '/home/lin/drone/install/pythonpkg/share/pythonpkg/hook/ament_prefix_path.dsv'
[3.095s] INFO:colcon.colcon_core.shell:Creating environment hook '/home/lin/drone/install/pythonpkg/share/pythonpkg/hook/ament_prefix_path.sh'
[3.147s] INFO:colcon.colcon_core.shell:Skip shell extension 'powershell' for command environment: Not usable outside of PowerShell
[3.147s] DEBUG:colcon.colcon_core.shell:Skip shell extension 'dsv' for command environment
[3.381s] DEBUG:colcon.colcon_core.event_handler.log_command:Invoking command in '/home/lin/drone/build/cpppkg': CMAKE_PREFIX_PATH=${CMAKE_PREFIX_PATH}:/home/lin/drone/install/pythonpkg:/home/lin/drone/src/install/pythonpkg:/home/lin/ros/src/install/pypkg:/home/lin/ros/install/pypkg:/opt/ros/foxy /usr/bin/cmake --build /home/lin/drone/build/cpppkg -- -j4 -l4
[3.605s] INFO:colcon.colcon_core.task.python.build:Building Python package in '/home/lin/drone/src/pythonpkg'
[3.646s] INFO:colcon.colcon_core.shell:Skip shell extension 'powershell' for command environment: Not usable outside of PowerShell
[3.646s] DEBUG:colcon.colcon_core.shell:Skip shell extension 'dsv' for command environment
[3.875s] DEBUG:colcon.colcon_core.event_handler.log_command:Invoked command in '/home/lin/drone/build/cpppkg' returned '0': CMAKE_PREFIX_PATH=${CMAKE_PREFIX_PATH}:/home/lin/drone/install/pythonpkg:/home/lin/drone/src/install/pythonpkg:/home/lin/ros/src/install/pypkg:/home/lin/ros/install/pypkg:/opt/ros/foxy /usr/bin/cmake --build /home/lin/drone/build/cpppkg -- -j4 -l4
[3.920s] DEBUG:colcon.colcon_core.event_handler.log_command:Invoking command in '/home/lin/drone/build/cpppkg': CMAKE_PREFIX_PATH=${CMAKE_PREFIX_PATH}:/home/lin/drone/install/pythonpkg:/home/lin/drone/src/install/pythonpkg:/home/lin/ros/src/install/pypkg:/home/lin/ros/install/pypkg:/opt/ros/foxy /usr/bin/cmake --install /home/lin/drone/build/cpppkg
[3.932s] Level 1:colcon.colcon_core.environment:create_environment_scripts_only(cpppkg)
[3.943s] DEBUG:colcon.colcon_core.event_handler.log_command:Invoked command in '/home/lin/drone/build/cpppkg' returned '0': CMAKE_PREFIX_PATH=${CMAKE_PREFIX_PATH}:/home/lin/drone/install/pythonpkg:/home/lin/drone/src/install/pythonpkg:/home/lin/ros/src/install/pypkg:/home/lin/ros/install/pypkg:/opt/ros/foxy /usr/bin/cmake --install /home/lin/drone/build/cpppkg
[3.976s] Level 1:colcon.colcon_core.environment:checking '/home/lin/drone/install/cpppkg' for CMake module files
[3.976s] Level 1:colcon.colcon_core.environment:checking '/home/lin/drone/install/cpppkg' for CMake config files
[3.977s] Level 1:colcon.colcon_core.shell:create_environment_hook('cpppkg', 'cmake_prefix_path')
[4.012s] INFO:colcon.colcon_core.shell:Creating environment hook '/home/lin/drone/install/cpppkg/share/cpppkg/hook/cmake_prefix_path.ps1'
[4.017s] INFO:colcon.colcon_core.shell:Creating environment descriptor '/home/lin/drone/install/cpppkg/share/cpppkg/hook/cmake_prefix_path.dsv'
[4.019s] INFO:colcon.colcon_core.shell:Creating environment hook '/home/lin/drone/install/cpppkg/share/cpppkg/hook/cmake_prefix_path.sh'
[4.020s] Level 1:colcon.colcon_core.environment:checking '/home/lin/drone/install/cpppkg/bin'
[4.020s] Level 1:colcon.colcon_core.environment:checking '/home/lin/drone/install/cpppkg/lib/pkgconfig/cpppkg.pc'
[4.020s] Level 1:colcon.colcon_core.environment:checking '/home/lin/drone/install/cpppkg/lib/python3.8/site-packages'
[4.020s] Level 1:colcon.colcon_core.environment:checking '/home/lin/drone/install/cpppkg/bin'
[4.056s] INFO:colcon.colcon_core.shell:Creating package script '/home/lin/drone/install/cpppkg/share/cpppkg/package.ps1'
[4.057s] INFO:colcon.colcon_core.shell:Creating package descriptor '/home/lin/drone/install/cpppkg/share/cpppkg/package.dsv'
[4.057s] INFO:colcon.colcon_core.shell:Creating package script '/home/lin/drone/install/cpppkg/share/cpppkg/package.sh'
[4.058s] INFO:colcon.colcon_core.shell:Creating package script '/home/lin/drone/install/cpppkg/share/cpppkg/package.bash'
[4.059s] INFO:colcon.colcon_core.shell:Creating package script '/home/lin/drone/install/cpppkg/share/cpppkg/package.zsh'
[4.059s] Level 1:colcon.colcon_core.environment:create_file_with_runtime_dependencies(/home/lin/drone/install/cpppkg/share/colcon-core/packages/cpppkg)
[4.121s] Level 1:colcon.colcon_core.environment:create_environment_scripts_only(cpppkg)
[4.162s] Level 1:colcon.colcon_core.environment:checking '/home/lin/drone/install/cpppkg' for CMake module files
[4.162s] Level 1:colcon.colcon_core.environment:checking '/home/lin/drone/install/cpppkg' for CMake config files
[4.162s] Level 1:colcon.colcon_core.shell:create_environment_hook('cpppkg', 'cmake_prefix_path')
[4.219s] INFO:colcon.colcon_core.shell:Creating environment hook '/home/lin/drone/install/cpppkg/share/cpppkg/hook/cmake_prefix_path.ps1'
[4.220s] INFO:colcon.colcon_core.shell:Creating environment descriptor '/home/lin/drone/install/cpppkg/share/cpppkg/hook/cmake_prefix_path.dsv'
[4.220s] INFO:colcon.colcon_core.shell:Creating environment hook '/home/lin/drone/install/cpppkg/share/cpppkg/hook/cmake_prefix_path.sh'
[4.220s] Level 1:colcon.colcon_core.environment:checking '/home/lin/drone/install/cpppkg/bin'
[4.221s] Level 1:colcon.colcon_core.environment:checking '/home/lin/drone/install/cpppkg/lib/pkgconfig/cpppkg.pc'
[4.221s] Level 1:colcon.colcon_core.environment:checking '/home/lin/drone/install/cpppkg/lib/python3.8/site-packages'
[4.221s] Level 1:colcon.colcon_core.environment:checking '/home/lin/drone/install/cpppkg/bin'
[4.261s] INFO:colcon.colcon_core.shell:Creating package script '/home/lin/drone/install/cpppkg/share/cpppkg/package.ps1'
[4.262s] INFO:colcon.colcon_core.shell:Creating package descriptor '/home/lin/drone/install/cpppkg/share/cpppkg/package.dsv'
[4.263s] INFO:colcon.colcon_core.shell:Creating package script '/home/lin/drone/install/cpppkg/share/cpppkg/package.sh'
[4.263s] INFO:colcon.colcon_core.shell:Creating package script '/home/lin/drone/install/cpppkg/share/cpppkg/package.bash'
[4.264s] INFO:colcon.colcon_core.shell:Creating package script '/home/lin/drone/install/cpppkg/share/cpppkg/package.zsh'
[4.264s] Level 1:colcon.colcon_core.environment:create_file_with_runtime_dependencies(/home/lin/drone/install/cpppkg/share/colcon-core/packages/cpppkg)
[4.270s] DEBUG:colcon.colcon_core.event_handler.log_command:Invoking command in '/home/lin/drone/src/pythonpkg': PYTHONPATH=/home/lin/drone/build/pythonpkg/prefix_override:/home/lin/drone/install/pythonpkg/lib/python3.8/site-packages:${PYTHONPATH} /usr/bin/python3 setup.py egg_info --egg-base ../../build/pythonpkg build --build-base /home/lin/drone/build/pythonpkg/build install --record /home/lin/drone/build/pythonpkg/install.log --install-scripts $base/lib/pythonpkg --single-version-externally-managed
[4.589s] DEBUG:colcon.colcon_core.event_handler.log_command:Invoked command in '/home/lin/drone/src/pythonpkg' returned '0': PYTHONPATH=/home/lin/drone/build/pythonpkg/prefix_override:/home/lin/drone/install/pythonpkg/lib/python3.8/site-packages:${PYTHONPATH} /usr/bin/python3 setup.py egg_info --egg-base ../../build/pythonpkg build --build-base /home/lin/drone/build/pythonpkg/build install --record /home/lin/drone/build/pythonpkg/install.log --install-scripts $base/lib/pythonpkg --single-version-externally-managed
[4.629s] Level 1:colcon.colcon_core.environment:checking '/home/lin/drone/install/pythonpkg' for CMake module files
[4.630s] Level 1:colcon.colcon_core.environment:checking '/home/lin/drone/install/pythonpkg' for CMake config files
[4.631s] Level 1:colcon.colcon_core.environment:checking '/home/lin/drone/install/pythonpkg/lib'
[4.632s] Level 1:colcon.colcon_core.environment:checking '/home/lin/drone/install/pythonpkg/bin'
[4.632s] Level 1:colcon.colcon_core.environment:checking '/home/lin/drone/install/pythonpkg/lib/pkgconfig/pythonpkg.pc'
[4.632s] Level 1:colcon.colcon_core.environment:checking '/home/lin/drone/install/pythonpkg/lib/python3.8/site-packages'
[4.632s] Level 1:colcon.colcon_core.shell:create_environment_hook('pythonpkg', 'pythonpath')
[4.667s] INFO:colcon.colcon_core.shell:Creating environment hook '/home/lin/drone/install/pythonpkg/share/pythonpkg/hook/pythonpath.ps1'
[4.667s] INFO:colcon.colcon_core.shell:Creating environment descriptor '/home/lin/drone/install/pythonpkg/share/pythonpkg/hook/pythonpath.dsv'
[4.668s] INFO:colcon.colcon_core.shell:Creating environment hook '/home/lin/drone/install/pythonpkg/share/pythonpkg/hook/pythonpath.sh'
[4.668s] Level 1:colcon.colcon_core.environment:checking '/home/lin/drone/install/pythonpkg/bin'
[4.668s] Level 1:colcon.colcon_core.environment:create_environment_scripts_only(pythonpkg)
[4.704s] INFO:colcon.colcon_core.shell:Creating package script '/home/lin/drone/install/pythonpkg/share/pythonpkg/package.ps1'
[4.704s] INFO:colcon.colcon_core.shell:Creating package descriptor '/home/lin/drone/install/pythonpkg/share/pythonpkg/package.dsv'
[4.705s] INFO:colcon.colcon_core.shell:Creating package script '/home/lin/drone/install/pythonpkg/share/pythonpkg/package.sh'
[4.706s] INFO:colcon.colcon_core.shell:Creating package script '/home/lin/drone/install/pythonpkg/share/pythonpkg/package.bash'
[4.706s] INFO:colcon.colcon_core.shell:Creating package script '/home/lin/drone/install/pythonpkg/share/pythonpkg/package.zsh'
[4.707s] Level 1:colcon.colcon_core.environment:create_file_with_runtime_dependencies(/home/lin/drone/install/pythonpkg/share/colcon-core/packages/pythonpkg)
[4.708s] DEBUG:colcon.colcon_parallel_executor.executor.parallel:closing loop
[4.708s] DEBUG:colcon.colcon_parallel_executor.executor.parallel:loop closed
[4.708s] DEBUG:colcon.colcon_parallel_executor.executor.parallel:run_until_complete finished with '0'
[4.708s] DEBUG:colcon.colcon_core.event_reactor:joining thread
[4.769s] INFO:colcon.colcon_core.plugin_system:Skipping extension 'colcon_notification.desktop_notification.terminal_notifier': Not used on non-Darwin systems
[4.769s] INFO:colcon.colcon_core.plugin_system:Skipping extension 'colcon_notification.desktop_notification.win32': Not used on non-Windows systems
[4.769s] INFO:colcon.colcon_notification.desktop_notification:Sending desktop notification using 'notify2'
[4.809s] DEBUG:colcon.colcon_core.event_reactor:joined thread
[4.866s] INFO:colcon.colcon_core.shell:Creating prefix script '/home/lin/drone/install/local_setup.ps1'
[4.867s] INFO:colcon.colcon_core.shell:Creating prefix util module '/home/lin/drone/install/_local_setup_util_ps1.py'
[4.869s] INFO:colcon.colcon_core.shell:Creating prefix chain script '/home/lin/drone/install/setup.ps1'
[4.943s] INFO:colcon.colcon_core.shell:Creating prefix script '/home/lin/drone/install/local_setup.sh'
[4.945s] INFO:colcon.colcon_core.shell:Creating prefix util module '/home/lin/drone/install/_local_setup_util_sh.py'
[4.946s] INFO:colcon.colcon_core.shell:Creating prefix chain script '/home/lin/drone/install/setup.sh'
[5.008s] INFO:colcon.colcon_core.shell:Creating prefix script '/home/lin/drone/install/local_setup.bash'
[5.008s] INFO:colcon.colcon_core.shell:Creating prefix chain script '/home/lin/drone/install/setup.bash'
[5.048s] INFO:colcon.colcon_core.shell:Creating prefix script '/home/lin/drone/install/local_setup.zsh'
[5.048s] INFO:colcon.colcon_core.shell:Creating prefix chain script '/home/lin/drone/install/setup.zsh'
