[1.964s] DEBUG:colcon:Command line arguments: ['/usr/bin/colcon', 'build']
[1.964s] DEBUG:colcon:Parsed command line arguments: Namespace(allow_overriding=[], ament_cmake_args=None, base_paths=['.'], build_base='build', catkin_cmake_args=None, catkin_skip_building_tests=False, cmake_args=None, cmake_clean_cache=False, cmake_clean_first=False, cmake_force_configure=False, cmake_target=None, cmake_target_skip_unavailable=False, continue_on_error=False, event_handlers=None, executor='parallel', ignore_user_meta=False, install_base='install', log_base=None, log_level=None, main=<bound method BuildVerb.main of <colcon_core.verb.build.BuildVerb object at 0x7f7b065fcc40>>, merge_install=False, metas=['./colcon.meta'], packages_above=None, packages_above_and_dependencies=None, packages_above_depth=None, packages_end=None, packages_ignore=None, packages_ignore_regex=None, packages_select=None, packages_select_build_failed=False, packages_select_by_dep=None, packages_select_regex=None, packages_select_test_failures=False, packages_skip=None, packages_skip_build_finished=False, packages_skip_by_dep=None, packages_skip_regex=None, packages_skip_test_passed=False, packages_skip_up_to=None, packages_start=None, packages_up_to=None, packages_up_to_regex=None, parallel_workers=4, paths=None, symlink_install=False, test_result_base=None, verb_extension=<colcon_core.verb.build.BuildVerb object at 0x7f7b065fcc40>, verb_name='build', verb_parser=<colcon_defaults.argument_parser.defaults.DefaultArgumentsDecorator object at 0x7f7b066083d0>)
[2.048s] Level 1:colcon.colcon_core.package_discovery:discover_packages(colcon_meta) check parameters
[2.049s] Level 1:colcon.colcon_core.package_discovery:discover_packages(recursive) check parameters
[2.049s] Level 1:colcon.colcon_core.package_discovery:discover_packages(ignore) check parameters
[2.049s] Level 1:colcon.colcon_core.package_discovery:discover_packages(path) check parameters
[2.049s] Level 1:colcon.colcon_core.package_discovery:discover_packages(colcon_meta) discover
[2.049s] Level 1:colcon.colcon_core.package_discovery:discover_packages(recursive) discover
[2.049s] INFO:colcon.colcon_core.package_discovery:Crawling recursively for packages in '/home/lin/drone/src'
[2.049s] Level 1:colcon.colcon_core.package_identification:_identify(.) by extensions ['ignore', 'ignore_ament_install']
[2.049s] Level 1:colcon.colcon_core.package_identification:_identify(.) by extension 'ignore'
[2.049s] Level 1:colcon.colcon_core.package_identification:_identify(.) by extension 'ignore_ament_install'
[2.049s] Level 1:colcon.colcon_core.package_identification:_identify(.) by extensions ['colcon_pkg']
[2.049s] Level 1:colcon.colcon_core.package_identification:_identify(.) by extension 'colcon_pkg'
[2.049s] Level 1:colcon.colcon_core.package_identification:_identify(.) by extensions ['colcon_meta']
[2.049s] Level 1:colcon.colcon_core.package_identification:_identify(.) by extension 'colcon_meta'
[2.049s] Level 1:colcon.colcon_core.package_identification:_identify(.) by extensions ['ros']
[2.049s] Level 1:colcon.colcon_core.package_identification:_identify(.) by extension 'ros'
[2.060s] Level 1:colcon.colcon_core.package_identification:_identify(.) by extensions ['cmake', 'python']
[2.060s] Level 1:colcon.colcon_core.package_identification:_identify(.) by extension 'cmake'
[2.060s] Level 1:colcon.colcon_core.package_identification:_identify(.) by extension 'python'
[2.060s] Level 1:colcon.colcon_core.package_identification:_identify(.) by extensions ['python_setup_py']
[2.060s] Level 1:colcon.colcon_core.package_identification:_identify(.) by extension 'python_setup_py'
[2.060s] Level 1:colcon.colcon_core.package_identification:_identify(build) by extensions ['ignore', 'ignore_ament_install']
[2.060s] Level 1:colcon.colcon_core.package_identification:_identify(build) by extension 'ignore'
[2.060s] Level 1:colcon.colcon_core.package_identification:_identify(build) ignored
[2.060s] Level 1:colcon.colcon_core.package_identification:_identify(cpppkg) by extensions ['ignore', 'ignore_ament_install']
[2.060s] Level 1:colcon.colcon_core.package_identification:_identify(cpppkg) by extension 'ignore'
[2.061s] Level 1:colcon.colcon_core.package_identification:_identify(cpppkg) by extension 'ignore_ament_install'
[2.061s] Level 1:colcon.colcon_core.package_identification:_identify(cpppkg) by extensions ['colcon_pkg']
[2.061s] Level 1:colcon.colcon_core.package_identification:_identify(cpppkg) by extension 'colcon_pkg'
[2.061s] Level 1:colcon.colcon_core.package_identification:_identify(cpppkg) by extensions ['colcon_meta']
[2.061s] Level 1:colcon.colcon_core.package_identification:_identify(cpppkg) by extension 'colcon_meta'
[2.061s] Level 1:colcon.colcon_core.package_identification:_identify(cpppkg) by extensions ['ros']
[2.061s] Level 1:colcon.colcon_core.package_identification:_identify(cpppkg) by extension 'ros'
[2.063s] DEBUG:colcon.colcon_core.package_identification:Package 'cpppkg' with type 'ros.ament_cmake' and name 'cpppkg'
[2.063s] Level 1:colcon.colcon_core.package_identification:_identify(install) by extensions ['ignore', 'ignore_ament_install']
[2.063s] Level 1:colcon.colcon_core.package_identification:_identify(install) by extension 'ignore'
[2.063s] Level 1:colcon.colcon_core.package_identification:_identify(install) ignored
[2.063s] Level 1:colcon.colcon_core.package_identification:_identify(log) by extensions ['ignore', 'ignore_ament_install']
[2.064s] Level 1:colcon.colcon_core.package_identification:_identify(log) by extension 'ignore'
[2.064s] Level 1:colcon.colcon_core.package_identification:_identify(log) ignored
[2.064s] Level 1:colcon.colcon_core.package_identification:_identify(pythonpkg) by extensions ['ignore', 'ignore_ament_install']
[2.064s] Level 1:colcon.colcon_core.package_identification:_identify(pythonpkg) by extension 'ignore'
[2.064s] Level 1:colcon.colcon_core.package_identification:_identify(pythonpkg) by extension 'ignore_ament_install'
[2.064s] Level 1:colcon.colcon_core.package_identification:_identify(pythonpkg) by extensions ['colcon_pkg']
[2.064s] Level 1:colcon.colcon_core.package_identification:_identify(pythonpkg) by extension 'colcon_pkg'
[2.064s] Level 1:colcon.colcon_core.package_identification:_identify(pythonpkg) by extensions ['colcon_meta']
[2.064s] Level 1:colcon.colcon_core.package_identification:_identify(pythonpkg) by extension 'colcon_meta'
[2.064s] Level 1:colcon.colcon_core.package_identification:_identify(pythonpkg) by extensions ['ros']
[2.064s] Level 1:colcon.colcon_core.package_identification:_identify(pythonpkg) by extension 'ros'
[2.065s] DEBUG:colcon.colcon_core.package_identification:Package 'pythonpkg' with type 'ros.ament_python' and name 'pythonpkg'
[2.065s] Level 1:colcon.colcon_core.package_discovery:discover_packages(recursive) using defaults
[2.065s] Level 1:colcon.colcon_core.package_discovery:discover_packages(ignore) discover
[2.065s] Level 1:colcon.colcon_core.package_discovery:discover_packages(ignore) using defaults
[2.065s] Level 1:colcon.colcon_core.package_discovery:discover_packages(path) discover
[2.065s] Level 1:colcon.colcon_core.package_discovery:discover_packages(path) using defaults
[2.241s] Level 1:colcon.colcon_core.package_discovery:discover_packages(prefix_path) check parameters
[2.242s] Level 1:colcon.colcon_core.package_discovery:discover_packages(prefix_path) discover
[2.307s] DEBUG:colcon.colcon_installed_package_information.package_discovery:Found 1 installed packages in /home/lin/ros/install
[2.340s] DEBUG:colcon.colcon_installed_package_information.package_discovery:Found 1 installed packages in /home/lin/ros/src/install
[2.379s] DEBUG:colcon.colcon_installed_package_information.package_discovery:Found 256 installed packages in /opt/ros/foxy
[2.380s] Level 1:colcon.colcon_core.package_discovery:discover_packages(prefix_path) using defaults
[2.523s] Level 5:colcon.colcon_core.verb:set package 'cpppkg' build argument 'cmake_args' from command line to 'None'
[2.523s] Level 5:colcon.colcon_core.verb:set package 'cpppkg' build argument 'cmake_target' from command line to 'None'
[2.524s] Level 5:colcon.colcon_core.verb:set package 'cpppkg' build argument 'cmake_target_skip_unavailable' from command line to 'False'
[2.524s] Level 5:colcon.colcon_core.verb:set package 'cpppkg' build argument 'cmake_clean_cache' from command line to 'False'
[2.524s] Level 5:colcon.colcon_core.verb:set package 'cpppkg' build argument 'cmake_clean_first' from command line to 'False'
[2.524s] Level 5:colcon.colcon_core.verb:set package 'cpppkg' build argument 'cmake_force_configure' from command line to 'False'
[2.524s] Level 5:colcon.colcon_core.verb:set package 'cpppkg' build argument 'ament_cmake_args' from command line to 'None'
[2.524s] Level 5:colcon.colcon_core.verb:set package 'cpppkg' build argument 'catkin_cmake_args' from command line to 'None'
[2.524s] Level 5:colcon.colcon_core.verb:set package 'cpppkg' build argument 'catkin_skip_building_tests' from command line to 'False'
[2.524s] DEBUG:colcon.colcon_core.verb:Building package 'cpppkg' with the following arguments: {'ament_cmake_args': None, 'build_base': '/home/lin/drone/src/build/cpppkg', 'catkin_cmake_args': None, 'catkin_skip_building_tests': False, 'cmake_args': None, 'cmake_clean_cache': False, 'cmake_clean_first': False, 'cmake_force_configure': False, 'cmake_target': None, 'cmake_target_skip_unavailable': False, 'install_base': '/home/lin/drone/src/install/cpppkg', 'merge_install': False, 'path': '/home/lin/drone/src/cpppkg', 'symlink_install': False, 'test_result_base': None}
[2.558s] Level 5:colcon.colcon_core.verb:set package 'pythonpkg' build argument 'cmake_args' from command line to 'None'
[2.558s] Level 5:colcon.colcon_core.verb:set package 'pythonpkg' build argument 'cmake_target' from command line to 'None'
[2.558s] Level 5:colcon.colcon_core.verb:set package 'pythonpkg' build argument 'cmake_target_skip_unavailable' from command line to 'False'
[2.558s] Level 5:colcon.colcon_core.verb:set package 'pythonpkg' build argument 'cmake_clean_cache' from command line to 'False'
[2.558s] Level 5:colcon.colcon_core.verb:set package 'pythonpkg' build argument 'cmake_clean_first' from command line to 'False'
[2.558s] Level 5:colcon.colcon_core.verb:set package 'pythonpkg' build argument 'cmake_force_configure' from command line to 'False'
[2.558s] Level 5:colcon.colcon_core.verb:set package 'pythonpkg' build argument 'ament_cmake_args' from command line to 'None'
[2.558s] Level 5:colcon.colcon_core.verb:set package 'pythonpkg' build argument 'catkin_cmake_args' from command line to 'None'
[2.558s] Level 5:colcon.colcon_core.verb:set package 'pythonpkg' build argument 'catkin_skip_building_tests' from command line to 'False'
[2.558s] DEBUG:colcon.colcon_core.verb:Building package 'pythonpkg' with the following arguments: {'ament_cmake_args': None, 'build_base': '/home/lin/drone/src/build/pythonpkg', 'catkin_cmake_args': None, 'catkin_skip_building_tests': False, 'cmake_args': None, 'cmake_clean_cache': False, 'cmake_clean_first': False, 'cmake_force_configure': False, 'cmake_target': None, 'cmake_target_skip_unavailable': False, 'install_base': '/home/lin/drone/src/install/pythonpkg', 'merge_install': False, 'path': '/home/lin/drone/src/pythonpkg', 'symlink_install': False, 'test_result_base': None}
[2.595s] INFO:colcon.colcon_core.executor:Executing jobs using 'parallel' executor
[2.628s] DEBUG:colcon.colcon_parallel_executor.executor.parallel:run_until_complete
[2.629s] INFO:colcon.colcon_ros.task.ament_cmake.build:Building ROS package in '/home/lin/drone/src/cpppkg' with build type 'ament_cmake'
[2.629s] INFO:colcon.colcon_cmake.task.cmake.build:Building CMake package in '/home/lin/drone/src/cpppkg'
[2.665s] INFO:colcon.colcon_core.plugin_system:Skipping extension 'colcon_core.shell.bat': Not used on non-Windows systems
[2.666s] INFO:colcon.colcon_core.shell:Skip shell extension 'powershell' for command environment: Not usable outside of PowerShell
[2.666s] DEBUG:colcon.colcon_core.shell:Skip shell extension 'dsv' for command environment
[2.850s] INFO:colcon.colcon_ros.task.ament_python.build:Building ROS package in '/home/lin/drone/src/pythonpkg' with build type 'ament_python'
[2.851s] Level 1:colcon.colcon_core.shell:create_environment_hook('pythonpkg', 'ament_prefix_path')
[2.894s] INFO:colcon.colcon_core.shell:Creating environment hook '/home/lin/drone/src/install/pythonpkg/share/pythonpkg/hook/ament_prefix_path.ps1'
[2.895s] INFO:colcon.colcon_core.shell:Creating environment descriptor '/home/lin/drone/src/install/pythonpkg/share/pythonpkg/hook/ament_prefix_path.dsv'
[2.896s] INFO:colcon.colcon_core.shell:Creating environment hook '/home/lin/drone/src/install/pythonpkg/share/pythonpkg/hook/ament_prefix_path.sh'
[2.934s] INFO:colcon.colcon_core.shell:Skip shell extension 'powershell' for command environment: Not usable outside of PowerShell
[2.934s] DEBUG:colcon.colcon_core.shell:Skip shell extension 'dsv' for command environment
[3.116s] DEBUG:colcon.colcon_core.event_handler.log_command:Invoking command in '/home/lin/drone/src/build/cpppkg': CMAKE_PREFIX_PATH=/home/lin/ros/src/install/pypkg:/home/lin/ros/install/pypkg:/opt/ros/foxy /usr/bin/cmake --build /home/lin/drone/src/build/cpppkg -- -j4 -l4
[3.335s] INFO:colcon.colcon_core.task.python.build:Building Python package in '/home/lin/drone/src/pythonpkg'
[3.370s] INFO:colcon.colcon_core.shell:Skip shell extension 'powershell' for command environment: Not usable outside of PowerShell
[3.370s] DEBUG:colcon.colcon_core.shell:Skip shell extension 'dsv' for command environment
[3.536s] DEBUG:colcon.colcon_core.event_handler.log_command:Invoked command in '/home/lin/drone/src/build/cpppkg' returned '0': CMAKE_PREFIX_PATH=/home/lin/ros/src/install/pypkg:/home/lin/ros/install/pypkg:/opt/ros/foxy /usr/bin/cmake --build /home/lin/drone/src/build/cpppkg -- -j4 -l4
[3.576s] DEBUG:colcon.colcon_core.event_handler.log_command:Invoking command in '/home/lin/drone/src/build/cpppkg': CMAKE_PREFIX_PATH=/home/lin/ros/src/install/pypkg:/home/lin/ros/install/pypkg:/opt/ros/foxy /usr/bin/cmake --install /home/lin/drone/src/build/cpppkg
[3.596s] Level 1:colcon.colcon_core.environment:create_environment_scripts_only(cpppkg)
[3.596s] DEBUG:colcon.colcon_core.event_handler.log_command:Invoked command in '/home/lin/drone/src/build/cpppkg' returned '0': CMAKE_PREFIX_PATH=/home/lin/ros/src/install/pypkg:/home/lin/ros/install/pypkg:/opt/ros/foxy /usr/bin/cmake --install /home/lin/drone/src/build/cpppkg
[3.633s] Level 1:colcon.colcon_core.environment:checking '/home/lin/drone/src/install/cpppkg' for CMake module files
[3.633s] Level 1:colcon.colcon_core.environment:checking '/home/lin/drone/src/install/cpppkg' for CMake config files
[3.634s] Level 1:colcon.colcon_core.shell:create_environment_hook('cpppkg', 'cmake_prefix_path')
[3.669s] INFO:colcon.colcon_core.shell:Creating environment hook '/home/lin/drone/src/install/cpppkg/share/cpppkg/hook/cmake_prefix_path.ps1'
[3.669s] INFO:colcon.colcon_core.shell:Creating environment descriptor '/home/lin/drone/src/install/cpppkg/share/cpppkg/hook/cmake_prefix_path.dsv'
[3.670s] INFO:colcon.colcon_core.shell:Creating environment hook '/home/lin/drone/src/install/cpppkg/share/cpppkg/hook/cmake_prefix_path.sh'
[3.670s] Level 1:colcon.colcon_core.environment:checking '/home/lin/drone/src/install/cpppkg/bin'
[3.670s] Level 1:colcon.colcon_core.environment:checking '/home/lin/drone/src/install/cpppkg/lib/pkgconfig/cpppkg.pc'
[3.671s] Level 1:colcon.colcon_core.environment:checking '/home/lin/drone/src/install/cpppkg/lib/python3.8/site-packages'
[3.671s] Level 1:colcon.colcon_core.environment:checking '/home/lin/drone/src/install/cpppkg/bin'
[3.710s] INFO:colcon.colcon_core.shell:Creating package script '/home/lin/drone/src/install/cpppkg/share/cpppkg/package.ps1'
[3.711s] INFO:colcon.colcon_core.shell:Creating package descriptor '/home/lin/drone/src/install/cpppkg/share/cpppkg/package.dsv'
[3.712s] INFO:colcon.colcon_core.shell:Creating package script '/home/lin/drone/src/install/cpppkg/share/cpppkg/package.sh'
[3.712s] INFO:colcon.colcon_core.shell:Creating package script '/home/lin/drone/src/install/cpppkg/share/cpppkg/package.bash'
[3.713s] INFO:colcon.colcon_core.shell:Creating package script '/home/lin/drone/src/install/cpppkg/share/cpppkg/package.zsh'
[3.714s] Level 1:colcon.colcon_core.environment:create_file_with_runtime_dependencies(/home/lin/drone/src/install/cpppkg/share/colcon-core/packages/cpppkg)
[3.774s] Level 1:colcon.colcon_core.environment:create_environment_scripts_only(cpppkg)
[3.813s] Level 1:colcon.colcon_core.environment:checking '/home/lin/drone/src/install/cpppkg' for CMake module files
[3.813s] Level 1:colcon.colcon_core.environment:checking '/home/lin/drone/src/install/cpppkg' for CMake config files
[3.813s] Level 1:colcon.colcon_core.shell:create_environment_hook('cpppkg', 'cmake_prefix_path')
[3.847s] INFO:colcon.colcon_core.shell:Creating environment hook '/home/lin/drone/src/install/cpppkg/share/cpppkg/hook/cmake_prefix_path.ps1'
[3.848s] INFO:colcon.colcon_core.shell:Creating environment descriptor '/home/lin/drone/src/install/cpppkg/share/cpppkg/hook/cmake_prefix_path.dsv'
[3.848s] INFO:colcon.colcon_core.shell:Creating environment hook '/home/lin/drone/src/install/cpppkg/share/cpppkg/hook/cmake_prefix_path.sh'
[3.849s] Level 1:colcon.colcon_core.environment:checking '/home/lin/drone/src/install/cpppkg/bin'
[3.849s] Level 1:colcon.colcon_core.environment:checking '/home/lin/drone/src/install/cpppkg/lib/pkgconfig/cpppkg.pc'
[3.849s] Level 1:colcon.colcon_core.environment:checking '/home/lin/drone/src/install/cpppkg/lib/python3.8/site-packages'
[3.849s] Level 1:colcon.colcon_core.environment:checking '/home/lin/drone/src/install/cpppkg/bin'
[3.884s] INFO:colcon.colcon_core.shell:Creating package script '/home/lin/drone/src/install/cpppkg/share/cpppkg/package.ps1'
[3.884s] INFO:colcon.colcon_core.shell:Creating package descriptor '/home/lin/drone/src/install/cpppkg/share/cpppkg/package.dsv'
[3.885s] INFO:colcon.colcon_core.shell:Creating package script '/home/lin/drone/src/install/cpppkg/share/cpppkg/package.sh'
[3.885s] INFO:colcon.colcon_core.shell:Creating package script '/home/lin/drone/src/install/cpppkg/share/cpppkg/package.bash'
[3.886s] INFO:colcon.colcon_core.shell:Creating package script '/home/lin/drone/src/install/cpppkg/share/cpppkg/package.zsh'
[3.886s] Level 1:colcon.colcon_core.environment:create_file_with_runtime_dependencies(/home/lin/drone/src/install/cpppkg/share/colcon-core/packages/cpppkg)
[3.956s] DEBUG:colcon.colcon_core.event_handler.log_command:Invoking command in '/home/lin/drone/src/pythonpkg': PYTHONPATH=/home/lin/drone/src/build/pythonpkg/prefix_override:/home/lin/drone/src/install/pythonpkg/lib/python3.8/site-packages:${PYTHONPATH} /usr/bin/python3 setup.py egg_info --egg-base ../build/pythonpkg build --build-base /home/lin/drone/src/build/pythonpkg/build install --record /home/lin/drone/src/build/pythonpkg/install.log --install-scripts $base/lib/pythonpkg --single-version-externally-managed
[4.269s] DEBUG:colcon.colcon_core.event_handler.log_command:Invoked command in '/home/lin/drone/src/pythonpkg' returned '0': PYTHONPATH=/home/lin/drone/src/build/pythonpkg/prefix_override:/home/lin/drone/src/install/pythonpkg/lib/python3.8/site-packages:${PYTHONPATH} /usr/bin/python3 setup.py egg_info --egg-base ../build/pythonpkg build --build-base /home/lin/drone/src/build/pythonpkg/build install --record /home/lin/drone/src/build/pythonpkg/install.log --install-scripts $base/lib/pythonpkg --single-version-externally-managed
[4.308s] Level 1:colcon.colcon_core.environment:checking '/home/lin/drone/src/install/pythonpkg' for CMake module files
[4.309s] Level 1:colcon.colcon_core.environment:checking '/home/lin/drone/src/install/pythonpkg' for CMake config files
[4.309s] Level 1:colcon.colcon_core.environment:checking '/home/lin/drone/src/install/pythonpkg/lib'
[4.310s] Level 1:colcon.colcon_core.environment:checking '/home/lin/drone/src/install/pythonpkg/bin'
[4.310s] Level 1:colcon.colcon_core.environment:checking '/home/lin/drone/src/install/pythonpkg/lib/pkgconfig/pythonpkg.pc'
[4.310s] Level 1:colcon.colcon_core.environment:checking '/home/lin/drone/src/install/pythonpkg/lib/python3.8/site-packages'
[4.310s] Level 1:colcon.colcon_core.shell:create_environment_hook('pythonpkg', 'pythonpath')
[4.344s] INFO:colcon.colcon_core.shell:Creating environment hook '/home/lin/drone/src/install/pythonpkg/share/pythonpkg/hook/pythonpath.ps1'
[4.345s] INFO:colcon.colcon_core.shell:Creating environment descriptor '/home/lin/drone/src/install/pythonpkg/share/pythonpkg/hook/pythonpath.dsv'
[4.345s] INFO:colcon.colcon_core.shell:Creating environment hook '/home/lin/drone/src/install/pythonpkg/share/pythonpkg/hook/pythonpath.sh'
[4.346s] Level 1:colcon.colcon_core.environment:checking '/home/lin/drone/src/install/pythonpkg/bin'
[4.346s] Level 1:colcon.colcon_core.environment:create_environment_scripts_only(pythonpkg)
[4.380s] INFO:colcon.colcon_core.shell:Creating package script '/home/lin/drone/src/install/pythonpkg/share/pythonpkg/package.ps1'
[4.380s] INFO:colcon.colcon_core.shell:Creating package descriptor '/home/lin/drone/src/install/pythonpkg/share/pythonpkg/package.dsv'
[4.381s] INFO:colcon.colcon_core.shell:Creating package script '/home/lin/drone/src/install/pythonpkg/share/pythonpkg/package.sh'
[4.382s] INFO:colcon.colcon_core.shell:Creating package script '/home/lin/drone/src/install/pythonpkg/share/pythonpkg/package.bash'
[4.382s] INFO:colcon.colcon_core.shell:Creating package script '/home/lin/drone/src/install/pythonpkg/share/pythonpkg/package.zsh'
[4.383s] Level 1:colcon.colcon_core.environment:create_file_with_runtime_dependencies(/home/lin/drone/src/install/pythonpkg/share/colcon-core/packages/pythonpkg)
[4.383s] DEBUG:colcon.colcon_parallel_executor.executor.parallel:closing loop
[4.384s] DEBUG:colcon.colcon_parallel_executor.executor.parallel:loop closed
[4.384s] DEBUG:colcon.colcon_parallel_executor.executor.parallel:run_until_complete finished with '0'
[4.384s] DEBUG:colcon.colcon_core.event_reactor:joining thread
[4.435s] INFO:colcon.colcon_core.plugin_system:Skipping extension 'colcon_notification.desktop_notification.terminal_notifier': Not used on non-Darwin systems
[4.435s] INFO:colcon.colcon_core.plugin_system:Skipping extension 'colcon_notification.desktop_notification.win32': Not used on non-Windows systems
[4.435s] INFO:colcon.colcon_notification.desktop_notification:Sending desktop notification using 'notify2'
[4.465s] DEBUG:colcon.colcon_core.event_reactor:joined thread
[4.533s] INFO:colcon.colcon_core.shell:Creating prefix script '/home/lin/drone/src/install/local_setup.ps1'
[4.534s] INFO:colcon.colcon_core.shell:Creating prefix util module '/home/lin/drone/src/install/_local_setup_util_ps1.py'
[4.540s] INFO:colcon.colcon_core.shell:Creating prefix chain script '/home/lin/drone/src/install/setup.ps1'
[4.601s] INFO:colcon.colcon_core.shell:Creating prefix script '/home/lin/drone/src/install/local_setup.sh'
[4.602s] INFO:colcon.colcon_core.shell:Creating prefix util module '/home/lin/drone/src/install/_local_setup_util_sh.py'
[4.602s] INFO:colcon.colcon_core.shell:Creating prefix chain script '/home/lin/drone/src/install/setup.sh'
[4.653s] INFO:colcon.colcon_core.shell:Creating prefix script '/home/lin/drone/src/install/local_setup.bash'
[4.654s] INFO:colcon.colcon_core.shell:Creating prefix chain script '/home/lin/drone/src/install/setup.bash'
[4.699s] INFO:colcon.colcon_core.shell:Creating prefix script '/home/lin/drone/src/install/local_setup.zsh'
[4.700s] INFO:colcon.colcon_core.shell:Creating prefix chain script '/home/lin/drone/src/install/setup.zsh'
