running egg_info
writing ../build/pythonpkg/pythonpkg.egg-info/PKG-INFO
writing dependency_links to ../build/pythonpkg/pythonpkg.egg-info/dependency_links.txt
writing entry points to ../build/pythonpkg/pythonpkg.egg-info/entry_points.txt
writing requirements to ../build/pythonpkg/pythonpkg.egg-info/requires.txt
writing top-level names to ../build/pythonpkg/pythonpkg.egg-info/top_level.txt
reading manifest file '../build/pythonpkg/pythonpkg.egg-info/SOURCES.txt'
writing manifest file '../build/pythonpkg/pythonpkg.egg-info/SOURCES.txt'
running build
running build_py
copying pythonpkg/camera_node.py -> /home/lin/drone/src/build/pythonpkg/build/lib/pythonpkg
running install
running install_lib
copying /home/lin/drone/src/build/pythonpkg/build/lib/pythonpkg/camera_node.py -> /home/lin/drone/src/install/pythonpkg/lib/python3.8/site-packages/pythonpkg
byte-compiling /home/lin/drone/src/install/pythonpkg/lib/python3.8/site-packages/pythonpkg/camera_node.py to camera_node.cpython-38.pyc
running install_data
running install_egg_info
removing '/home/lin/drone/src/install/pythonpkg/lib/python3.8/site-packages/pythonpkg-0.0.0-py3.8.egg-info' (and everything under it)
Copying ../build/pythonpkg/pythonpkg.egg-info to /home/lin/drone/src/install/pythonpkg/lib/python3.8/site-packages/pythonpkg-0.0.0-py3.8.egg-info
running install_scripts
Installing camera_node script to /home/lin/drone/src/install/pythonpkg/lib/pythonpkg
Installing flight_controller_node script to /home/lin/drone/src/install/pythonpkg/lib/pythonpkg
writing list of installed files to '/home/lin/drone/src/build/pythonpkg/install.log'
