[0.476s] Invoking command in '/home/lin/drone/src/build/cpppkg': CMAKE_PREFIX_PATH=/home/lin/ros/src/install/pypkg:/home/lin/ros/install/pypkg:/opt/ros/foxy /usr/bin/cmake /home/lin/drone/src/cpppkg -DCMAKE_INSTALL_PREFIX=/home/lin/drone/src/install/cpppkg
[0.531s] -- The C compiler identification is GNU 9.4.0
[0.591s] -- The CXX compiler identification is GNU 9.4.0
[0.596s] -- Check for working C compiler: /usr/bin/cc
[0.676s] -- Check for working C compiler: /usr/bin/cc -- works
[0.676s] -- Detecting C compiler ABI info
[0.748s] -- Detecting C compiler ABI info - done
[0.760s] -- Detecting C compile features
[0.761s] -- Detecting C compile features - done
[0.766s] -- Check for working CXX compiler: /usr/bin/c++
[0.851s] -- Check for working CXX compiler: /usr/bin/c++ -- works
[0.873s] -- Detecting CXX compiler ABI info
[0.943s] -- Detecting CXX compiler ABI info - done
[0.954s] -- Detecting CXX compile features
[0.954s] -- Detecting CXX compile features - done
[0.956s] -- Found ament_cmake: 0.9.12 (/opt/ros/foxy/share/ament_cmake/cmake)
[0.990s] -- Found PythonInterp: /usr/bin/python3 (found suitable version "3.8.10", minimum required is "3") 
[0.990s] -- Using PYTHON_EXECUTABLE: /usr/bin/python3
[1.198s] -- Found rclcpp: 2.4.3 (/opt/ros/foxy/share/rclcpp/cmake)
[1.240s] -- Using all available rosidl_typesupport_c: rosidl_typesupport_fastrtps_c;rosidl_typesupport_introspection_c
[1.247s] -- Found rosidl_adapter: 1.3.1 (/opt/ros/foxy/share/rosidl_adapter/cmake)
[1.332s] -- Found OpenSSL: /usr/lib/x86_64-linux-gnu/libcrypto.so (found version "1.1.1f")  
[1.358s] -- Found FastRTPS: /opt/ros/foxy/include  
[1.438s] -- Using all available rosidl_typesupport_cpp: rosidl_typesupport_fastrtps_cpp;rosidl_typesupport_introspection_cpp
[1.498s] -- Found rmw_implementation_cmake: 1.0.4 (/opt/ros/foxy/share/rmw_implementation_cmake/cmake)
[1.500s] -- Using RMW implementation 'rmw_fastrtps_cpp' as default
[1.501s] -- Looking for pthread.h
[1.587s] -- Looking for pthread.h - found
[1.587s] -- Performing Test CMAKE_HAVE_LIBC_PTHREAD
[1.677s] -- Performing Test CMAKE_HAVE_LIBC_PTHREAD - Failed
[1.678s] -- Looking for pthread_create in pthreads
[1.739s] -- Looking for pthread_create in pthreads - not found
[1.740s] -- Looking for pthread_create in pthread
[1.876s] -- Looking for pthread_create in pthread - found
[1.877s] -- Found Threads: TRUE  
[2.033s] -- Found ament_lint_auto: 0.9.8 (/opt/ros/foxy/share/ament_lint_auto/cmake)
[2.110s] -- Added test 'copyright' to check source files copyright and LICENSE
[2.111s] -- Added test 'lint_cmake' to check CMake code style
[2.113s] -- Added test 'xmllint' to check XML markup files
[2.116s] -- Configuring done
[2.118s] -- Generating done
[2.119s] -- Build files have been written to: /home/lin/drone/src/build/cpppkg
[2.126s] Invoked command in '/home/lin/drone/src/build/cpppkg' returned '0': CMAKE_PREFIX_PATH=/home/lin/ros/src/install/pypkg:/home/lin/ros/install/pypkg:/opt/ros/foxy /usr/bin/cmake /home/lin/drone/src/cpppkg -DCMAKE_INSTALL_PREFIX=/home/lin/drone/src/install/cpppkg
[2.130s] Invoking command in '/home/lin/drone/src/build/cpppkg': CMAKE_PREFIX_PATH=/home/lin/ros/src/install/pypkg:/home/lin/ros/install/pypkg:/opt/ros/foxy /usr/bin/cmake --build /home/lin/drone/src/build/cpppkg -- -j4 -l4
[2.175s] Invoked command in '/home/lin/drone/src/build/cpppkg' returned '0': CMAKE_PREFIX_PATH=/home/lin/ros/src/install/pypkg:/home/lin/ros/install/pypkg:/opt/ros/foxy /usr/bin/cmake --build /home/lin/drone/src/build/cpppkg -- -j4 -l4
[2.212s] Invoking command in '/home/lin/drone/src/build/cpppkg': CMAKE_PREFIX_PATH=/home/lin/ros/src/install/pypkg:/home/lin/ros/install/pypkg:/opt/ros/foxy /usr/bin/cmake --install /home/lin/drone/src/build/cpppkg
[2.225s] -- Install configuration: ""
[2.225s] -- Installing: /home/lin/drone/src/install/cpppkg/share/ament_index/resource_index/package_run_dependencies/cpppkg
[2.225s] -- Installing: /home/lin/drone/src/install/cpppkg/share/ament_index/resource_index/parent_prefix_path/cpppkg
[2.226s] -- Installing: /home/lin/drone/src/install/cpppkg/share/cpppkg/environment/ament_prefix_path.sh
[2.226s] -- Installing: /home/lin/drone/src/install/cpppkg/share/cpppkg/environment/ament_prefix_path.dsv
[2.226s] -- Installing: /home/lin/drone/src/install/cpppkg/share/cpppkg/environment/path.sh
[2.226s] -- Installing: /home/lin/drone/src/install/cpppkg/share/cpppkg/environment/path.dsv
[2.226s] -- Installing: /home/lin/drone/src/install/cpppkg/share/cpppkg/local_setup.bash
[2.227s] -- Installing: /home/lin/drone/src/install/cpppkg/share/cpppkg/local_setup.sh
[2.227s] -- Installing: /home/lin/drone/src/install/cpppkg/share/cpppkg/local_setup.zsh
[2.227s] -- Installing: /home/lin/drone/src/install/cpppkg/share/cpppkg/local_setup.dsv
[2.227s] -- Installing: /home/lin/drone/src/install/cpppkg/share/cpppkg/package.dsv
[2.227s] -- Installing: /home/lin/drone/src/install/cpppkg/share/ament_index/resource_index/packages/cpppkg
[2.227s] -- Installing: /home/lin/drone/src/install/cpppkg/share/cpppkg/cmake/cpppkgConfig.cmake
[2.228s] -- Installing: /home/lin/drone/src/install/cpppkg/share/cpppkg/cmake/cpppkgConfig-version.cmake
[2.228s] -- Installing: /home/lin/drone/src/install/cpppkg/share/cpppkg/package.xml
[2.229s] Invoked command in '/home/lin/drone/src/build/cpppkg' returned '0': CMAKE_PREFIX_PATH=/home/lin/ros/src/install/pypkg:/home/lin/ros/install/pypkg:/opt/ros/foxy /usr/bin/cmake --install /home/lin/drone/src/build/cpppkg
