[0.708s] Invoking command in '/home/lin/drone/src/build/cpppkg': CMAKE_PREFIX_PATH=${CMAKE_PREFIX_PATH}:/home/lin/drone/install/pythonpkg:/home/lin/drone/src/install/pythonpkg:/home/lin/ros/src/install/pypkg:/home/lin/ros/install/pypkg:/opt/ros/foxy /usr/bin/cmake --build /home/lin/drone/src/build/cpppkg -- -j4 -l4
[1.259s] Invoked command in '/home/lin/drone/src/build/cpppkg' returned '0': CMAKE_PREFIX_PATH=${CMAKE_PREFIX_PATH}:/home/lin/drone/install/pythonpkg:/home/lin/drone/src/install/pythonpkg:/home/lin/ros/src/install/pypkg:/home/lin/ros/install/pypkg:/opt/ros/foxy /usr/bin/cmake --build /home/lin/drone/src/build/cpppkg -- -j4 -l4
[1.310s] Invoking command in '/home/lin/drone/src/build/cpppkg': CMAKE_PREFIX_PATH=${CMAKE_PREFIX_PATH}:/home/lin/drone/install/pythonpkg:/home/lin/drone/src/install/pythonpkg:/home/lin/ros/src/install/pypkg:/home/lin/ros/install/pypkg:/opt/ros/foxy /usr/bin/cmake --install /home/lin/drone/src/build/cpppkg
[1.323s] -- Install configuration: ""
[1.323s] -- Up-to-date: /home/lin/drone/src/install/cpppkg/share/ament_index/resource_index/package_run_dependencies/cpppkg
[1.323s] -- Up-to-date: /home/lin/drone/src/install/cpppkg/share/ament_index/resource_index/parent_prefix_path/cpppkg
[1.323s] -- Up-to-date: /home/lin/drone/src/install/cpppkg/share/cpppkg/environment/ament_prefix_path.sh
[1.323s] -- Up-to-date: /home/lin/drone/src/install/cpppkg/share/cpppkg/environment/ament_prefix_path.dsv
[1.323s] -- Up-to-date: /home/lin/drone/src/install/cpppkg/share/cpppkg/environment/path.sh
[1.323s] -- Up-to-date: /home/lin/drone/src/install/cpppkg/share/cpppkg/environment/path.dsv
[1.323s] -- Up-to-date: /home/lin/drone/src/install/cpppkg/share/cpppkg/local_setup.bash
[1.324s] -- Up-to-date: /home/lin/drone/src/install/cpppkg/share/cpppkg/local_setup.sh
[1.324s] -- Up-to-date: /home/lin/drone/src/install/cpppkg/share/cpppkg/local_setup.zsh
[1.324s] -- Up-to-date: /home/lin/drone/src/install/cpppkg/share/cpppkg/local_setup.dsv
[1.324s] -- Installing: /home/lin/drone/src/install/cpppkg/share/cpppkg/package.dsv
[1.324s] -- Up-to-date: /home/lin/drone/src/install/cpppkg/share/ament_index/resource_index/packages/cpppkg
[1.324s] -- Up-to-date: /home/lin/drone/src/install/cpppkg/share/cpppkg/cmake/cpppkgConfig.cmake
[1.324s] -- Up-to-date: /home/lin/drone/src/install/cpppkg/share/cpppkg/cmake/cpppkgConfig-version.cmake
[1.324s] -- Up-to-date: /home/lin/drone/src/install/cpppkg/share/cpppkg/package.xml
[1.327s] Invoked command in '/home/lin/drone/src/build/cpppkg' returned '0': CMAKE_PREFIX_PATH=${CMAKE_PREFIX_PATH}:/home/lin/drone/install/pythonpkg:/home/lin/drone/src/install/pythonpkg:/home/lin/ros/src/install/pypkg:/home/lin/ros/install/pypkg:/opt/ros/foxy /usr/bin/cmake --install /home/lin/drone/src/build/cpppkg
