[1.407s] Invoking command in '/home/lin/drone/src/pythonpkg': PYTHONPATH=/home/lin/drone/build/pythonpkg/prefix_override:/home/lin/drone/install/pythonpkg/lib/python3.8/site-packages:${PYTHONPATH} /usr/bin/python3 setup.py egg_info --egg-base ../../build/pythonpkg build --build-base /home/lin/drone/build/pythonpkg/build install --record /home/lin/drone/build/pythonpkg/install.log --install-scripts $base/lib/pythonpkg --single-version-externally-managed
[1.711s] running egg_info
[1.712s] writing ../../build/pythonpkg/pythonpkg.egg-info/PKG-INFO
[1.712s] writing dependency_links to ../../build/pythonpkg/pythonpkg.egg-info/dependency_links.txt
[1.712s] writing entry points to ../../build/pythonpkg/pythonpkg.egg-info/entry_points.txt
[1.713s] writing requirements to ../../build/pythonpkg/pythonpkg.egg-info/requires.txt
[1.713s] writing top-level names to ../../build/pythonpkg/pythonpkg.egg-info/top_level.txt
[1.746s] reading manifest file '../../build/pythonpkg/pythonpkg.egg-info/SOURCES.txt'
[1.747s] writing manifest file '../../build/pythonpkg/pythonpkg.egg-info/SOURCES.txt'
[1.747s] running build
[1.747s] running build_py
[1.748s] copying pythonpkg/camera_node.py -> /home/lin/drone/build/pythonpkg/build/lib/pythonpkg
[1.748s] running install
[1.749s] running install_lib
[1.750s] copying /home/lin/drone/build/pythonpkg/build/lib/pythonpkg/camera_node.py -> /home/lin/drone/install/pythonpkg/lib/python3.8/site-packages/pythonpkg
[1.751s] byte-compiling /home/lin/drone/install/pythonpkg/lib/python3.8/site-packages/pythonpkg/camera_node.py to camera_node.cpython-38.pyc
[1.752s] running install_data
[1.753s] copying package.xml -> /home/lin/drone/install/pythonpkg/share/pythonpkg
[1.753s] running install_egg_info
[1.754s] removing '/home/lin/drone/install/pythonpkg/lib/python3.8/site-packages/pythonpkg-0.0.0-py3.8.egg-info' (and everything under it)
[1.755s] Copying ../../build/pythonpkg/pythonpkg.egg-info to /home/lin/drone/install/pythonpkg/lib/python3.8/site-packages/pythonpkg-0.0.0-py3.8.egg-info
[1.756s] running install_scripts
[1.781s] Installing camera_node script to /home/lin/drone/install/pythonpkg/lib/pythonpkg
[1.782s] Installing flight_controller_node script to /home/lin/drone/install/pythonpkg/lib/pythonpkg
[1.783s] writing list of installed files to '/home/lin/drone/build/pythonpkg/install.log'
[1.808s] Invoked command in '/home/lin/drone/src/pythonpkg' returned '0': PYTHONPATH=/home/lin/drone/build/pythonpkg/prefix_override:/home/lin/drone/install/pythonpkg/lib/python3.8/site-packages:${PYTHONPATH} /usr/bin/python3 setup.py egg_info --egg-base ../../build/pythonpkg build --build-base /home/lin/drone/build/pythonpkg/build install --record /home/lin/drone/build/pythonpkg/install.log --install-scripts $base/lib/pythonpkg --single-version-externally-managed
