[0.630s] Invoking command in '/home/lin/drone/src/build/cpppkg': CMAKE_PREFIX_PATH=${CMAKE_PREFIX_PATH}:/home/lin/drone/src/install/pythonpkg:/home/lin/drone/install/pythonpkg:/home/lin/ros/install/pypkg:/home/lin/ros/src/install/pypkg:/opt/ros/foxy /usr/bin/cmake --build /home/lin/drone/src/build/cpppkg -- -j4 -l4
[1.151s] -- Found ament_cmake: 0.9.12 (/opt/ros/foxy/share/ament_cmake/cmake)
[1.154s] -- Using PYTHON_EXECUTABLE: /usr/bin/python3
[1.155s] -- Found rclcpp: 2.4.3 (/opt/ros/foxy/share/rclcpp/cmake)
[1.155s] -- Using all available rosidl_typesupport_c: rosidl_typesupport_fastrtps_c;rosidl_typesupport_introspection_c
[1.155s] -- Found rosidl_adapter: 1.3.1 (/opt/ros/foxy/share/rosidl_adapter/cmake)
[1.155s] -- Using all available rosidl_typesupport_cpp: rosidl_typesupport_fastrtps_cpp;rosidl_typesupport_introspection_cpp
[1.155s] -- Found rmw_implementation_cmake: 1.0.4 (/opt/ros/foxy/share/rmw_implementation_cmake/cmake)
[1.155s] -- Using RMW implementation 'rmw_fastrtps_cpp' as default
[1.276s] -- Found example_interfaces: 0.9.1 (/opt/ros/foxy/share/example_interfaces/cmake)
[1.431s] -- Found ament_lint_auto: 0.9.8 (/opt/ros/foxy/share/ament_lint_auto/cmake)
[1.503s] -- Added test 'copyright' to check source files copyright and LICENSE
[1.504s] -- Added test 'cppcheck' to perform static code analysis on C / C++ code
[1.505s] -- Configured cppcheck include dirs: 
[1.505s] -- Configured cppcheck exclude dirs and/or files: 
[1.506s] -- Added test 'cpplint' to check C / C++ code against the Google style
[1.506s] -- Configured cpplint exclude dirs and/or files: 
[1.507s] -- Added test 'lint_cmake' to check CMake code style
[1.507s] -- Added test 'uncrustify' to check C / C++ code style
[1.507s] -- Configured uncrustify additional arguments: 
[1.508s] -- Added test 'xmllint' to check XML markup files
[1.511s] -- Configuring done
[1.524s] -- Generating done
[1.525s] -- Build files have been written to: /home/lin/drone/src/build/cpppkg
[1.556s] [35m[1mScanning dependencies of target drone_imu[0m
[1.729s] [ 50%] [32mBuilding CXX object CMakeFiles/drone_imu.dir/src/drone_imu.cpp.o[0m
[5.364s] [100%] [32m[1mLinking CXX executable drone_imu[0m
[5.626s] [100%] Built target drone_imu
[5.642s] Invoked command in '/home/lin/drone/src/build/cpppkg' returned '0': CMAKE_PREFIX_PATH=${CMAKE_PREFIX_PATH}:/home/lin/drone/src/install/pythonpkg:/home/lin/drone/install/pythonpkg:/home/lin/ros/install/pypkg:/home/lin/ros/src/install/pypkg:/opt/ros/foxy /usr/bin/cmake --build /home/lin/drone/src/build/cpppkg -- -j4 -l4
[5.686s] Invoking command in '/home/lin/drone/src/build/cpppkg': CMAKE_PREFIX_PATH=${CMAKE_PREFIX_PATH}:/home/lin/drone/src/install/pythonpkg:/home/lin/drone/install/pythonpkg:/home/lin/ros/install/pypkg:/home/lin/ros/src/install/pypkg:/opt/ros/foxy /usr/bin/cmake --install /home/lin/drone/src/build/cpppkg
[5.694s] -- Install configuration: ""
[5.695s] -- Installing: /home/lin/drone/src/install/cpppkg/lib/cpppkg/drone_imu
[5.696s] -- Set runtime path of "/home/lin/drone/src/install/cpppkg/lib/cpppkg/drone_imu" to ""
[5.696s] -- Installing: /home/lin/drone/src/install/cpppkg/share/ament_index/resource_index/package_run_dependencies/cpppkg
[5.696s] -- Installing: /home/lin/drone/src/install/cpppkg/share/ament_index/resource_index/parent_prefix_path/cpppkg
[5.697s] -- Up-to-date: /home/lin/drone/src/install/cpppkg/share/cpppkg/environment/ament_prefix_path.sh
[5.697s] -- Installing: /home/lin/drone/src/install/cpppkg/share/cpppkg/environment/ament_prefix_path.dsv
[5.697s] -- Up-to-date: /home/lin/drone/src/install/cpppkg/share/cpppkg/environment/path.sh
[5.697s] -- Installing: /home/lin/drone/src/install/cpppkg/share/cpppkg/environment/path.dsv
[5.697s] -- Up-to-date: /home/lin/drone/src/install/cpppkg/share/cpppkg/local_setup.bash
[5.697s] -- Up-to-date: /home/lin/drone/src/install/cpppkg/share/cpppkg/local_setup.sh
[5.697s] -- Up-to-date: /home/lin/drone/src/install/cpppkg/share/cpppkg/local_setup.zsh
[5.697s] -- Installing: /home/lin/drone/src/install/cpppkg/share/cpppkg/local_setup.dsv
[5.697s] -- Installing: /home/lin/drone/src/install/cpppkg/share/cpppkg/package.dsv
[5.698s] -- Up-to-date: /home/lin/drone/src/install/cpppkg/share/ament_index/resource_index/packages/cpppkg
[5.699s] -- Up-to-date: /home/lin/drone/src/install/cpppkg/share/cpppkg/cmake/cpppkgConfig.cmake
[5.699s] -- Up-to-date: /home/lin/drone/src/install/cpppkg/share/cpppkg/cmake/cpppkgConfig-version.cmake
[5.699s] -- Installing: /home/lin/drone/src/install/cpppkg/share/cpppkg/package.xml
[5.701s] Invoked command in '/home/lin/drone/src/build/cpppkg' returned '0': CMAKE_PREFIX_PATH=${CMAKE_PREFIX_PATH}:/home/lin/drone/src/install/pythonpkg:/home/lin/drone/install/pythonpkg:/home/lin/ros/install/pypkg:/home/lin/ros/src/install/pypkg:/opt/ros/foxy /usr/bin/cmake --install /home/lin/drone/src/build/cpppkg
