[1.657s] Invoking command in '/home/lin/drone/src/pythonpkg': PYTHONPATH=/home/lin/drone/src/build/pythonpkg/prefix_override:/home/lin/drone/src/install/pythonpkg/lib/python3.8/site-packages:${PYTHONPATH} /usr/bin/python3 setup.py egg_info --egg-base ../build/pythonpkg build --build-base /home/lin/drone/src/build/pythonpkg/build install --record /home/lin/drone/src/build/pythonpkg/install.log --install-scripts $base/lib/pythonpkg --single-version-externally-managed
[1.937s] running egg_info
[1.937s] writing ../build/pythonpkg/pythonpkg.egg-info/PKG-INFO
[1.938s] writing dependency_links to ../build/pythonpkg/pythonpkg.egg-info/dependency_links.txt
[1.938s] writing entry points to ../build/pythonpkg/pythonpkg.egg-info/entry_points.txt
[1.938s] writing requirements to ../build/pythonpkg/pythonpkg.egg-info/requires.txt
[1.938s] writing top-level names to ../build/pythonpkg/pythonpkg.egg-info/top_level.txt
[1.974s] reading manifest file '../build/pythonpkg/pythonpkg.egg-info/SOURCES.txt'
[1.975s] writing manifest file '../build/pythonpkg/pythonpkg.egg-info/SOURCES.txt'
[1.975s] running build
[1.975s] running build_py
[1.975s] running install
[1.976s] running install_lib
[1.978s] running install_data
[1.979s] running install_egg_info
[1.982s] removing '/home/lin/drone/src/install/pythonpkg/lib/python3.8/site-packages/pythonpkg-0.0.0-py3.8.egg-info' (and everything under it)
[1.982s] Copying ../build/pythonpkg/pythonpkg.egg-info to /home/lin/drone/src/install/pythonpkg/lib/python3.8/site-packages/pythonpkg-0.0.0-py3.8.egg-info
[1.983s] running install_scripts
[2.003s] Installing camera_node script to /home/lin/drone/src/install/pythonpkg/lib/pythonpkg
[2.003s] Installing flight_controller_node script to /home/lin/drone/src/install/pythonpkg/lib/pythonpkg
[2.004s] writing list of installed files to '/home/lin/drone/src/build/pythonpkg/install.log'
[2.037s] Invoked command in '/home/lin/drone/src/pythonpkg' returned '0': PYTHONPATH=/home/lin/drone/src/build/pythonpkg/prefix_override:/home/lin/drone/src/install/pythonpkg/lib/python3.8/site-packages:${PYTHONPATH} /usr/bin/python3 setup.py egg_info --egg-base ../build/pythonpkg build --build-base /home/lin/drone/src/build/pythonpkg/build install --record /home/lin/drone/src/build/pythonpkg/install.log --install-scripts $base/lib/pythonpkg --single-version-externally-managed
