[1.270s] Invoking command in '/home/lin/drone/src/pythonpkg': PYTHONPATH=/home/lin/drone/src/build/pythonpkg/prefix_override:/home/lin/drone/src/install/pythonpkg/lib/python3.8/site-packages:${PYTHONPATH} /usr/bin/python3 setup.py egg_info --egg-base ../build/pythonpkg build --build-base /home/lin/drone/src/build/pythonpkg/build install --record /home/lin/drone/src/build/pythonpkg/install.log --install-scripts $base/lib/pythonpkg --single-version-externally-managed
[1.519s] running egg_info
[1.520s] writing ../build/pythonpkg/pythonpkg.egg-info/PKG-INFO
[1.520s] writing dependency_links to ../build/pythonpkg/pythonpkg.egg-info/dependency_links.txt
[1.520s] writing entry points to ../build/pythonpkg/pythonpkg.egg-info/entry_points.txt
[1.520s] writing requirements to ../build/pythonpkg/pythonpkg.egg-info/requires.txt
[1.520s] writing top-level names to ../build/pythonpkg/pythonpkg.egg-info/top_level.txt
[1.554s] reading manifest file '../build/pythonpkg/pythonpkg.egg-info/SOURCES.txt'
[1.555s] writing manifest file '../build/pythonpkg/pythonpkg.egg-info/SOURCES.txt'
[1.555s] running build
[1.555s] running build_py
[1.555s] copying pythonpkg/flight_controller_node.py -> /home/lin/drone/src/build/pythonpkg/build/lib/pythonpkg
[1.555s] copying pythonpkg/camera_node.py -> /home/lin/drone/src/build/pythonpkg/build/lib/pythonpkg
[1.556s] copying pythonpkg/husky_imu_node.py -> /home/lin/drone/src/build/pythonpkg/build/lib/pythonpkg
[1.556s] running install
[1.557s] running install_lib
[1.558s] copying /home/lin/drone/src/build/pythonpkg/build/lib/pythonpkg/flight_controller_node.py -> /home/lin/drone/src/install/pythonpkg/lib/python3.8/site-packages/pythonpkg
[1.558s] copying /home/lin/drone/src/build/pythonpkg/build/lib/pythonpkg/camera_node.py -> /home/lin/drone/src/install/pythonpkg/lib/python3.8/site-packages/pythonpkg
[1.558s] copying /home/lin/drone/src/build/pythonpkg/build/lib/pythonpkg/husky_imu_node.py -> /home/lin/drone/src/install/pythonpkg/lib/python3.8/site-packages/pythonpkg
[1.559s] byte-compiling /home/lin/drone/src/install/pythonpkg/lib/python3.8/site-packages/pythonpkg/flight_controller_node.py to flight_controller_node.cpython-38.pyc
[1.560s] byte-compiling /home/lin/drone/src/install/pythonpkg/lib/python3.8/site-packages/pythonpkg/camera_node.py to camera_node.cpython-38.pyc
[1.560s] byte-compiling /home/lin/drone/src/install/pythonpkg/lib/python3.8/site-packages/pythonpkg/husky_imu_node.py to husky_imu_node.cpython-38.pyc
[1.561s] running install_data
[1.561s] copying package.xml -> /home/lin/drone/src/install/pythonpkg/share/pythonpkg
[1.561s] running install_egg_info
[1.563s] removing '/home/lin/drone/src/install/pythonpkg/lib/python3.8/site-packages/pythonpkg-0.0.0-py3.8.egg-info' (and everything under it)
[1.563s] Copying ../build/pythonpkg/pythonpkg.egg-info to /home/lin/drone/src/install/pythonpkg/lib/python3.8/site-packages/pythonpkg-0.0.0-py3.8.egg-info
[1.564s] running install_scripts
[1.589s] Installing camera_node script to /home/lin/drone/src/install/pythonpkg/lib/pythonpkg
[1.589s] Installing flight_controller_node script to /home/lin/drone/src/install/pythonpkg/lib/pythonpkg
[1.589s] writing list of installed files to '/home/lin/drone/src/build/pythonpkg/install.log'
[1.611s] Invoked command in '/home/lin/drone/src/pythonpkg' returned '0': PYTHONPATH=/home/lin/drone/src/build/pythonpkg/prefix_override:/home/lin/drone/src/install/pythonpkg/lib/python3.8/site-packages:${PYTHONPATH} /usr/bin/python3 setup.py egg_info --egg-base ../build/pythonpkg build --build-base /home/lin/drone/src/build/pythonpkg/build install --record /home/lin/drone/src/build/pythonpkg/install.log --install-scripts $base/lib/pythonpkg --single-version-externally-managed
